Transmissao de Arquivo => Store: 1 TERMINAL: 1 Envio: System.Net.WebException: The remote name could not be resolved: 'mvconectorc000020160112000000634600000001conveniomovimento.rar'
   at System.Net.FtpWebRequest.EndGetRequestStream(IAsyncResult asyncResult)
   at Examples.System.Net.AsynchronousFtpUpLoader.EndGetStreamCallback(IAsyncResult ar) in c:\project vs 2013_home\conectorNew\cupomImport.cs:line 812 Processamento: 13-01-2016 15:11:58 Versao EXE.1.0.57 Versao Banco1.0.57
Transmissao de Arquivo => Store: 1 TERMINAL: 1 Envio: System.Net.WebException: The remote name could not be resolved: 'mvconectorc000020160112000000634600000001cupom_cabecalho.rar'
   at System.Net.FtpWebRequest.EndGetRequestStream(IAsyncResult asyncResult)
   at Examples.System.Net.AsynchronousFtpUpLoader.EndGetStreamCallback(IAsyncResult ar) in c:\project vs 2013_home\conectorNew\cupomImport.cs:line 812 Processamento: 13-01-2016 15:11:58 Versao EXE.1.0.57 Versao Banco1.0.57
Transmissao de Arquivo => Store: 1 TERMINAL: 1 Envio: System.Net.WebException: The remote name could not be resolved: 'mvconectorc000020160112000000634700000001cupom_cabecalho.rar'
   at System.Net.FtpWebRequest.EndGetRequestStream(IAsyncResult asyncResult)
   at Examples.System.Net.AsynchronousFtpUpLoader.EndGetStreamCallback(IAsyncResult ar) in c:\project vs 2013_home\conectorNew\cupomImport.cs:line 812 Processamento: 13-01-2016 15:11:58 Versao EXE.1.0.57 Versao Banco1.0.57
Transmissao de Arquivo => Store: 1 TERMINAL: 1 Envio: System.Net.WebException: The remote name could not be resolved: 'mvconectorc000020160112000000634800000001conveniomovimento.rar'
   at System.Net.FtpWebRequest.EndGetRequestStream(IAsyncResult asyncResult)
   at Examples.System.Net.AsynchronousFtpUpLoader.EndGetStreamCallback(IAsyncResult ar) in c:\project vs 2013_home\conectorNew\cupomImport.cs:line 812 Processamento: 13-01-2016 15:11:58 Versao EXE.1.0.57 Versao Banco1.0.57
Transmissao de Arquivo => Store: 1 TERMINAL: 1 Envio: System.Net.WebException: The remote name could not be resolved: 'mvconectorc000020160112000000634800000001cupom_cabecalho.rar'
   at System.Net.FtpWebRequest.EndGetRequestStream(IAsyncResult asyncResult)
   at Examples.System.Net.AsynchronousFtpUpLoader.EndGetStreamCallback(IAsyncResult ar) in c:\project vs 2013_home\conectorNew\cupomImport.cs:line 812 Processamento: 13-01-2016 15:11:58 Versao EXE.1.0.57 Versao Banco1.0.57
Transmissao de Arquivo => Store: 1 TERMINAL: 1 Envio: System.Net.WebException: The remote name could not be resolved: 'mvconectorc000020160112000000634900000001cupom_cabecalho.rar'
   at System.Net.FtpWebRequest.EndGetRequestStream(IAsyncResult asyncResult)
   at Examples.System.Net.AsynchronousFtpUpLoader.EndGetStreamCallback(IAsyncResult ar) in c:\project vs 2013_home\conectorNew\cupomImport.cs:line 812 Processamento: 13-01-2016 15:11:58 Versao EXE.1.0.57 Versao Banco1.0.57
Transmissao de Arquivo => Store: 1 TERMINAL: 1 Envio: System.Net.WebException: The remote name could not be resolved: 'mvconectorc000020160112000000635000000001cupom_cabecalho.rar'
   at System.Net.FtpWebRequest.EndGetRequestStream(IAsyncResult asyncResult)
   at Examples.System.Net.AsynchronousFtpUpLoader.EndGetStreamCallback(IAsyncResult ar) in c:\project vs 2013_home\conectorNew\cupomImport.cs:line 812 Processamento: 13-01-2016 15:11:59 Versao EXE.1.0.57 Versao Banco1.0.57
Transmissao de Arquivo => Store: 1 TERMINAL: 1 Envio: System.Net.WebException: The remote name could not be resolved: 'mvconectorc000020160112000000635100000001conveniomovimento.rar'
   at System.Net.FtpWebRequest.EndGetRequestStream(IAsyncResult asyncResult)
   at Examples.System.Net.AsynchronousFtpUpLoader.EndGetStreamCallback(IAsyncResult ar) in c:\project vs 2013_home\conectorNew\cupomImport.cs:line 812 Processamento: 13-01-2016 15:11:59 Versao EXE.1.0.57 Versao Banco1.0.57
Transmissao de Arquivo => Store: 1 TERMINAL: 1 Envio: System.Net.WebException: The remote name could not be resolved: 'mvconectorc000020160112000000635100000001cupom_cabecalho.rar'
   at System.Net.FtpWebRequest.EndGetRequestStream(IAsyncResult asyncResult)
   at Examples.System.Net.AsynchronousFtpUpLoader.EndGetStreamCallback(IAsyncResult ar) in c:\project vs 2013_home\conectorNew\cupomImport.cs:line 812 Processamento: 13-01-2016 15:11:59 Versao EXE.1.0.57 Versao Banco1.0.57
Transmissao de Arquivo => Store: 1 TERMINAL: 1 Envio: System.Net.WebException: The remote name could not be resolved: 'mvconectorc000020160112000000635300000001conveniomovimento.rar'
   at System.Net.FtpWebRequest.EndGetRequestStream(IAsyncResult asyncResult)
   at Examples.System.Net.AsynchronousFtpUpLoader.EndGetStreamCallback(IAsyncResult ar) in c:\project vs 2013_home\conectorNew\cupomImport.cs:line 812 Processamento: 13-01-2016 15:11:59 Versao EXE.1.0.57 Versao Banco1.0.57
Transmissao de Arquivo => Store: 1 TERMINAL: 1 Envio: System.Net.WebException: The remote name could not be resolved: 'mvconectorc000020160112000000635300000001cupom_cabecalho.rar'
   at System.Net.FtpWebRequest.EndGetRequestStream(IAsyncResult asyncResult)
   at Examples.System.Net.AsynchronousFtpUpLoader.EndGetStreamCallback(IAsyncResult ar) in c:\project vs 2013_home\conectorNew\cupomImport.cs:line 812 Processamento: 13-01-2016 15:11:59 Versao EXE.1.0.57 Versao Banco1.0.57
Transmissao de Arquivo => Store: 1 TERMINAL: 1 Envio: System.Net.WebException: The remote name could not be resolved: 'mvconectorc000020160112000000635500000001conveniomovimento.rar'
   at System.Net.FtpWebRequest.EndGetRequestStream(IAsyncResult asyncResult)
   at Examples.System.Net.AsynchronousFtpUpLoader.EndGetStreamCallback(IAsyncResult ar) in c:\project vs 2013_home\conectorNew\cupomImport.cs:line 812 Processamento: 13-01-2016 15:12:00 Versao EXE.1.0.57 Versao Banco1.0.57
Transmissao de Arquivo => Store: 1 TERMINAL: 1 Envio: System.Net.WebException: The remote name could not be resolved: 'mvconectorc000020160112000000635500000001cupom_cabecalho.rar'
   at System.Net.FtpWebRequest.EndGetRequestStream(IAsyncResult asyncResult)
   at Examples.System.Net.AsynchronousFtpUpLoader.EndGetStreamCallback(IAsyncResult ar) in c:\project vs 2013_home\conectorNew\cupomImport.cs:line 812 Processamento: 13-01-2016 15:12:00 Versao EXE.1.0.57 Versao Banco1.0.57
Transmissao de Arquivo => Store: 1 TERMINAL: 1 Envio: System.Net.WebException: The remote name could not be resolved: 'mvconectorc000020160112000000635700000001conveniomovimento.rar'
   at System.Net.FtpWebRequest.EndGetRequestStream(IAsyncResult asyncResult)
   at Examples.System.Net.AsynchronousFtpUpLoader.EndGetStreamCallback(IAsyncResult ar) in c:\project vs 2013_home\conectorNew\cupomImport.cs:line 812 Processamento: 13-01-2016 15:12:00 Versao EXE.1.0.57 Versao Banco1.0.57
Transmissao de Arquivo => Store: 1 TERMINAL: 1 Envio: System.Net.WebException: The remote name could not be resolved: 'mvconectorc000020160112000000635700000001cupom_cabecalho.rar'
   at System.Net.FtpWebRequest.EndGetRequestStream(IAsyncResult asyncResult)
   at Examples.System.Net.AsynchronousFtpUpLoader.EndGetStreamCallback(IAsyncResult ar) in c:\project vs 2013_home\conectorNew\cupomImport.cs:line 812 Processamento: 13-01-2016 15:12:00 Versao EXE.1.0.57 Versao Banco1.0.57
Transmissao de Arquivo => Store: 1 TERMINAL: 1 Envio: System.Net.WebException: The remote name could not be resolved: 'mvconectorc000020160112000000635900000001conveniomovimento.rar'
   at System.Net.FtpWebRequest.EndGetRequestStream(IAsyncResult asyncResult)
   at Examples.System.Net.AsynchronousFtpUpLoader.EndGetStreamCallback(IAsyncResult ar) in c:\project vs 2013_home\conectorNew\cupomImport.cs:line 812 Processamento: 13-01-2016 15:12:01 Versao EXE.1.0.57 Versao Banco1.0.57
Transmissao de Arquivo => Store: 1 TERMINAL: 1 Envio: System.Net.WebException: The remote name could not be resolved: 'mvconectorc000020160112000000635900000001cupom_cabecalho.rar'
   at System.Net.FtpWebRequest.EndGetRequestStream(IAsyncResult asyncResult)
   at Examples.System.Net.AsynchronousFtpUpLoader.EndGetStreamCallback(IAsyncResult ar) in c:\project vs 2013_home\conectorNew\cupomImport.cs:line 812 Processamento: 13-01-2016 15:12:01 Versao EXE.1.0.57 Versao Banco1.0.57
Transmissao de Arquivo => Store: 1 TERMINAL: 1 Envio: System.Net.WebException: The remote name could not be resolved: 'mvconectorc000020160113000000636600000001cupom_cabecalho.bat'
   at System.Net.FtpWebRequest.EndGetRequestStream(IAsyncResult asyncResult)
   at Examples.System.Net.AsynchronousFtpUpLoader.EndGetStreamCallback(IAsyncResult ar) in c:\project vs 2013_home\conectorNew\cupomImport.cs:line 812 Processamento: 13-01-2016 15:12:01 Versao EXE.1.0.57 Versao Banco1.0.57
Transmissao de Arquivo => Store: 1 TERMINAL: 1 Envio: System.Net.WebException: The remote name could not be resolved: 'mvconectorc000020160113000000636600000001cupom_cabecalho.rar'
   at System.Net.FtpWebRequest.EndGetRequestStream(IAsyncResult asyncResult)
   at Examples.System.Net.AsynchronousFtpUpLoader.EndGetStreamCallback(IAsyncResult ar) in c:\project vs 2013_home\conectorNew\cupomImport.cs:line 812 Processamento: 13-01-2016 15:12:01 Versao EXE.1.0.57 Versao Banco1.0.57
Transmissao de Arquivo => Store: 1 TERMINAL: 1 Envio: System.Net.WebException: The remote name could not be resolved: 'mvconectorc000020160113000000636700000001cupom_cabecalho.rar'
   at System.Net.FtpWebRequest.EndGetRequestStream(IAsyncResult asyncResult)
   at Examples.System.Net.AsynchronousFtpUpLoader.EndGetStreamCallback(IAsyncResult ar) in c:\project vs 2013_home\conectorNew\cupomImport.cs:line 812 Processamento: 13-01-2016 15:12:02 Versao EXE.1.0.57 Versao Banco1.0.57
Transmissao de Arquivo => Store: 1 TERMINAL: 1 Envio: System.Net.WebException: The remote name could not be resolved: 'mvconectorc000020160113000000636800000001cupom_cabecalho.rar'
   at System.Net.FtpWebRequest.EndGetRequestStream(IAsyncResult asyncResult)
   at Examples.System.Net.AsynchronousFtpUpLoader.EndGetStreamCallback(IAsyncResult ar) in c:\project vs 2013_home\conectorNew\cupomImport.cs:line 812 Processamento: 13-01-2016 15:12:02 Versao EXE.1.0.57 Versao Banco1.0.57
Transmissao de Arquivo => Store: 1 TERMINAL: 1 Envio: System.Net.WebException: The remote name could not be resolved: 'mvconectorc000020160113000000636900000001cupom_cabecalho.rar'
   at System.Net.FtpWebRequest.EndGetRequestStream(IAsyncResult asyncResult)
   at Examples.System.Net.AsynchronousFtpUpLoader.EndGetStreamCallback(IAsyncResult ar) in c:\project vs 2013_home\conectorNew\cupomImport.cs:line 812 Processamento: 13-01-2016 15:12:02 Versao EXE.1.0.57 Versao Banco1.0.57
Transmissao de Arquivo => Store: 1 TERMINAL: 1 Envio: System.Net.WebException: The remote name could not be resolved: 'mvconectorc000020160113000000637000000001cupom_cabecalho.rar'
   at System.Net.FtpWebRequest.EndGetRequestStream(IAsyncResult asyncResult)
   at Examples.System.Net.AsynchronousFtpUpLoader.EndGetStreamCallback(IAsyncResult ar) in c:\project vs 2013_home\conectorNew\cupomImport.cs:line 812 Processamento: 13-01-2016 15:12:03 Versao EXE.1.0.57 Versao Banco1.0.57
Transmissao de Arquivo => Store: 1 TERMINAL: 1 Envio: System.Net.WebException: The remote name could not be resolved: 'mvconectorc000020160113000000637100000001conveniomovimento.rar'
   at System.Net.FtpWebRequest.EndGetRequestStream(IAsyncResult asyncResult)
   at Examples.System.Net.AsynchronousFtpUpLoader.EndGetStreamCallback(IAsyncResult ar) in c:\project vs 2013_home\conectorNew\cupomImport.cs:line 812 Processamento: 13-01-2016 15:12:03 Versao EXE.1.0.57 Versao Banco1.0.57
Transmissao de Arquivo => Store: 1 TERMINAL: 1 Envio: System.Net.WebException: The remote name could not be resolved: 'mvconectorc000020160113000000637100000001cupom_cabecalho.rar'
   at System.Net.FtpWebRequest.EndGetRequestStream(IAsyncResult asyncResult)
   at Examples.System.Net.AsynchronousFtpUpLoader.EndGetStreamCallback(IAsyncResult ar) in c:\project vs 2013_home\conectorNew\cupomImport.cs:line 812 Processamento: 13-01-2016 15:12:03 Versao EXE.1.0.57 Versao Banco1.0.57
Transmissao de Arquivo => Store: 1 TERMINAL: 1 Envio: System.Net.WebException: The remote name could not be resolved: 'mvconectorc000020160113000000637300000001cupom_cabecalho.rar'
   at System.Net.FtpWebRequest.EndGetRequestStream(IAsyncResult asyncResult)
   at Examples.System.Net.AsynchronousFtpUpLoader.EndGetStreamCallback(IAsyncResult ar) in c:\project vs 2013_home\conectorNew\cupomImport.cs:line 812 Processamento: 13-01-2016 15:12:03 Versao EXE.1.0.57 Versao Banco1.0.57
Transmissao de Arquivo => Store: 1 TERMINAL: 1 Envio: System.Net.WebException: The remote name could not be resolved: 'mvconectord000120160112000000634600000001cupom_detalhes.rar'
   at System.Net.FtpWebRequest.EndGetRequestStream(IAsyncResult asyncResult)
   at Examples.System.Net.AsynchronousFtpUpLoader.EndGetStreamCallback(IAsyncResult ar) in c:\project vs 2013_home\conectorNew\cupomImport.cs:line 812 Processamento: 13-01-2016 15:12:04 Versao EXE.1.0.57 Versao Banco1.0.57
Transmissao de Arquivo => Store: 1 TERMINAL: 1 Envio: System.Net.WebException: The remote name could not be resolved: 'mvconectord000120160112000000634700000001cupom_detalhes.rar'
   at System.Net.FtpWebRequest.EndGetRequestStream(IAsyncResult asyncResult)
   at Examples.System.Net.AsynchronousFtpUpLoader.EndGetStreamCallback(IAsyncResult ar) in c:\project vs 2013_home\conectorNew\cupomImport.cs:line 812 Processamento: 13-01-2016 15:12:04 Versao EXE.1.0.57 Versao Banco1.0.57
Transmissao de Arquivo => Store: 1 TERMINAL: 1 Envio: System.Net.WebException: The remote name could not be resolved: 'mvconectord000120160112000000634800000001cupom_detalhes.rar'
   at System.Net.FtpWebRequest.EndGetRequestStream(IAsyncResult asyncResult)
   at Examples.System.Net.AsynchronousFtpUpLoader.EndGetStreamCallback(IAsyncResult ar) in c:\project vs 2013_home\conectorNew\cupomImport.cs:line 812 Processamento: 13-01-2016 15:12:04 Versao EXE.1.0.57 Versao Banco1.0.57
Transmissao de Arquivo => Store: 1 TERMINAL: 1 Envio: System.Net.WebException: The remote name could not be resolved: 'mvconectord000120160112000000634900000001cupom_detalhes.rar'
   at System.Net.FtpWebRequest.EndGetRequestStream(IAsyncResult asyncResult)
   at Examples.System.Net.AsynchronousFtpUpLoader.EndGetStreamCallback(IAsyncResult ar) in c:\project vs 2013_home\conectorNew\cupomImport.cs:line 812 Processamento: 13-01-2016 15:12:04 Versao EXE.1.0.57 Versao Banco1.0.57
Transmissao de Arquivo => Store: 1 TERMINAL: 1 Envio: System.Net.WebException: The remote name could not be resolved: 'mvconectord000120160112000000635000000001cupom_detalhes.rar'
   at System.Net.FtpWebRequest.EndGetRequestStream(IAsyncResult asyncResult)
   at Examples.System.Net.AsynchronousFtpUpLoader.EndGetStreamCallback(IAsyncResult ar) in c:\project vs 2013_home\conectorNew\cupomImport.cs:line 812 Processamento: 13-01-2016 15:12:04 Versao EXE.1.0.57 Versao Banco1.0.57
Transmissao de Arquivo => Store: 1 TERMINAL: 1 Envio: System.Net.WebException: The remote name could not be resolved: 'mvconectord000120160112000000635100000001cupom_detalhes.rar'
   at System.Net.FtpWebRequest.EndGetRequestStream(IAsyncResult asyncResult)
   at Examples.System.Net.AsynchronousFtpUpLoader.EndGetStreamCallback(IAsyncResult ar) in c:\project vs 2013_home\conectorNew\cupomImport.cs:line 812 Processamento: 13-01-2016 15:12:05 Versao EXE.1.0.57 Versao Banco1.0.57
Transmissao de Arquivo => Store: 1 TERMINAL: 1 Envio: System.Net.WebException: The remote name could not be resolved: 'mvconectord000120160112000000635300000001cupom_detalhes.rar'
   at System.Net.FtpWebRequest.EndGetRequestStream(IAsyncResult asyncResult)
   at Examples.System.Net.AsynchronousFtpUpLoader.EndGetStreamCallback(IAsyncResult ar) in c:\project vs 2013_home\conectorNew\cupomImport.cs:line 812 Processamento: 13-01-2016 15:12:05 Versao EXE.1.0.57 Versao Banco1.0.57
Transmissao de Arquivo => Store: 1 TERMINAL: 1 Envio: System.Net.WebException: The remote name could not be resolved: 'mvconectord000120160112000000635500000001cupom_detalhes.rar'
   at System.Net.FtpWebRequest.EndGetRequestStream(IAsyncResult asyncResult)
   at Examples.System.Net.AsynchronousFtpUpLoader.EndGetStreamCallback(IAsyncResult ar) in c:\project vs 2013_home\conectorNew\cupomImport.cs:line 812 Processamento: 13-01-2016 15:12:05 Versao EXE.1.0.57 Versao Banco1.0.57
Transmissao de Arquivo => Store: 1 TERMINAL: 1 Envio: System.Net.WebException: The remote name could not be resolved: 'mvconectord000120160112000000635700000001cupom_detalhes.rar'
   at System.Net.FtpWebRequest.EndGetRequestStream(IAsyncResult asyncResult)
   at Examples.System.Net.AsynchronousFtpUpLoader.EndGetStreamCallback(IAsyncResult ar) in c:\project vs 2013_home\conectorNew\cupomImport.cs:line 812 Processamento: 13-01-2016 15:12:05 Versao EXE.1.0.57 Versao Banco1.0.57
Transmissao de Arquivo => Store: 1 TERMINAL: 1 Envio: System.Net.WebException: The remote name could not be resolved: 'mvconectord000120160112000000635900000001cupom_detalhes.rar'
   at System.Net.FtpWebRequest.EndGetRequestStream(IAsyncResult asyncResult)
   at Examples.System.Net.AsynchronousFtpUpLoader.EndGetStreamCallback(IAsyncResult ar) in c:\project vs 2013_home\conectorNew\cupomImport.cs:line 812 Processamento: 13-01-2016 15:12:06 Versao EXE.1.0.57 Versao Banco1.0.57
Transmissao de Arquivo => Store: 1 TERMINAL: 1 Envio: System.Net.WebException: The remote name could not be resolved: 'mvconectord000120160113000000636600000001cupom_detalhes.rar'
   at System.Net.FtpWebRequest.EndGetRequestStream(IAsyncResult asyncResult)
   at Examples.System.Net.AsynchronousFtpUpLoader.EndGetStreamCallback(IAsyncResult ar) in c:\project vs 2013_home\conectorNew\cupomImport.cs:line 812 Processamento: 13-01-2016 15:12:06 Versao EXE.1.0.57 Versao Banco1.0.57
Transmissao de Arquivo => Store: 1 TERMINAL: 1 Envio: System.Net.WebException: The remote name could not be resolved: 'mvconectord000120160113000000636700000001cupom_detalhes.rar'
   at System.Net.FtpWebRequest.EndGetRequestStream(IAsyncResult asyncResult)
   at Examples.System.Net.AsynchronousFtpUpLoader.EndGetStreamCallback(IAsyncResult ar) in c:\project vs 2013_home\conectorNew\cupomImport.cs:line 812 Processamento: 13-01-2016 15:12:06 Versao EXE.1.0.57 Versao Banco1.0.57
Transmissao de Arquivo => Store: 1 TERMINAL: 1 Envio: System.Net.WebException: The remote name could not be resolved: 'mvconectord000120160113000000636800000001cupom_detalhes.rar'
   at System.Net.FtpWebRequest.EndGetRequestStream(IAsyncResult asyncResult)
   at Examples.System.Net.AsynchronousFtpUpLoader.EndGetStreamCallback(IAsyncResult ar) in c:\project vs 2013_home\conectorNew\cupomImport.cs:line 812 Processamento: 13-01-2016 15:12:06 Versao EXE.1.0.57 Versao Banco1.0.57
Transmissao de Arquivo => Store: 1 TERMINAL: 1 Envio: System.Net.WebException: The remote name could not be resolved: 'mvconectord000120160113000000636900000001cupom_detalhes.rar'
   at System.Net.FtpWebRequest.EndGetRequestStream(IAsyncResult asyncResult)
   at Examples.System.Net.AsynchronousFtpUpLoader.EndGetStreamCallback(IAsyncResult ar) in c:\project vs 2013_home\conectorNew\cupomImport.cs:line 812 Processamento: 13-01-2016 15:12:06 Versao EXE.1.0.57 Versao Banco1.0.57
Transmissao de Arquivo => Store: 1 TERMINAL: 1 Envio: System.Net.WebException: The remote name could not be resolved: 'mvconectord000120160113000000637000000001cupom_detalhes.rar'
   at System.Net.FtpWebRequest.EndGetRequestStream(IAsyncResult asyncResult)
   at Examples.System.Net.AsynchronousFtpUpLoader.EndGetStreamCallback(IAsyncResult ar) in c:\project vs 2013_home\conectorNew\cupomImport.cs:line 812 Processamento: 13-01-2016 15:12:07 Versao EXE.1.0.57 Versao Banco1.0.57
Transmissao de Arquivo => Store: 1 TERMINAL: 1 Envio: System.Net.WebException: The remote name could not be resolved: 'mvconectord000120160113000000637100000001cupom_detalhes.rar'
   at System.Net.FtpWebRequest.EndGetRequestStream(IAsyncResult asyncResult)
   at Examples.System.Net.AsynchronousFtpUpLoader.EndGetStreamCallback(IAsyncResult ar) in c:\project vs 2013_home\conectorNew\cupomImport.cs:line 812 Processamento: 13-01-2016 15:12:07 Versao EXE.1.0.57 Versao Banco1.0.57
Transmissao de Arquivo => Store: 1 TERMINAL: 1 Envio: System.Net.WebException: The remote name could not be resolved: 'mvconectord000120160113000000637300000001cupom_detalhes.rar'
   at System.Net.FtpWebRequest.EndGetRequestStream(IAsyncResult asyncResult)
   at Examples.System.Net.AsynchronousFtpUpLoader.EndGetStreamCallback(IAsyncResult ar) in c:\project vs 2013_home\conectorNew\cupomImport.cs:line 812 Processamento: 13-01-2016 15:12:07 Versao EXE.1.0.57 Versao Banco1.0.57
Transmissao de Arquivo => Store: 1 TERMINAL: 1 Envio: System.Net.WebException: The remote name could not be resolved: 'mvconectord000220160112000000634800000001cupom_detalhes.rar'
   at System.Net.FtpWebRequest.EndGetRequestStream(IAsyncResult asyncResult)
   at Examples.System.Net.AsynchronousFtpUpLoader.EndGetStreamCallback(IAsyncResult ar) in c:\project vs 2013_home\conectorNew\cupomImport.cs:line 812 Processamento: 13-01-2016 15:12:07 Versao EXE.1.0.57 Versao Banco1.0.57
Transmissao de Arquivo => Store: 1 TERMINAL: 1 Envio: System.Net.WebException: The remote name could not be resolved: 'mvconectord000220160112000000635300000001cupom_detalhes.rar'
   at System.Net.FtpWebRequest.EndGetRequestStream(IAsyncResult asyncResult)
   at Examples.System.Net.AsynchronousFtpUpLoader.EndGetStreamCallback(IAsyncResult ar) in c:\project vs 2013_home\conectorNew\cupomImport.cs:line 812 Processamento: 13-01-2016 15:12:08 Versao EXE.1.0.57 Versao Banco1.0.57
Transmissao de Arquivo => Store: 1 TERMINAL: 1 Envio: System.Net.WebException: The remote name could not be resolved: 'mvconectord000220160113000000637300000001cupom_detalhes.rar'
   at System.Net.FtpWebRequest.EndGetRequestStream(IAsyncResult asyncResult)
   at Examples.System.Net.AsynchronousFtpUpLoader.EndGetStreamCallback(IAsyncResult ar) in c:\project vs 2013_home\conectorNew\cupomImport.cs:line 812 Processamento: 13-01-2016 15:12:08 Versao EXE.1.0.57 Versao Banco1.0.57
Transmissao de Arquivo => Store: 1 TERMINAL: 1 Envio: System.Net.WebException: The remote name could not be resolved: 'mvconectord000320160112000000635300000001cupom_detalhes.rar'
   at System.Net.FtpWebRequest.EndGetRequestStream(IAsyncResult asyncResult)
   at Examples.System.Net.AsynchronousFtpUpLoader.EndGetStreamCallback(IAsyncResult ar) in c:\project vs 2013_home\conectorNew\cupomImport.cs:line 812 Processamento: 13-01-2016 15:12:08 Versao EXE.1.0.57 Versao Banco1.0.57
Transmissao de Arquivo => Store: 1 TERMINAL: 1 Envio: System.Net.WebException: The remote name could not be resolved: 'mvconectorf000220160112000000635900000001fechamentocaixa.rar'
   at System.Net.FtpWebRequest.EndGetRequestStream(IAsyncResult asyncResult)
   at Examples.System.Net.AsynchronousFtpUpLoader.EndGetStreamCallback(IAsyncResult ar) in c:\project vs 2013_home\conectorNew\cupomImport.cs:line 812 Processamento: 13-01-2016 15:12:08 Versao EXE.1.0.57 Versao Banco1.0.57
Transmissao de Arquivo => Store: 1 TERMINAL: 1 Envio: System.Net.WebException: The remote name could not be resolved: 'mvconectorm000120160112000000634600000001cupom_movimento.rar'
   at System.Net.FtpWebRequest.EndGetRequestStream(IAsyncResult asyncResult)
   at Examples.System.Net.AsynchronousFtpUpLoader.EndGetStreamCallback(IAsyncResult ar) in c:\project vs 2013_home\conectorNew\cupomImport.cs:line 812 Processamento: 13-01-2016 15:12:09 Versao EXE.1.0.57 Versao Banco1.0.57
Transmissao de Arquivo => Store: 1 TERMINAL: 1 Envio: System.Net.WebException: The remote name could not be resolved: 'mvconectorm000120160112000000634700000001cupom_movimento.rar'
   at System.Net.FtpWebRequest.EndGetRequestStream(IAsyncResult asyncResult)
   at Examples.System.Net.AsynchronousFtpUpLoader.EndGetStreamCallback(IAsyncResult ar) in c:\project vs 2013_home\conectorNew\cupomImport.cs:line 812 Processamento: 13-01-2016 15:12:09 Versao EXE.1.0.57 Versao Banco1.0.57
Transmissao de Arquivo => Store: 1 TERMINAL: 1 Envio: System.Net.WebException: The remote name could not be resolved: 'mvconectorm000120160112000000634800000001cupom_movimento.rar'
   at System.Net.FtpWebRequest.EndGetRequestStream(IAsyncResult asyncResult)
   at Examples.System.Net.AsynchronousFtpUpLoader.EndGetStreamCallback(IAsyncResult ar) in c:\project vs 2013_home\conectorNew\cupomImport.cs:line 812 Processamento: 13-01-2016 15:12:09 Versao EXE.1.0.57 Versao Banco1.0.57
Transmissao de Arquivo => Store: 1 TERMINAL: 1 Envio: System.Net.WebException: The remote name could not be resolved: 'mvconectorm000120160112000000634900000001cupom_movimento.rar'
   at System.Net.FtpWebRequest.EndGetRequestStream(IAsyncResult asyncResult)
   at Examples.System.Net.AsynchronousFtpUpLoader.EndGetStreamCallback(IAsyncResult ar) in c:\project vs 2013_home\conectorNew\cupomImport.cs:line 812 Processamento: 13-01-2016 15:12:09 Versao EXE.1.0.57 Versao Banco1.0.57
Transmissao de Arquivo => Store: 1 TERMINAL: 1 Envio: System.Net.WebException: The remote name could not be resolved: 'mvconectorm000120160112000000635000000001cupom_movimento.rar'
   at System.Net.FtpWebRequest.EndGetRequestStream(IAsyncResult asyncResult)
   at Examples.System.Net.AsynchronousFtpUpLoader.EndGetStreamCallback(IAsyncResult ar) in c:\project vs 2013_home\conectorNew\cupomImport.cs:line 812 Processamento: 13-01-2016 15:12:10 Versao EXE.1.0.57 Versao Banco1.0.57
Transmissao de Arquivo => Store: 1 TERMINAL: 1 Envio: System.Net.WebException: The remote name could not be resolved: 'mvconectorm000120160112000000635100000001cupom_movimento.rar'
   at System.Net.FtpWebRequest.EndGetRequestStream(IAsyncResult asyncResult)
   at Examples.System.Net.AsynchronousFtpUpLoader.EndGetStreamCallback(IAsyncResult ar) in c:\project vs 2013_home\conectorNew\cupomImport.cs:line 812 Processamento: 13-01-2016 15:12:10 Versao EXE.1.0.57 Versao Banco1.0.57
Transmissao de Arquivo => Store: 1 TERMINAL: 1 Envio: System.Net.WebException: The remote name could not be resolved: 'mvconectorm000120160112000000635300000001cupom_movimento.rar'
   at System.Net.FtpWebRequest.EndGetRequestStream(IAsyncResult asyncResult)
   at Examples.System.Net.AsynchronousFtpUpLoader.EndGetStreamCallback(IAsyncResult ar) in c:\project vs 2013_home\conectorNew\cupomImport.cs:line 812 Processamento: 13-01-2016 15:12:10 Versao EXE.1.0.57 Versao Banco1.0.57
Transmissao de Arquivo => Store: 1 TERMINAL: 1 Envio: System.Net.WebException: The remote name could not be resolved: 'mvconectorm000120160112000000635500000001cupom_movimento.rar'
   at System.Net.FtpWebRequest.EndGetRequestStream(IAsyncResult asyncResult)
   at Examples.System.Net.AsynchronousFtpUpLoader.EndGetStreamCallback(IAsyncResult ar) in c:\project vs 2013_home\conectorNew\cupomImport.cs:line 812 Processamento: 13-01-2016 15:12:11 Versao EXE.1.0.57 Versao Banco1.0.57
Transmissao de Arquivo => Store: 1 TERMINAL: 1 Envio: System.Net.WebException: The remote name could not be resolved: 'mvconectorm000120160112000000635700000001cupom_movimento.rar'
   at System.Net.FtpWebRequest.EndGetRequestStream(IAsyncResult asyncResult)
   at Examples.System.Net.AsynchronousFtpUpLoader.EndGetStreamCallback(IAsyncResult ar) in c:\project vs 2013_home\conectorNew\cupomImport.cs:line 812 Processamento: 13-01-2016 15:12:11 Versao EXE.1.0.57 Versao Banco1.0.57
Transmissao de Arquivo => Store: 1 TERMINAL: 1 Envio: System.Net.WebException: The remote name could not be resolved: 'mvconectorm000120160112000000635900000001cupom_movimento.rar'
   at System.Net.FtpWebRequest.EndGetRequestStream(IAsyncResult asyncResult)
   at Examples.System.Net.AsynchronousFtpUpLoader.EndGetStreamCallback(IAsyncResult ar) in c:\project vs 2013_home\conectorNew\cupomImport.cs:line 812 Processamento: 13-01-2016 15:12:11 Versao EXE.1.0.57 Versao Banco1.0.57
Transmissao de Arquivo => Store: 1 TERMINAL: 1 Envio: System.Net.WebException: The remote name could not be resolved: 'mvconectorm000120160113000000636600000001cupom_movimento.rar'
   at System.Net.FtpWebRequest.EndGetRequestStream(IAsyncResult asyncResult)
   at Examples.System.Net.AsynchronousFtpUpLoader.EndGetStreamCallback(IAsyncResult ar) in c:\project vs 2013_home\conectorNew\cupomImport.cs:line 812 Processamento: 13-01-2016 15:12:12 Versao EXE.1.0.57 Versao Banco1.0.57
Transmissao de Arquivo => Store: 1 TERMINAL: 1 Envio: System.Net.WebException: The remote name could not be resolved: 'mvconectorm000120160113000000636700000001cupom_movimento.rar'
   at System.Net.FtpWebRequest.EndGetRequestStream(IAsyncResult asyncResult)
   at Examples.System.Net.AsynchronousFtpUpLoader.EndGetStreamCallback(IAsyncResult ar) in c:\project vs 2013_home\conectorNew\cupomImport.cs:line 812 Processamento: 13-01-2016 15:12:12 Versao EXE.1.0.57 Versao Banco1.0.57
Transmissao de Arquivo => Store: 1 TERMINAL: 1 Envio: System.Net.WebException: The remote name could not be resolved: 'mvconectorm000120160113000000636800000001cupom_movimento.rar'
   at System.Net.FtpWebRequest.EndGetRequestStream(IAsyncResult asyncResult)
   at Examples.System.Net.AsynchronousFtpUpLoader.EndGetStreamCallback(IAsyncResult ar) in c:\project vs 2013_home\conectorNew\cupomImport.cs:line 812 Processamento: 13-01-2016 15:12:12 Versao EXE.1.0.57 Versao Banco1.0.57
Transmissao de Arquivo => Store: 1 TERMINAL: 1 Envio: System.Net.WebException: The remote name could not be resolved: 'mvconectorm000120160113000000636900000001cupom_movimento.rar'
   at System.Net.FtpWebRequest.EndGetRequestStream(IAsyncResult asyncResult)
   at Examples.System.Net.AsynchronousFtpUpLoader.EndGetStreamCallback(IAsyncResult ar) in c:\project vs 2013_home\conectorNew\cupomImport.cs:line 812 Processamento: 13-01-2016 15:12:13 Versao EXE.1.0.57 Versao Banco1.0.57
Transmissao de Arquivo => Store: 1 TERMINAL: 1 Envio: System.Net.WebException: The remote name could not be resolved: 'mvconectorm000120160113000000637000000001cupom_movimento.rar'
   at System.Net.FtpWebRequest.EndGetRequestStream(IAsyncResult asyncResult)
   at Examples.System.Net.AsynchronousFtpUpLoader.EndGetStreamCallback(IAsyncResult ar) in c:\project vs 2013_home\conectorNew\cupomImport.cs:line 812 Processamento: 13-01-2016 15:12:13 Versao EXE.1.0.57 Versao Banco1.0.57
Transmissao de Arquivo => Store: 1 TERMINAL: 1 Envio: System.Net.WebException: The remote name could not be resolved: 'mvconectorm000120160113000000637100000001cupom_movimento.rar'
   at System.Net.FtpWebRequest.EndGetRequestStream(IAsyncResult asyncResult)
   at Examples.System.Net.AsynchronousFtpUpLoader.EndGetStreamCallback(IAsyncResult ar) in c:\project vs 2013_home\conectorNew\cupomImport.cs:line 812 Processamento: 13-01-2016 15:12:13 Versao EXE.1.0.57 Versao Banco1.0.57
Transmissao de Arquivo => Store: 1 TERMINAL: 1 Envio: System.Net.WebException: The remote name could not be resolved: 'mvconectorm000120160113000000637300000001cupom_movimento.rar'
   at System.Net.FtpWebRequest.EndGetRequestStream(IAsyncResult asyncResult)
   at Examples.System.Net.AsynchronousFtpUpLoader.EndGetStreamCallback(IAsyncResult ar) in c:\project vs 2013_home\conectorNew\cupomImport.cs:line 812 Processamento: 13-01-2016 15:12:14 Versao EXE.1.0.57 Versao Banco1.0.57
Transmissao de Arquivo => Store: 1 TERMINAL: 1 Envio: System.Net.WebException: The remote name could not be resolved: 'mvconectorm000220160112000000635900000001cupom_movimento.rar'
   at System.Net.FtpWebRequest.EndGetRequestStream(IAsyncResult asyncResult)
   at Examples.System.Net.AsynchronousFtpUpLoader.EndGetStreamCallback(IAsyncResult ar) in c:\project vs 2013_home\conectorNew\cupomImport.cs:line 812 Processamento: 13-01-2016 15:12:14 Versao EXE.1.0.57 Versao Banco1.0.57
Transmissao de Arquivo => Store: 1 TERMINAL: 1 Envio: System.Net.WebException: The remote name could not be resolved: 'mvconectorm000220160113000000637300000001cupom_movimento.rar'
   at System.Net.FtpWebRequest.EndGetRequestStream(IAsyncResult asyncResult)
   at Examples.System.Net.AsynchronousFtpUpLoader.EndGetStreamCallback(IAsyncResult ar) in c:\project vs 2013_home\conectorNew\cupomImport.cs:line 812 Processamento: 13-01-2016 15:12:15 Versao EXE.1.0.57 Versao Banco1.0.57
Transmissao de Arquivo => Store: 1 TERMINAL: 1 Envio: System.Net.WebException: The remote name could not be resolved: 'mvconectort000020160112000000020300000001detalhe_reducao_aliquota.rar'
   at System.Net.FtpWebRequest.EndGetRequestStream(IAsyncResult asyncResult)
   at Examples.System.Net.AsynchronousFtpUpLoader.EndGetStreamCallback(IAsyncResult ar) in c:\project vs 2013_home\conectorNew\cupomImport.cs:line 812 Processamento: 13-01-2016 15:12:15 Versao EXE.1.0.57 Versao Banco1.0.57
Transmissao de Arquivo => Store: 1 TERMINAL: 1 Envio: System.Net.WebException: The remote name could not be resolved: 'mvconectort000120160112000000020300000001detalhe_reducao_aliquota.rar'
   at System.Net.FtpWebRequest.EndGetRequestStream(IAsyncResult asyncResult)
   at Examples.System.Net.AsynchronousFtpUpLoader.EndGetStreamCallback(IAsyncResult ar) in c:\project vs 2013_home\conectorNew\cupomImport.cs:line 812 Processamento: 13-01-2016 15:12:15 Versao EXE.1.0.57 Versao Banco1.0.57
Transmissao de Arquivo => Store: 1 TERMINAL: 1 Envio: System.Net.WebException: The remote name could not be resolved: 'mvconectort000220160112000000020300000001detalhe_reducao_aliquota.rar'
   at System.Net.FtpWebRequest.EndGetRequestStream(IAsyncResult asyncResult)
   at Examples.System.Net.AsynchronousFtpUpLoader.EndGetStreamCallback(IAsyncResult ar) in c:\project vs 2013_home\conectorNew\cupomImport.cs:line 812 Processamento: 13-01-2016 15:12:15 Versao EXE.1.0.57 Versao Banco1.0.57
Transmissao de Arquivo => Store: 1 TERMINAL: 1 Envio: System.Net.WebException: The remote name could not be resolved: 'mvconectort001520160112000000020300000001detalhe_reducao_aliquota.rar'
   at System.Net.FtpWebRequest.EndGetRequestStream(IAsyncResult asyncResult)
   at Examples.System.Net.AsynchronousFtpUpLoader.EndGetStreamCallback(IAsyncResult ar) in c:\project vs 2013_home\conectorNew\cupomImport.cs:line 812 Processamento: 13-01-2016 15:12:16 Versao EXE.1.0.57 Versao Banco1.0.57
Transmissao de Arquivo => Store: 1 TERMINAL: 1 Envio: System.Net.WebException: The remote name could not be resolved: 'mvconectort001620160112000000020300000001detalhe_reducao_aliquota.rar'
   at System.Net.FtpWebRequest.EndGetRequestStream(IAsyncResult asyncResult)
   at Examples.System.Net.AsynchronousFtpUpLoader.EndGetStreamCallback(IAsyncResult ar) in c:\project vs 2013_home\conectorNew\cupomImport.cs:line 812 Processamento: 13-01-2016 15:12:16 Versao EXE.1.0.57 Versao Banco1.0.57
Transmissao de Arquivo => Store: 1 TERMINAL: 1 Envio: System.Net.WebException: The remote name could not be resolved: 'mvconectorx001120160112000000020300000001detalhe_reducao.rar'
   at System.Net.FtpWebRequest.EndGetRequestStream(IAsyncResult asyncResult)
   at Examples.System.Net.AsynchronousFtpUpLoader.EndGetStreamCallback(IAsyncResult ar) in c:\project vs 2013_home\conectorNew\cupomImport.cs:line 812 Processamento: 13-01-2016 15:12:17 Versao EXE.1.0.57 Versao Banco1.0.57
Transmissao de Arquivo => Store: 1 TERMINAL: 1 Envio: System.Net.WebException: The remote name could not be resolved: 'mvconectorx001320160112000000020300000001detalhe_reducao.rar'
   at System.Net.FtpWebRequest.EndGetRequestStream(IAsyncResult asyncResult)
   at Examples.System.Net.AsynchronousFtpUpLoader.EndGetStreamCallback(IAsyncResult ar) in c:\project vs 2013_home\conectorNew\cupomImport.cs:line 812 Processamento: 13-01-2016 15:12:17 Versao EXE.1.0.57 Versao Banco1.0.57
Transmissao de Arquivo => Store: 1 TERMINAL: 1 Envio: System.Net.WebException: The remote name could not be resolved: 'mvconectorz020320160112000000636100000001movimentodia.rar'
   at System.Net.FtpWebRequest.EndGetRequestStream(IAsyncResult asyncResult)
   at Examples.System.Net.AsynchronousFtpUpLoader.EndGetStreamCallback(IAsyncResult ar) in c:\project vs 2013_home\conectorNew\cupomImport.cs:line 812 Processamento: 13-01-2016 15:12:17 Versao EXE.1.0.57 Versao Banco1.0.57
Transmissao de Arquivo => Store: 1 TERMINAL: 1 Envio: System.Net.WebException: The remote name could not be resolved: 'mvconectorc000020160112000000634600000001conveniomovimento.rar'
   at System.Net.FtpWebRequest.EndGetRequestStream(IAsyncResult asyncResult)
   at Examples.System.Net.AsynchronousFtpUpLoader.EndGetStreamCallback(IAsyncResult ar) in c:\project vs 2013_home\conectorNew\cupomImport.cs:line 812 Processamento: 13-01-2016 15:12:18 Versao EXE.1.0.57 Versao Banco1.0.57
Transmissao de Arquivo => Store: 1 TERMINAL: 1 Envio: System.Net.WebException: The remote name could not be resolved: 'mvconectorc000020160112000000634600000001cupom_cabecalho.rar'
   at System.Net.FtpWebRequest.EndGetRequestStream(IAsyncResult asyncResult)
   at Examples.System.Net.AsynchronousFtpUpLoader.EndGetStreamCallback(IAsyncResult ar) in c:\project vs 2013_home\conectorNew\cupomImport.cs:line 812 Processamento: 13-01-2016 15:12:18 Versao EXE.1.0.57 Versao Banco1.0.57
Transmissao de Arquivo => Store: 1 TERMINAL: 1 Envio: System.Net.WebException: The remote name could not be resolved: 'mvconectorc000020160112000000634700000001cupom_cabecalho.rar'
   at System.Net.FtpWebRequest.EndGetRequestStream(IAsyncResult asyncResult)
   at Examples.System.Net.AsynchronousFtpUpLoader.EndGetStreamCallback(IAsyncResult ar) in c:\project vs 2013_home\conectorNew\cupomImport.cs:line 812 Processamento: 13-01-2016 15:12:18 Versao EXE.1.0.57 Versao Banco1.0.57
Transmissao de Arquivo => Store: 1 TERMINAL: 1 Envio: System.Net.WebException: The remote name could not be resolved: 'mvconectorc000020160112000000634800000001conveniomovimento.rar'
   at System.Net.FtpWebRequest.EndGetRequestStream(IAsyncResult asyncResult)
   at Examples.System.Net.AsynchronousFtpUpLoader.EndGetStreamCallback(IAsyncResult ar) in c:\project vs 2013_home\conectorNew\cupomImport.cs:line 812 Processamento: 13-01-2016 15:12:19 Versao EXE.1.0.57 Versao Banco1.0.57
Transmissao de Arquivo => Store: 1 TERMINAL: 1 Envio: System.Net.WebException: The remote name could not be resolved: 'mvconectorc000020160112000000634800000001cupom_cabecalho.rar'
   at System.Net.FtpWebRequest.EndGetRequestStream(IAsyncResult asyncResult)
   at Examples.System.Net.AsynchronousFtpUpLoader.EndGetStreamCallback(IAsyncResult ar) in c:\project vs 2013_home\conectorNew\cupomImport.cs:line 812 Processamento: 13-01-2016 15:12:19 Versao EXE.1.0.57 Versao Banco1.0.57
Transmissao de Arquivo => Store: 1 TERMINAL: 1 Envio: System.Net.WebException: The remote name could not be resolved: 'mvconectorc000020160112000000634900000001cupom_cabecalho.rar'
   at System.Net.FtpWebRequest.EndGetRequestStream(IAsyncResult asyncResult)
   at Examples.System.Net.AsynchronousFtpUpLoader.EndGetStreamCallback(IAsyncResult ar) in c:\project vs 2013_home\conectorNew\cupomImport.cs:line 812 Processamento: 13-01-2016 15:12:19 Versao EXE.1.0.57 Versao Banco1.0.57
Transmissao de Arquivo => Store: 1 TERMINAL: 1 Envio: System.Net.WebException: The remote name could not be resolved: 'mvconectorc000020160112000000635000000001cupom_cabecalho.rar'
   at System.Net.FtpWebRequest.EndGetRequestStream(IAsyncResult asyncResult)
   at Examples.System.Net.AsynchronousFtpUpLoader.EndGetStreamCallback(IAsyncResult ar) in c:\project vs 2013_home\conectorNew\cupomImport.cs:line 812 Processamento: 13-01-2016 15:12:20 Versao EXE.1.0.57 Versao Banco1.0.57
Transmissao de Arquivo => Store: 1 TERMINAL: 1 Envio: System.Net.WebException: The remote name could not be resolved: 'mvconectorc000020160112000000635100000001conveniomovimento.rar'
   at System.Net.FtpWebRequest.EndGetRequestStream(IAsyncResult asyncResult)
   at Examples.System.Net.AsynchronousFtpUpLoader.EndGetStreamCallback(IAsyncResult ar) in c:\project vs 2013_home\conectorNew\cupomImport.cs:line 812 Processamento: 13-01-2016 15:12:20 Versao EXE.1.0.57 Versao Banco1.0.57
Transmissao de Arquivo => Store: 1 TERMINAL: 1 Envio: System.Net.WebException: The remote name could not be resolved: 'mvconectorc000020160112000000635100000001cupom_cabecalho.rar'
   at System.Net.FtpWebRequest.EndGetRequestStream(IAsyncResult asyncResult)
   at Examples.System.Net.AsynchronousFtpUpLoader.EndGetStreamCallback(IAsyncResult ar) in c:\project vs 2013_home\conectorNew\cupomImport.cs:line 812 Processamento: 13-01-2016 15:12:21 Versao EXE.1.0.57 Versao Banco1.0.57
Transmissao de Arquivo => Store: 1 TERMINAL: 1 Envio: System.Net.WebException: The remote name could not be resolved: 'mvconectorc000020160112000000635300000001conveniomovimento.rar'
   at System.Net.FtpWebRequest.EndGetRequestStream(IAsyncResult asyncResult)
   at Examples.System.Net.AsynchronousFtpUpLoader.EndGetStreamCallback(IAsyncResult ar) in c:\project vs 2013_home\conectorNew\cupomImport.cs:line 812 Processamento: 13-01-2016 15:12:21 Versao EXE.1.0.57 Versao Banco1.0.57
Transmissao de Arquivo => Store: 1 TERMINAL: 1 Envio: System.Net.WebException: The remote name could not be resolved: 'mvconectorc000020160112000000635300000001cupom_cabecalho.rar'
   at System.Net.FtpWebRequest.EndGetRequestStream(IAsyncResult asyncResult)
   at Examples.System.Net.AsynchronousFtpUpLoader.EndGetStreamCallback(IAsyncResult ar) in c:\project vs 2013_home\conectorNew\cupomImport.cs:line 812 Processamento: 13-01-2016 15:12:21 Versao EXE.1.0.57 Versao Banco1.0.57
Transmissao de Arquivo => Store: 1 TERMINAL: 1 Envio: System.Net.WebException: The remote name could not be resolved: 'mvconectorc000020160112000000635500000001conveniomovimento.rar'
   at System.Net.FtpWebRequest.EndGetRequestStream(IAsyncResult asyncResult)
   at Examples.System.Net.AsynchronousFtpUpLoader.EndGetStreamCallback(IAsyncResult ar) in c:\project vs 2013_home\conectorNew\cupomImport.cs:line 812 Processamento: 13-01-2016 15:12:21 Versao EXE.1.0.57 Versao Banco1.0.57
Transmissao de Arquivo => Store: 1 TERMINAL: 1 Envio: System.Net.WebException: The remote name could not be resolved: 'mvconectorc000020160112000000635500000001cupom_cabecalho.rar'
   at System.Net.FtpWebRequest.EndGetRequestStream(IAsyncResult asyncResult)
   at Examples.System.Net.AsynchronousFtpUpLoader.EndGetStreamCallback(IAsyncResult ar) in c:\project vs 2013_home\conectorNew\cupomImport.cs:line 812 Processamento: 13-01-2016 15:12:21 Versao EXE.1.0.57 Versao Banco1.0.57
Transmissao de Arquivo => Store: 1 TERMINAL: 1 Envio: System.Net.WebException: The remote name could not be resolved: 'mvconectorc000020160112000000635700000001conveniomovimento.rar'
   at System.Net.FtpWebRequest.EndGetRequestStream(IAsyncResult asyncResult)
   at Examples.System.Net.AsynchronousFtpUpLoader.EndGetStreamCallback(IAsyncResult ar) in c:\project vs 2013_home\conectorNew\cupomImport.cs:line 812 Processamento: 13-01-2016 15:12:22 Versao EXE.1.0.57 Versao Banco1.0.57
Transmissao de Arquivo => Store: 1 TERMINAL: 1 Envio: System.Net.WebException: The remote name could not be resolved: 'mvconectorc000020160112000000635700000001cupom_cabecalho.rar'
   at System.Net.FtpWebRequest.EndGetRequestStream(IAsyncResult asyncResult)
   at Examples.System.Net.AsynchronousFtpUpLoader.EndGetStreamCallback(IAsyncResult ar) in c:\project vs 2013_home\conectorNew\cupomImport.cs:line 812 Processamento: 13-01-2016 15:12:22 Versao EXE.1.0.57 Versao Banco1.0.57
Transmissao de Arquivo => Store: 1 TERMINAL: 1 Envio: System.Net.WebException: The remote name could not be resolved: 'mvconectorc000020160112000000635900000001conveniomovimento.rar'
   at System.Net.FtpWebRequest.EndGetRequestStream(IAsyncResult asyncResult)
   at Examples.System.Net.AsynchronousFtpUpLoader.EndGetStreamCallback(IAsyncResult ar) in c:\project vs 2013_home\conectorNew\cupomImport.cs:line 812 Processamento: 13-01-2016 15:12:22 Versao EXE.1.0.57 Versao Banco1.0.57
Transmissao de Arquivo => Store: 1 TERMINAL: 1 Envio: System.Net.WebException: The remote name could not be resolved: 'mvconectorc000020160112000000635900000001cupom_cabecalho.rar'
   at System.Net.FtpWebRequest.EndGetRequestStream(IAsyncResult asyncResult)
   at Examples.System.Net.AsynchronousFtpUpLoader.EndGetStreamCallback(IAsyncResult ar) in c:\project vs 2013_home\conectorNew\cupomImport.cs:line 812 Processamento: 13-01-2016 15:12:23 Versao EXE.1.0.57 Versao Banco1.0.57
Transmissao de Arquivo => Store: 1 TERMINAL: 1 Envio: System.Net.WebException: The remote name could not be resolved: 'mvconectorc000020160113000000636600000001cupom_cabecalho.bat'
   at System.Net.FtpWebRequest.EndGetRequestStream(IAsyncResult asyncResult)
   at Examples.System.Net.AsynchronousFtpUpLoader.EndGetStreamCallback(IAsyncResult ar) in c:\project vs 2013_home\conectorNew\cupomImport.cs:line 812 Processamento: 13-01-2016 15:12:23 Versao EXE.1.0.57 Versao Banco1.0.57
Transmissao de Arquivo => Store: 1 TERMINAL: 1 Envio: System.Net.WebException: The remote name could not be resolved: 'mvconectorc000020160113000000636600000001cupom_cabecalho.rar'
   at System.Net.FtpWebRequest.EndGetRequestStream(IAsyncResult asyncResult)
   at Examples.System.Net.AsynchronousFtpUpLoader.EndGetStreamCallback(IAsyncResult ar) in c:\project vs 2013_home\conectorNew\cupomImport.cs:line 812 Processamento: 13-01-2016 15:12:23 Versao EXE.1.0.57 Versao Banco1.0.57
Transmissao de Arquivo => Store: 1 TERMINAL: 1 Envio: System.Net.WebException: The remote name could not be resolved: 'mvconectorc000020160113000000636700000001cupom_cabecalho.rar'
   at System.Net.FtpWebRequest.EndGetRequestStream(IAsyncResult asyncResult)
   at Examples.System.Net.AsynchronousFtpUpLoader.EndGetStreamCallback(IAsyncResult ar) in c:\project vs 2013_home\conectorNew\cupomImport.cs:line 812 Processamento: 13-01-2016 15:12:24 Versao EXE.1.0.57 Versao Banco1.0.57
Transmissao de Arquivo => Store: 1 TERMINAL: 1 Envio: System.Net.WebException: The remote name could not be resolved: 'mvconectorc000020160113000000636800000001cupom_cabecalho.rar'
   at System.Net.FtpWebRequest.EndGetRequestStream(IAsyncResult asyncResult)
   at Examples.System.Net.AsynchronousFtpUpLoader.EndGetStreamCallback(IAsyncResult ar) in c:\project vs 2013_home\conectorNew\cupomImport.cs:line 812 Processamento: 13-01-2016 15:12:24 Versao EXE.1.0.57 Versao Banco1.0.57
Transmissao de Arquivo => Store: 1 TERMINAL: 1 Envio: System.Net.WebException: The remote name could not be resolved: 'mvconectorc000020160113000000636900000001cupom_cabecalho.rar'
   at System.Net.FtpWebRequest.EndGetRequestStream(IAsyncResult asyncResult)
   at Examples.System.Net.AsynchronousFtpUpLoader.EndGetStreamCallback(IAsyncResult ar) in c:\project vs 2013_home\conectorNew\cupomImport.cs:line 812 Processamento: 13-01-2016 15:12:24 Versao EXE.1.0.57 Versao Banco1.0.57
Transmissao de Arquivo => Store: 1 TERMINAL: 1 Envio: System.Net.WebException: The remote name could not be resolved: 'mvconectorc000020160113000000637000000001cupom_cabecalho.rar'
   at System.Net.FtpWebRequest.EndGetRequestStream(IAsyncResult asyncResult)
   at Examples.System.Net.AsynchronousFtpUpLoader.EndGetStreamCallback(IAsyncResult ar) in c:\project vs 2013_home\conectorNew\cupomImport.cs:line 812 Processamento: 13-01-2016 15:12:25 Versao EXE.1.0.57 Versao Banco1.0.57
Transmissao de Arquivo => Store: 1 TERMINAL: 1 Envio: System.Net.WebException: The remote name could not be resolved: 'mvconectorc000020160113000000637100000001conveniomovimento.rar'
   at System.Net.FtpWebRequest.EndGetRequestStream(IAsyncResult asyncResult)
   at Examples.System.Net.AsynchronousFtpUpLoader.EndGetStreamCallback(IAsyncResult ar) in c:\project vs 2013_home\conectorNew\cupomImport.cs:line 812 Processamento: 13-01-2016 15:12:25 Versao EXE.1.0.57 Versao Banco1.0.57
Transmissao de Arquivo => Store: 1 TERMINAL: 1 Envio: System.Net.WebException: The remote name could not be resolved: 'mvconectorc000020160113000000637100000001cupom_cabecalho.rar'
   at System.Net.FtpWebRequest.EndGetRequestStream(IAsyncResult asyncResult)
   at Examples.System.Net.AsynchronousFtpUpLoader.EndGetStreamCallback(IAsyncResult ar) in c:\project vs 2013_home\conectorNew\cupomImport.cs:line 812 Processamento: 13-01-2016 15:12:25 Versao EXE.1.0.57 Versao Banco1.0.57
Transmissao de Arquivo => Store: 1 TERMINAL: 1 Envio: System.Net.WebException: The remote name could not be resolved: 'mvconectorc000020160113000000637300000001cupom_cabecalho.rar'
   at System.Net.FtpWebRequest.EndGetRequestStream(IAsyncResult asyncResult)
   at Examples.System.Net.AsynchronousFtpUpLoader.EndGetStreamCallback(IAsyncResult ar) in c:\project vs 2013_home\conectorNew\cupomImport.cs:line 812 Processamento: 13-01-2016 15:12:26 Versao EXE.1.0.57 Versao Banco1.0.57
Transmissao de Arquivo => Store: 1 TERMINAL: 1 Envio: System.Net.WebException: The remote name could not be resolved: 'mvconectord000120160112000000634600000001cupom_detalhes.rar'
   at System.Net.FtpWebRequest.EndGetRequestStream(IAsyncResult asyncResult)
   at Examples.System.Net.AsynchronousFtpUpLoader.EndGetStreamCallback(IAsyncResult ar) in c:\project vs 2013_home\conectorNew\cupomImport.cs:line 812 Processamento: 13-01-2016 15:12:26 Versao EXE.1.0.57 Versao Banco1.0.57
Transmissao de Arquivo => Store: 1 TERMINAL: 1 Envio: System.Net.WebException: The remote name could not be resolved: 'mvconectord000120160112000000634700000001cupom_detalhes.rar'
   at System.Net.FtpWebRequest.EndGetRequestStream(IAsyncResult asyncResult)
   at Examples.System.Net.AsynchronousFtpUpLoader.EndGetStreamCallback(IAsyncResult ar) in c:\project vs 2013_home\conectorNew\cupomImport.cs:line 812 Processamento: 13-01-2016 15:12:26 Versao EXE.1.0.57 Versao Banco1.0.57
Transmissao de Arquivo => Store: 1 TERMINAL: 1 Envio: System.Net.WebException: The remote name could not be resolved: 'mvconectord000120160112000000634800000001cupom_detalhes.rar'
   at System.Net.FtpWebRequest.EndGetRequestStream(IAsyncResult asyncResult)
   at Examples.System.Net.AsynchronousFtpUpLoader.EndGetStreamCallback(IAsyncResult ar) in c:\project vs 2013_home\conectorNew\cupomImport.cs:line 812 Processamento: 13-01-2016 15:12:27 Versao EXE.1.0.57 Versao Banco1.0.57
Transmissao de Arquivo => Store: 1 TERMINAL: 1 Envio: System.Net.WebException: The remote name could not be resolved: 'mvconectord000120160112000000634900000001cupom_detalhes.rar'
   at System.Net.FtpWebRequest.EndGetRequestStream(IAsyncResult asyncResult)
   at Examples.System.Net.AsynchronousFtpUpLoader.EndGetStreamCallback(IAsyncResult ar) in c:\project vs 2013_home\conectorNew\cupomImport.cs:line 812 Processamento: 13-01-2016 15:12:27 Versao EXE.1.0.57 Versao Banco1.0.57
Transmissao de Arquivo => Store: 1 TERMINAL: 1 Envio: System.Net.WebException: The remote name could not be resolved: 'mvconectord000120160112000000635000000001cupom_detalhes.rar'
   at System.Net.FtpWebRequest.EndGetRequestStream(IAsyncResult asyncResult)
   at Examples.System.Net.AsynchronousFtpUpLoader.EndGetStreamCallback(IAsyncResult ar) in c:\project vs 2013_home\conectorNew\cupomImport.cs:line 812 Processamento: 13-01-2016 15:12:27 Versao EXE.1.0.57 Versao Banco1.0.57
Transmissao de Arquivo => Store: 1 TERMINAL: 1 Envio: System.Net.WebException: The remote name could not be resolved: 'mvconectord000120160112000000635100000001cupom_detalhes.rar'
   at System.Net.FtpWebRequest.EndGetRequestStream(IAsyncResult asyncResult)
   at Examples.System.Net.AsynchronousFtpUpLoader.EndGetStreamCallback(IAsyncResult ar) in c:\project vs 2013_home\conectorNew\cupomImport.cs:line 812 Processamento: 13-01-2016 15:12:27 Versao EXE.1.0.57 Versao Banco1.0.57
Transmissao de Arquivo => Store: 1 TERMINAL: 1 Envio: System.Net.WebException: The remote name could not be resolved: 'mvconectord000120160112000000635300000001cupom_detalhes.rar'
   at System.Net.FtpWebRequest.EndGetRequestStream(IAsyncResult asyncResult)
   at Examples.System.Net.AsynchronousFtpUpLoader.EndGetStreamCallback(IAsyncResult ar) in c:\project vs 2013_home\conectorNew\cupomImport.cs:line 812 Processamento: 13-01-2016 15:12:28 Versao EXE.1.0.57 Versao Banco1.0.57
Transmissao de Arquivo => Store: 1 TERMINAL: 1 Envio: System.Net.WebException: The remote name could not be resolved: 'mvconectord000120160112000000635500000001cupom_detalhes.rar'
   at System.Net.FtpWebRequest.EndGetRequestStream(IAsyncResult asyncResult)
   at Examples.System.Net.AsynchronousFtpUpLoader.EndGetStreamCallback(IAsyncResult ar) in c:\project vs 2013_home\conectorNew\cupomImport.cs:line 812 Processamento: 13-01-2016 15:12:28 Versao EXE.1.0.57 Versao Banco1.0.57
Transmissao de Arquivo => Store: 1 TERMINAL: 1 Envio: System.Net.WebException: The remote name could not be resolved: 'mvconectord000120160112000000635700000001cupom_detalhes.rar'
   at System.Net.FtpWebRequest.EndGetRequestStream(IAsyncResult asyncResult)
   at Examples.System.Net.AsynchronousFtpUpLoader.EndGetStreamCallback(IAsyncResult ar) in c:\project vs 2013_home\conectorNew\cupomImport.cs:line 812 Processamento: 13-01-2016 15:12:28 Versao EXE.1.0.57 Versao Banco1.0.57
Transmissao de Arquivo => Store: 1 TERMINAL: 1 Envio: System.Net.WebException: The remote name could not be resolved: 'mvconectord000120160112000000635900000001cupom_detalhes.rar'
   at System.Net.FtpWebRequest.EndGetRequestStream(IAsyncResult asyncResult)
   at Examples.System.Net.AsynchronousFtpUpLoader.EndGetStreamCallback(IAsyncResult ar) in c:\project vs 2013_home\conectorNew\cupomImport.cs:line 812 Processamento: 13-01-2016 15:12:29 Versao EXE.1.0.57 Versao Banco1.0.57
Transmissao de Arquivo => Store: 1 TERMINAL: 1 Envio: System.Net.WebException: The remote name could not be resolved: 'mvconectord000120160113000000636600000001cupom_detalhes.rar'
   at System.Net.FtpWebRequest.EndGetRequestStream(IAsyncResult asyncResult)
   at Examples.System.Net.AsynchronousFtpUpLoader.EndGetStreamCallback(IAsyncResult ar) in c:\project vs 2013_home\conectorNew\cupomImport.cs:line 812 Processamento: 13-01-2016 15:12:29 Versao EXE.1.0.57 Versao Banco1.0.57
Transmissao de Arquivo => Store: 1 TERMINAL: 1 Envio: System.Net.WebException: The remote name could not be resolved: 'mvconectord000120160113000000636700000001cupom_detalhes.rar'
   at System.Net.FtpWebRequest.EndGetRequestStream(IAsyncResult asyncResult)
   at Examples.System.Net.AsynchronousFtpUpLoader.EndGetStreamCallback(IAsyncResult ar) in c:\project vs 2013_home\conectorNew\cupomImport.cs:line 812 Processamento: 13-01-2016 15:12:29 Versao EXE.1.0.57 Versao Banco1.0.57
Transmissao de Arquivo => Store: 1 TERMINAL: 1 Envio: System.Net.WebException: The remote name could not be resolved: 'mvconectord000120160113000000636800000001cupom_detalhes.rar'
   at System.Net.FtpWebRequest.EndGetRequestStream(IAsyncResult asyncResult)
   at Examples.System.Net.AsynchronousFtpUpLoader.EndGetStreamCallback(IAsyncResult ar) in c:\project vs 2013_home\conectorNew\cupomImport.cs:line 812 Processamento: 13-01-2016 15:12:29 Versao EXE.1.0.57 Versao Banco1.0.57
Transmissao de Arquivo => Store: 1 TERMINAL: 1 Envio: System.Net.WebException: The remote name could not be resolved: 'mvconectord000120160113000000636900000001cupom_detalhes.rar'
   at System.Net.FtpWebRequest.EndGetRequestStream(IAsyncResult asyncResult)
   at Examples.System.Net.AsynchronousFtpUpLoader.EndGetStreamCallback(IAsyncResult ar) in c:\project vs 2013_home\conectorNew\cupomImport.cs:line 812 Processamento: 13-01-2016 15:12:30 Versao EXE.1.0.57 Versao Banco1.0.57
Transmissao de Arquivo => Store: 1 TERMINAL: 1 Envio: System.Net.WebException: The remote name could not be resolved: 'mvconectord000120160113000000637000000001cupom_detalhes.rar'
   at System.Net.FtpWebRequest.EndGetRequestStream(IAsyncResult asyncResult)
   at Examples.System.Net.AsynchronousFtpUpLoader.EndGetStreamCallback(IAsyncResult ar) in c:\project vs 2013_home\conectorNew\cupomImport.cs:line 812 Processamento: 13-01-2016 15:12:30 Versao EXE.1.0.57 Versao Banco1.0.57
Transmissao de Arquivo => Store: 1 TERMINAL: 1 Envio: System.Net.WebException: The remote name could not be resolved: 'mvconectord000120160113000000637100000001cupom_detalhes.rar'
   at System.Net.FtpWebRequest.EndGetRequestStream(IAsyncResult asyncResult)
   at Examples.System.Net.AsynchronousFtpUpLoader.EndGetStreamCallback(IAsyncResult ar) in c:\project vs 2013_home\conectorNew\cupomImport.cs:line 812 Processamento: 13-01-2016 15:12:30 Versao EXE.1.0.57 Versao Banco1.0.57
Transmissao de Arquivo => Store: 1 TERMINAL: 1 Envio: System.Net.WebException: The remote name could not be resolved: 'mvconectord000120160113000000637300000001cupom_detalhes.rar'
   at System.Net.FtpWebRequest.EndGetRequestStream(IAsyncResult asyncResult)
   at Examples.System.Net.AsynchronousFtpUpLoader.EndGetStreamCallback(IAsyncResult ar) in c:\project vs 2013_home\conectorNew\cupomImport.cs:line 812 Processamento: 13-01-2016 15:12:31 Versao EXE.1.0.57 Versao Banco1.0.57
Transmissao de Arquivo => Store: 1 TERMINAL: 1 Envio: System.Net.WebException: The remote name could not be resolved: 'mvconectord000220160112000000634800000001cupom_detalhes.rar'
   at System.Net.FtpWebRequest.EndGetRequestStream(IAsyncResult asyncResult)
   at Examples.System.Net.AsynchronousFtpUpLoader.EndGetStreamCallback(IAsyncResult ar) in c:\project vs 2013_home\conectorNew\cupomImport.cs:line 812 Processamento: 13-01-2016 15:12:31 Versao EXE.1.0.57 Versao Banco1.0.57
Transmissao de Arquivo => Store: 1 TERMINAL: 1 Envio: System.Net.WebException: The remote name could not be resolved: 'mvconectord000220160112000000635300000001cupom_detalhes.rar'
   at System.Net.FtpWebRequest.EndGetRequestStream(IAsyncResult asyncResult)
   at Examples.System.Net.AsynchronousFtpUpLoader.EndGetStreamCallback(IAsyncResult ar) in c:\project vs 2013_home\conectorNew\cupomImport.cs:line 812 Processamento: 13-01-2016 15:12:32 Versao EXE.1.0.57 Versao Banco1.0.57
Transmissao de Arquivo => Store: 1 TERMINAL: 1 Envio: System.Net.WebException: The remote name could not be resolved: 'mvconectord000220160113000000637300000001cupom_detalhes.rar'
   at System.Net.FtpWebRequest.EndGetRequestStream(IAsyncResult asyncResult)
   at Examples.System.Net.AsynchronousFtpUpLoader.EndGetStreamCallback(IAsyncResult ar) in c:\project vs 2013_home\conectorNew\cupomImport.cs:line 812 Processamento: 13-01-2016 15:12:32 Versao EXE.1.0.57 Versao Banco1.0.57
Transmissao de Arquivo => Store: 1 TERMINAL: 1 Envio: System.Net.WebException: The remote name could not be resolved: 'mvconectord000320160112000000635300000001cupom_detalhes.rar'
   at System.Net.FtpWebRequest.EndGetRequestStream(IAsyncResult asyncResult)
   at Examples.System.Net.AsynchronousFtpUpLoader.EndGetStreamCallback(IAsyncResult ar) in c:\project vs 2013_home\conectorNew\cupomImport.cs:line 812 Processamento: 13-01-2016 15:12:32 Versao EXE.1.0.57 Versao Banco1.0.57
Transmissao de Arquivo => Store: 1 TERMINAL: 1 Envio: System.Net.WebException: The remote name could not be resolved: 'mvconectorf000220160112000000635900000001fechamentocaixa.rar'
   at System.Net.FtpWebRequest.EndGetRequestStream(IAsyncResult asyncResult)
   at Examples.System.Net.AsynchronousFtpUpLoader.EndGetStreamCallback(IAsyncResult ar) in c:\project vs 2013_home\conectorNew\cupomImport.cs:line 812 Processamento: 13-01-2016 15:12:35 Versao EXE.1.0.57 Versao Banco1.0.57
Transmissao de Arquivo => Store: 1 TERMINAL: 1 Envio: System.Net.WebException: The remote name could not be resolved: 'mvconectorm000120160112000000634600000001cupom_movimento.rar'
   at System.Net.FtpWebRequest.EndGetRequestStream(IAsyncResult asyncResult)
   at Examples.System.Net.AsynchronousFtpUpLoader.EndGetStreamCallback(IAsyncResult ar) in c:\project vs 2013_home\conectorNew\cupomImport.cs:line 812 Processamento: 13-01-2016 15:12:38 Versao EXE.1.0.57 Versao Banco1.0.57
Transmissao de Arquivo => Store: 1 TERMINAL: 1 Envio: System.Net.WebException: The remote name could not be resolved: 'mvconectorm000120160112000000634700000001cupom_movimento.rar'
   at System.Net.FtpWebRequest.EndGetRequestStream(IAsyncResult asyncResult)
   at Examples.System.Net.AsynchronousFtpUpLoader.EndGetStreamCallback(IAsyncResult ar) in c:\project vs 2013_home\conectorNew\cupomImport.cs:line 812 Processamento: 13-01-2016 15:12:38 Versao EXE.1.0.57 Versao Banco1.0.57
Transmissao de Arquivo => Store: 1 TERMINAL: 1 Envio: System.Net.WebException: The remote name could not be resolved: 'mvconectorm000120160112000000634800000001cupom_movimento.rar'
   at System.Net.FtpWebRequest.EndGetRequestStream(IAsyncResult asyncResult)
   at Examples.System.Net.AsynchronousFtpUpLoader.EndGetStreamCallback(IAsyncResult ar) in c:\project vs 2013_home\conectorNew\cupomImport.cs:line 812 Processamento: 13-01-2016 15:12:38 Versao EXE.1.0.57 Versao Banco1.0.57
Transmissao de Arquivo => Store: 1 TERMINAL: 1 Envio: System.Net.WebException: The remote name could not be resolved: 'mvconectorm000120160112000000634900000001cupom_movimento.rar'
   at System.Net.FtpWebRequest.EndGetRequestStream(IAsyncResult asyncResult)
   at Examples.System.Net.AsynchronousFtpUpLoader.EndGetStreamCallback(IAsyncResult ar) Processamento: 13-01-2016 15:15:25 Versao EXE.1.0.57 Versao Banco1.0.57
Tra