Transmissao de Arquivo => Store: 1 TERMINAL: 1 Envio: System.Net.WebException: The remote name could not be resolved: 'mvconectorc000020151230000000630800000001cupom_cabecalho.rar'
   at System.Net.FtpWebRequest.EndGetRequestStream(IAsyncResult asyncResult)
   at Examples.System.Net.AsynchronousFtpUpLoader.EndGetStreamCallback(IAsyncResult ar) in c:\project vs 2013_home\conectorNew\cupomImport.cs:line 812 Processamento: 12-01-2016 09:38:34 Versao EXE.1.0.57 Versao Banco1.0.57
Transmissao de Arquivo => Store: 1 TERMINAL: 1 Envio: System.Net.WebException: The remote name could not be resolved: 'mvconectorc000020151230000000630900000001cupom_cabecalho.rar'
   at System.Net.FtpWebRequest.EndGetRequestStream(IAsyncResult asyncResult)
   at Examples.System.Net.AsynchronousFtpUpLoader.EndGetStreamCallback(IAsyncResult ar) in c:\project vs 2013_home\conectorNew\cupomImport.cs:line 812 Processamento: 12-01-2016 09:38:34 Versao EXE.1.0.57 Versao Banco1.0.57
Transmissao de Arquivo => Store: 1 TERMINAL: 1 Envio: System.Net.WebException: The remote name could not be resolved: 'mvconectorc000020151230000000631000000001cupom_cabecalho.rar'
   at System.Net.FtpWebRequest.EndGetRequestStream(IAsyncResult asyncResult)
   at Examples.System.Net.AsynchronousFtpUpLoader.EndGetStreamCallback(IAsyncResult ar) in c:\project vs 2013_home\conectorNew\cupomImport.cs:line 812 Processamento: 12-01-2016 09:38:34 Versao EXE.1.0.57 Versao Banco1.0.57
Transmissao de Arquivo => Store: 1 TERMINAL: 1 Envio: System.Net.WebException: The remote name could not be resolved: 'mvconectorc000020151230000000631100000001cupom_cabecalho.rar'
   at System.Net.FtpWebRequest.EndGetRequestStream(IAsyncResult asyncResult)
   at Examples.System.Net.AsynchronousFtpUpLoader.EndGetStreamCallback(IAsyncResult ar) in c:\project vs 2013_home\conectorNew\cupomImport.cs:line 812 Processamento: 12-01-2016 09:38:34 Versao EXE.1.0.57 Versao Banco1.0.57
Transmissao de Arquivo => Store: 1 TERMINAL: 1 Envio: System.Net.WebException: The remote name could not be resolved: 'mvconectorc000020151230000000631200000001cupom_cabecalho.rar'
   at System.Net.FtpWebRequest.EndGetRequestStream(IAsyncResult asyncResult)
   at Examples.System.Net.AsynchronousFtpUpLoader.EndGetStreamCallback(IAsyncResult ar) in c:\project vs 2013_home\conectorNew\cupomImport.cs:line 812 Processamento: 12-01-2016 09:38:34 Versao EXE.1.0.57 Versao Banco1.0.57
Transmissao de Arquivo => Store: 1 TERMINAL: 1 Envio: System.Net.WebException: The remote name could not be resolved: 'mvconectorc000020151230000000631300000001cupom_cabecalho.rar'
   at System.Net.FtpWebRequest.EndGetRequestStream(IAsyncResult asyncResult)
   at Examples.System.Net.AsynchronousFtpUpLoader.EndGetStreamCallback(IAsyncResult ar) in c:\project vs 2013_home\conectorNew\cupomImport.cs:line 812 Processamento: 12-01-2016 09:38:35 Versao EXE.1.0.57 Versao Banco1.0.57
Transmissao de Arquivo => Store: 1 TERMINAL: 1 Envio: System.Net.WebException: The remote name could not be resolved: 'mvconectorc000020151230000000631400000001cartao.rar'
   at System.Net.FtpWebRequest.EndGetRequestStream(IAsyncResult asyncResult)
   at Examples.System.Net.AsynchronousFtpUpLoader.EndGetStreamCallback(IAsyncResult ar) in c:\project vs 2013_home\conectorNew\cupomImport.cs:line 812 Processamento: 12-01-2016 09:38:35 Versao EXE.1.0.57 Versao Banco1.0.57
Transmissao de Arquivo => Store: 1 TERMINAL: 1 Envio: System.Net.WebException: The remote name could not be resolved: 'mvconectorc000020151230000000631400000001cupom_cabecalho.rar'
   at System.Net.FtpWebRequest.EndGetRequestStream(IAsyncResult asyncResult)
   at Examples.System.Net.AsynchronousFtpUpLoader.EndGetStreamCallback(IAsyncResult ar) in c:\project vs 2013_home\conectorNew\cupomImport.cs:line 812 Processamento: 12-01-2016 09:38:35 Versao EXE.1.0.57 Versao Banco1.0.57
Transmissao de Arquivo => Store: 1 TERMINAL: 1 Envio: System.Net.WebException: The remote name could not be resolved: 'mvconectorc000020151230000000631600000001cupom_cabecalho.rar'
   at System.Net.FtpWebRequest.EndGetRequestStream(IAsyncResult asyncResult)
   at Examples.System.Net.AsynchronousFtpUpLoader.EndGetStreamCallback(IAsyncResult ar) in c:\project vs 2013_home\conectorNew\cupomImport.cs:line 812 Processamento: 12-01-2016 09:38:35 Versao EXE.1.0.57 Versao Banco1.0.57
Transmissao de Arquivo => Store: 1 TERMINAL: 1 Envio: System.Net.WebException: The remote name could not be resolved: 'mvconectorc000020151230000000631700000001cupom_cabecalho.rar'
   at System.Net.FtpWebRequest.EndGetRequestStream(IAsyncResult asyncResult)
   at Examples.System.Net.AsynchronousFtpUpLoader.EndGetStreamCallback(IAsyncResult ar) in c:\project vs 2013_home\conectorNew\cupomImport.cs:line 812 Processamento: 12-01-2016 09:38:36 Versao EXE.1.0.57 Versao Banco1.0.57
Transmissao de Arquivo => Store: 1 TERMINAL: 1 Envio: System.Net.WebException: The remote name could not be resolved: 'mvconectorc000020151230000000631800000001cupom_cabecalho.rar'
   at System.Net.FtpWebRequest.EndGetRequestStream(IAsyncResult asyncResult)
   at Examples.System.Net.AsynchronousFtpUpLoader.EndGetStreamCallback(IAsyncResult ar) in c:\project vs 2013_home\conectorNew\cupomImport.cs:line 812 Processamento: 12-01-2016 09:38:36 Versao EXE.1.0.57 Versao Banco1.0.57
Transmissao de Arquivo => Store: 1 TERMINAL: 1 Envio: System.Net.WebException: The remote name could not be resolved: 'mvconectorc000020151230000000631900000001cupom_cabecalho.rar'
   at System.Net.FtpWebRequest.EndGetRequestStream(IAsyncResult asyncResult)
   at Examples.System.Net.AsynchronousFtpUpLoader.EndGetStreamCallback(IAsyncResult ar) in c:\project vs 2013_home\conectorNew\cupomImport.cs:line 812 Processamento: 12-01-2016 09:38:36 Versao EXE.1.0.57 Versao Banco1.0.57
Transmissao de Arquivo => Store: 1 TERMINAL: 1 Envio: System.Net.WebException: The remote name could not be resolved: 'mvconectorc000020151230000000632000000001cupom_cabecalho.rar'
   at System.Net.FtpWebRequest.EndGetRequestStream(IAsyncResult asyncResult)
   at Examples.System.Net.AsynchronousFtpUpLoader.EndGetStreamCallback(IAsyncResult ar) in c:\project vs 2013_home\conectorNew\cupomImport.cs:line 812 Processamento: 12-01-2016 09:38:36 Versao EXE.1.0.57 Versao Banco1.0.57
Transmissao de Arquivo => Store: 1 TERMINAL: 1 Envio: System.Net.WebException: The remote name could not be resolved: 'mvconectorc000020151230000000632100000001cupom_cabecalho.rar'
   at System.Net.FtpWebRequest.EndGetRequestStream(IAsyncResult asyncResult)
   at Examples.System.Net.AsynchronousFtpUpLoader.EndGetStreamCallback(IAsyncResult ar) in c:\project vs 2013_home\conectorNew\cupomImport.cs:line 812 Processamento: 12-01-2016 09:38:36 Versao EXE.1.0.57 Versao Banco1.0.57
Transmissao de Arquivo => Store: 1 TERMINAL: 1 Envio: System.Net.WebException: The remote name could not be resolved: 'mvconectorc000020160104000000632700000001cupom_cabecalho.rar'
   at System.Net.FtpWebRequest.EndGetRequestStream(IAsyncResult asyncResult)
   at Examples.System.Net.AsynchronousFtpUpLoader.EndGetStreamCallback(IAsyncResult ar) in c:\project vs 2013_home\conectorNew\cupomImport.cs:line 812 Processamento: 12-01-2016 09:38:37 Versao EXE.1.0.57 Versao Banco1.0.57
Transmissao de Arquivo => Store: 1 TERMINAL: 1 Envio: System.Net.WebException: The remote name could not be resolved: 'mvconectorc000020160104000000632800000001cupom_cabecalho.rar'
   at System.Net.FtpWebRequest.EndGetRequestStream(IAsyncResult asyncResult)
   at Examples.System.Net.AsynchronousFtpUpLoader.EndGetStreamCallback(IAsyncResult ar) in c:\project vs 2013_home\conectorNew\cupomImport.cs:line 812 Processamento: 12-01-2016 09:38:37 Versao EXE.1.0.57 Versao Banco1.0.57
Transmissao de Arquivo => Store: 1 TERMINAL: 1 Envio: System.Net.WebException: The remote name could not be resolved: 'mvconectorc000020160104000000632900000001cupom_cabecalho.rar'
   at System.Net.FtpWebRequest.EndGetRequestStream(IAsyncResult asyncResult)
   at Examples.System.Net.AsynchronousFtpUpLoader.EndGetStreamCallback(IAsyncResult ar) in c:\project vs 2013_home\conectorNew\cupomImport.cs:line 812 Processamento: 12-01-2016 09:38:37 Versao EXE.1.0.57 Versao Banco1.0.57
Transmissao de Arquivo => Store: 1 TERMINAL: 1 Envio: System.Net.WebException: The remote name could not be resolved: 'mvconectorc000020160111000000633500000001cupom_cabecalho.rar'
   at System.Net.FtpWebRequest.EndGetRequestStream(IAsyncResult asyncResult)
   at Examples.System.Net.AsynchronousFtpUpLoader.EndGetStreamCallback(IAsyncResult ar) in c:\project vs 2013_home\conectorNew\cupomImport.cs:line 812 Processamento: 12-01-2016 09:38:37 Versao EXE.1.0.57 Versao Banco1.0.57
Transmissao de Arquivo => Store: 1 TERMINAL: 1 Envio: System.Net.WebException: The remote name could not be resolved: 'mvconectord000120151230000000630800000001cupom_detalhes.rar'
   at System.Net.FtpWebRequest.EndGetRequestStream(IAsyncResult asyncResult)
   at Examples.System.Net.AsynchronousFtpUpLoader.EndGetStreamCallback(IAsyncResult ar) in c:\project vs 2013_home\conectorNew\cupomImport.cs:line 812 Processamento: 12-01-2016 09:38:37 Versao EXE.1.0.57 Versao Banco1.0.57
Transmissao de Arquivo => Store: 1 TERMINAL: 1 Envio: System.Net.WebException: The remote name could not be resolved: 'mvconectord000120151230000000630900000001cupom_detalhes.rar'
   at System.Net.FtpWebRequest.EndGetRequestStream(IAsyncResult asyncResult)
   at Examples.System.Net.AsynchronousFtpUpLoader.EndGetStreamCallback(IAsyncResult ar) in c:\project vs 2013_home\conectorNew\cupomImport.cs:line 812 Processamento: 12-01-2016 09:38:37 Versao EXE.1.0.57 Versao Banco1.0.57
Transmissao de Arquivo => Store: 1 TERMINAL: 1 Envio: System.Net.WebException: The remote name could not be resolved: 'mvconectord000120151230000000631000000001cupom_detalhes.rar'
   at System.Net.FtpWebRequest.EndGetRequestStream(IAsyncResult asyncResult)
   at Examples.System.Net.AsynchronousFtpUpLoader.EndGetStreamCallback(IAsyncResult ar) in c:\project vs 2013_home\conectorNew\cupomImport.cs:line 812 Processamento: 12-01-2016 09:38:38 Versao EXE.1.0.57 Versao Banco1.0.57
Transmissao de Arquivo => Store: 1 TERMINAL: 1 Envio: System.Net.WebException: The remote name could not be resolved: 'mvconectord000120151230000000631100000001cupom_detalhes.rar'
   at System.Net.FtpWebRequest.EndGetRequestStream(IAsyncResult asyncResult)
   at Examples.System.Net.AsynchronousFtpUpLoader.EndGetStreamCallback(IAsyncResult ar) in c:\project vs 2013_home\conectorNew\cupomImport.cs:line 812 Processamento: 12-01-2016 09:38:38 Versao EXE.1.0.57 Versao Banco1.0.57
Transmissao de Arquivo => Store: 1 TERMINAL: 1 Envio: System.Net.WebException: The remote name could not be resolved: 'mvconectord000120151230000000631200000001cupom_detalhes.rar'
   at System.Net.FtpWebRequest.EndGetRequestStream(IAsyncResult asyncResult)
   at Examples.System.Net.AsynchronousFtpUpLoader.EndGetStreamCallback(IAsyncResult ar) in c:\project vs 2013_home\conectorNew\cupomImport.cs:line 812 Processamento: 12-01-2016 09:38:38 Versao EXE.1.0.57 Versao Banco1.0.57
Transmissao de Arquivo => Store: 1 TERMINAL: 1 Envio: System.Net.WebException: The remote name could not be resolved: 'mvconectord000120151230000000631300000001cupom_detalhes.rar'
   at System.Net.FtpWebRequest.EndGetRequestStream(IAsyncResult asyncResult)
   at Examples.System.Net.AsynchronousFtpUpLoader.EndGetStreamCallback(IAsyncResult ar) in c:\project vs 2013_home\conectorNew\cupomImport.cs:line 812 Processamento: 12-01-2016 09:38:38 Versao EXE.1.0.57 Versao Banco1.0.57
Transmissao de Arquivo => Store: 1 TERMINAL: 1 Envio: System.Net.WebException: The remote name could not be resolved: 'mvconectord000120151230000000631400000001cupom_detalhes.rar'
   at System.Net.FtpWebRequest.EndGetRequestStream(IAsyncResult asyncResult)
   at Examples.System.Net.AsynchronousFtpUpLoader.EndGetStreamCallback(IAsyncResult ar) in c:\project vs 2013_home\conectorNew\cupomImport.cs:line 812 Processamento: 12-01-2016 09:38:38 Versao EXE.1.0.57 Versao Banco1.0.57
Transmissao de Arquivo => Store: 1 TERMINAL: 1 Envio: System.Net.WebException: The remote name could not be resolved: 'mvconectord000120151230000000631600000001cupom_detalhes.rar'
   at System.Net.FtpWebRequest.EndGetRequestStream(IAsyncResult asyncResult)
   at Examples.System.Net.AsynchronousFtpUpLoader.EndGetStreamCallback(IAsyncResult ar) in c:\project vs 2013_home\conectorNew\cupomImport.cs:line 812 Processamento: 12-01-2016 09:38:39 Versao EXE.1.0.57 Versao Banco1.0.57
Transmissao de Arquivo => Store: 1 TERMINAL: 1 Envio: System.Net.WebException: The remote name could not be resolved: 'mvconectord000120151230000000631700000001cupom_detalhes.rar'
   at System.Net.FtpWebRequest.EndGetRequestStream(IAsyncResult asyncResult)
   at Examples.System.Net.AsynchronousFtpUpLoader.EndGetStreamCallback(IAsyncResult ar) in c:\project vs 2013_home\conectorNew\cupomImport.cs:line 812 Processamento: 12-01-2016 09:38:39 Versao EXE.1.0.57 Versao Banco1.0.57
Transmissao de Arquivo => Store: 1 TERMINAL: 1 Envio: System.Net.WebException: The remote name could not be resolved: 'mvconectord000120151230000000631800000001cupom_detalhes.rar'
   at System.Net.FtpWebRequest.EndGetRequestStream(IAsyncResult asyncResult)
   at Examples.System.Net.AsynchronousFtpUpLoader.EndGetStreamCallback(IAsyncResult ar) in c:\project vs 2013_home\conectorNew\cupomImport.cs:line 812 Processamento: 12-01-2016 09:38:40 Versao EXE.1.0.57 Versao Banco1.0.57
Transmissao de Arquivo => Store: 1 TERMINAL: 1 Envio: System.Net.WebException: The remote name could not be resolved: 'mvconectord000120151230000000631900000001cupom_detalhes.rar'
   at System.Net.FtpWebRequest.EndGetRequestStream(IAsyncResult asyncResult)
   at Examples.System.Net.AsynchronousFtpUpLoader.EndGetStreamCallback(IAsyncResult ar) in c:\project vs 2013_home\conectorNew\cupomImport.cs:line 812 Processamento: 12-01-2016 09:38:40 Versao EXE.1.0.57 Versao Banco1.0.57
Transmissao de Arquivo => Store: 1 TERMINAL: 1 Envio: System.Net.WebException: The remote name could not be resolved: 'mvconectord000120151230000000632000000001cupom_detalhes.rar'
   at System.Net.FtpWebRequest.EndGetRequestStream(IAsyncResult asyncResult)
   at Examples.System.Net.AsynchronousFtpUpLoader.EndGetStreamCallback(IAsyncResult ar) in c:\project vs 2013_home\conectorNew\cupomImport.cs:line 812 Processamento: 12-01-2016 09:38:41 Versao EXE.1.0.57 Versao Banco1.0.57
Transmissao de Arquivo => Store: 1 TERMINAL: 1 Envio: System.Net.WebException: The remote name could not be resolved: 'mvconectord000120151230000000632100000001cupom_detalhes.rar'
   at System.Net.FtpWebRequest.EndGetRequestStream(IAsyncResult asyncResult)
   at Examples.System.Net.AsynchronousFtpUpLoader.EndGetStreamCallback(IAsyncResult ar) in c:\project vs 2013_home\conectorNew\cupomImport.cs:line 812 Processamento: 12-01-2016 09:38:42 Versao EXE.1.0.57 Versao Banco1.0.57
Transmissao de Arquivo => Store: 1 TERMINAL: 1 Envio: System.Net.WebException: The remote name could not be resolved: 'mvconectord000120160104000000632700000001cupom_detalhes.rar'
   at System.Net.FtpWebRequest.EndGetRequestStream(IAsyncResult asyncResult)
   at Examples.System.Net.AsynchronousFtpUpLoader.EndGetStreamCallback(IAsyncResult ar) in c:\project vs 2013_home\conectorNew\cupomImport.cs:line 812 Processamento: 12-01-2016 09:38:43 Versao EXE.1.0.57 Versao Banco1.0.57
Transmissao de Arquivo => Store: 1 TERMINAL: 1 Envio: System.Net.WebException: The remote name could not be resolved: 'mvconectord000120160104000000632800000001cupom_detalhes.rar'
   at System.Net.FtpWebRequest.EndGetRequestStream(IAsyncResult asyncResult)
   at Examples.System.Net.AsynchronousFtpUpLoader.EndGetStreamCallback(IAsyncResult ar) in c:\project vs 2013_home\conectorNew\cupomImport.cs:line 812 Processamento: 12-01-2016 09:38:43 Versao EXE.1.0.57 Versao Banco1.0.57
Transmissao de Arquivo => Store: 1 TERMINAL: 1 Envio: System.Net.WebException: The remote name could not be resolved: 'mvconectord000120160104000000632900000001cupom_detalhes.rar'
   at System.Net.FtpWebRequest.EndGetRequestStream(IAsyncResult asyncResult)
   at Examples.System.Net.AsynchronousFtpUpLoader.EndGetStreamCallback(IAsyncResult ar) in c:\project vs 2013_home\conectorNew\cupomImport.cs:line 812 Processamento: 12-01-2016 09:38:44 Versao EXE.1.0.57 Versao Banco1.0.57
Transmissao de Arquivo => Store: 1 TERMINAL: 1 Envio: System.Net.WebException: The remote name could not be resolved: 'mvconectord000120160111000000633500000001cupom_detalhes.rar'
   at System.Net.FtpWebRequest.EndGetRequestStream(IAsyncResult asyncResult)
   at Examples.System.Net.AsynchronousFtpUpLoader.EndGetStreamCallback(IAsyncResult ar) in c:\project vs 2013_home\conectorNew\cupomImport.cs:line 812 Processamento: 12-01-2016 09:38:45 Versao EXE.1.0.57 Versao Banco1.0.57
Transmissao de Arquivo => Store: 1 TERMINAL: 1 Envio: System.Net.WebException: The remote name could not be resolved: 'mvconectord000120160112000000634000000001cupom_detalhes.rar'
   at System.Net.FtpWebRequest.EndGetRequestStream(IAsyncResult asyncResult)
   at Examples.System.Net.AsynchronousFtpUpLoader.EndGetStreamCallback(IAsyncResult ar) in c:\project vs 2013_home\conectorNew\cupomImport.cs:line 812 Processamento: 12-01-2016 09:38:45 Versao EXE.1.0.57 Versao Banco1.0.57
Transmissao de Arquivo => Store: 1 TERMINAL: 1 Envio: System.Net.WebException: The remote name could not be resolved: 'mvconectord000220151230000000632100000001cupom_detalhes.rar'
   at System.Net.FtpWebRequest.EndGetRequestStream(IAsyncResult asyncResult)
   at Examples.System.Net.AsynchronousFtpUpLoader.EndGetStreamCallback(IAsyncResult ar) in c:\project vs 2013_home\conectorNew\cupomImport.cs:line 812 Processamento: 12-01-2016 09:38:46 Versao EXE.1.0.57 Versao Banco1.0.57
Transmissao de Arquivo => Store: 1 TERMINAL: 1 Envio: System.Net.WebException: The remote name could not be resolved: 'mvconectord000220160104000000632800000001cupom_detalhes.rar'
   at System.Net.FtpWebRequest.EndGetRequestStream(IAsyncResult asyncResult)
   at Examples.System.Net.AsynchronousFtpUpLoader.EndGetStreamCallback(IAsyncResult ar) in c:\project vs 2013_home\conectorNew\cupomImport.cs:line 812 Processamento: 12-01-2016 09:38:46 Versao EXE.1.0.57 Versao Banco1.0.57
Transmissao de Arquivo => Store: 1 TERMINAL: 1 Envio: System.Net.WebException: The remote name could not be resolved: 'mvconectord000320151230000000632100000001cupom_detalhes.rar'
   at System.Net.FtpWebRequest.EndGetRequestStream(IAsyncResult asyncResult)
   at Examples.System.Net.AsynchronousFtpUpLoader.EndGetStreamCallback(IAsyncResult ar) in c:\project vs 2013_home\conectorNew\cupomImport.cs:line 812 Processamento: 12-01-2016 09:38:47 Versao EXE.1.0.57 Versao Banco1.0.57
Transmissao de Arquivo => Store: 1 TERMINAL: 1 Envio: System.Net.WebException: The remote name could not be resolved: 'mvconectorf000120151230000000628200000001fechamentocaixa.rar'
   at System.Net.FtpWebRequest.EndGetRequestStream(IAsyncResult asyncResult)
   at Examples.System.Net.AsynchronousFtpUpLoader.EndGetStreamCallback(IAsyncResult ar) in c:\project vs 2013_home\conectorNew\cupomImport.cs:line 812 Processamento: 12-01-2016 09:38:47 Versao EXE.1.0.57 Versao Banco1.0.57
Transmissao de Arquivo => Store: 1 TERMINAL: 1 Envio: System.Net.WebException: The remote name could not be resolved: 'mvconectorf000120151230000000629000000001fechamentocaixa.rar'
   at System.Net.FtpWebRequest.EndGetRequestStream(IAsyncResult asyncResult)
   at Examples.System.Net.AsynchronousFtpUpLoader.EndGetStreamCallback(IAsyncResult ar) in c:\project vs 2013_home\conectorNew\cupomImport.cs:line 812 Processamento: 12-01-2016 09:38:47 Versao EXE.1.0.57 Versao Banco1.0.57
Transmissao de Arquivo => Store: 1 TERMINAL: 1 Envio: System.Net.WebException: The remote name could not be resolved: 'mvconectorf000120151230000000629500000001fechamentocaixa.rar'
   at System.Net.FtpWebRequest.EndGetRequestStream(IAsyncResult asyncResult)
   at Examples.System.Net.AsynchronousFtpUpLoader.EndGetStreamCallback(IAsyncResult ar) in c:\project vs 2013_home\conectorNew\cupomImport.cs:line 812 Processamento: 12-01-2016 09:38:48 Versao EXE.1.0.57 Versao Banco1.0.57
Transmissao de Arquivo => Store: 1 TERMINAL: 1 Envio: System.Net.WebException: The remote name could not be resolved: 'mvconectorf000120151230000000630000000001fechamentocaixa.rar'
   at System.Net.FtpWebRequest.EndGetRequestStream(IAsyncResult asyncResult)
   at Examples.System.Net.AsynchronousFtpUpLoader.EndGetStreamCallback(IAsyncResult ar) in c:\project vs 2013_home\conectorNew\cupomImport.cs:line 812 Processamento: 12-01-2016 09:38:49 Versao EXE.1.0.57 Versao Banco1.0.57
Transmissao de Arquivo => Store: 1 TERMINAL: 1 Envio: System.Net.WebException: The remote name could not be resolved: 'mvconectorf000120151230000000630200000001fechamentocaixa.rar'
   at System.Net.FtpWebRequest.EndGetRequestStream(IAsyncResult asyncResult)
   at Examples.System.Net.AsynchronousFtpUpLoader.EndGetStreamCallback(IAsyncResult ar) in c:\project vs 2013_home\conectorNew\cupomImport.cs:line 812 Processamento: 12-01-2016 09:38:50 Versao EXE.1.0.57 Versao Banco1.0.57
Transmissao de Arquivo => Store: 1 TERMINAL: 1 Envio: System.Net.WebException: The remote name could not be resolved: 'mvconectorf000220160104000000632100000001fechamentocaixa.rar'
   at System.Net.FtpWebRequest.EndGetRequestStream(IAsyncResult asyncResult)
   at Examples.System.Net.AsynchronousFtpUpLoader.EndGetStreamCallback(IAsyncResult ar) in c:\project vs 2013_home\conectorNew\cupomImport.cs:line 812 Processamento: 12-01-2016 09:38:51 Versao EXE.1.0.57 Versao Banco1.0.57
Transmissao de Arquivo => Store: 1 TERMINAL: 1 Envio: System.Net.WebException: The remote name could not be resolved: 'mvconectorf000220160111000000633000000001fechamentocaixa.rar'
   at System.Net.FtpWebRequest.EndGetRequestStream(IAsyncResult asyncResult)
   at Examples.System.Net.AsynchronousFtpUpLoader.EndGetStreamCallback(IAsyncResult ar) in c:\project vs 2013_home\conectorNew\cupomImport.cs:line 812 Processamento: 12-01-2016 09:38:51 Versao EXE.1.0.57 Versao Banco1.0.57
Transmissao de Arquivo => Store: 1 TERMINAL: 1 Envio: System.Net.WebException: The remote name could not be resolved: 'mvconectorf000220160112000000633500000001fechamentocaixa.rar'
   at System.Net.FtpWebRequest.EndGetRequestStream(IAsyncResult asyncResult)
   at Examples.System.Net.AsynchronousFtpUpLoader.EndGetStreamCallback(IAsyncResult ar) in c:\project vs 2013_home\conectorNew\cupomImport.cs:line 812 Processamento: 12-01-2016 09:38:51 Versao EXE.1.0.57 Versao Banco1.0.57
Transmissao de Arquivo => Store: 1 TERMINAL: 1 Envio: System.Net.WebException: The remote name could not be resolved: 'mvconectorh000020151230000000630900000001cheque.rar'
   at System.Net.FtpWebRequest.EndGetRequestStream(IAsyncResult asyncResult)
   at Examples.System.Net.AsynchronousFtpUpLoader.EndGetStreamCallback(IAsyncResult ar) in c:\project vs 2013_home\conectorNew\cupomImport.cs:line 812 Processamento: 12-01-2016 09:38:52 Versao EXE.1.0.57 Versao Banco1.0.57
Transmissao de Arquivo => Store: 1 TERMINAL: 1 Envio: System.Net.WebException: The remote name could not be resolved: 'mvconectorm000120151230000000630800000001cupom_movimento.rar'
   at System.Net.FtpWebRequest.EndGetRequestStream(IAsyncResult asyncResult)
   at Examples.System.Net.AsynchronousFtpUpLoader.EndGetStreamCallback(IAsyncResult ar) in c:\project vs 2013_home\conectorNew\cupomImport.cs:line 812 Processamento: 12-01-2016 09:38:52 Versao EXE.1.0.57 Versao Banco1.0.57
Transmissao de Arquivo => Store: 1 TERMINAL: 1 Envio: System.Net.WebException: The remote name could not be resolved: 'mvconectorm000120151230000000630900000001cupom_movimento.rar'
   at System.Net.FtpWebRequest.EndGetRequestStream(IAsyncResult asyncResult)
   at Examples.System.Net.AsynchronousFtpUpLoader.EndGetStreamCallback(IAsyncResult ar) in c:\project vs 2013_home\conectorNew\cupomImport.cs:line 812 Processamento: 12-01-2016 09:38:52 Versao EXE.1.0.57 Versao Banco1.0.57
Transmissao de Arquivo => Store: 1 TERMINAL: 1 Envio: System.Net.WebException: The remote name could not be resolved: 'mvconectorm000120151230000000631000000001cupom_movimento.rar'
   at System.Net.FtpWebRequest.EndGetRequestStream(IAsyncResult asyncResult)
   at Examples.System.Net.AsynchronousFtpUpLoader.EndGetStreamCallback(IAsyncResult ar) in c:\project vs 2013_home\conectorNew\cupomImport.cs:line 812 Proc