Transmissao de Arquivo => Store: 1 TERMINAL: 1 Envio: System.Net.WebException: Unable to connect to the remote server
   at System.Net.FtpWebRequest.EndGetRequestStream(IAsyncResult asyncResult)
   at Examples.System.Net.AsynchronousFtpUpLoader.EndGetStreamCallback(IAsyncResult ar) in c:\project vs 2013_home\conectorNew\cupomImport.cs:line 812 Processamento: 30-10-2015 15:56:10 Versao EXE.1.0.57 Versao Banco1.0.57
Transmissao de Arquivo => Store: 1 TERMINAL: 1 Envio: System.Net.WebException: Unable to connect to the remote server
   at System.Net.FtpWebRequest.EndGetRequestStream(IAsyncResult asyncResult)
   at Examples.System.Net.AsynchronousFtpUpLoader.EndGetStreamCallback(IAsyncResult ar) Processamento: 30-10-2015 15:56:44 Versao EXE.1.0.57 Versao Banco1.0.57
Transmissao de Arquivo => Store: 1 TERMINAL: 1 Envio: System.Net.WebException: Unable to connect to the remote server
   at System.Net.FtpWebRequest.EndGetRequestStream(IAsyncResult asyncResult)
   at Examples.System.Net.AsynchronousFtpUpLoader.EndGetStreamCallback(IAsyncResult ar) Processamento: 30-10-2015 15:57:05 Versao EXE.1.0.57 Versao Banco1.0.57
Transmissao de Arquivo => Store: 1 TERMINAL: 1 Envio: System.Net.WebException: Unable to connect to the remote server
   at System.Net.FtpWebRequest.EndGetRequestStream(IAsyncResult asyncResult)
   at Examples.System.Net.AsynchronousFtpUpLoader.EndGetStreamCallback(IAsyncResult ar) Processamento: 30-10-2015 15:57:32 Versao EXE.1.0.57 Versao Banco1.0.57
Transmissao de Arquivo => Store: 1 TERMINAL: 1 Envio: System.Net.WebException: Unable to connect to the remote server
   at System.Net.FtpWebRequest.EndGetRequestStream(IAsyncResult asyncResult)
   at Examples.System.Net.AsynchronousFtpUpLoader.EndGetStreamCallback(IAsyncResult ar) Processamento: 30-10-2015 16:00:42 Versao EXE.1.0.57 Versao Banco1.0.57
Transmissao de Arquivo => Store: 1 TERMINAL: 1 Envio: System.Net.WebException: Unable to connect to the remote server
   at System.Net.FtpWebRequest.EndGetRequestStream(IAsyncResult asyncResult)
   at Examples.System.Net.AsynchronousFtpUpLoader.EndGetStreamCallback(IAsyncResult ar) Processamento: 30-10-2015 16:01:03 Versao EXE.1.0.57 Versao Banco1.0.57
Transmissao de Arquivo => Store: 1 TERMINAL: 1 Envio: System.Net.WebException: Unable to connect to the remote server
   at System.Net.FtpWebRequest.EndGetRequestStream(IAsyncResult asyncResult)
   at Examples.System.Net.AsynchronousFtpUpLoader.EndGetStreamCallback(IAsyncResult ar) Processamento: 30-10-2015 16:02:33 Versao EXE.1.0.57 Versao Banco1.0.57
Transmissao de Arquivo => Store: 1 TERMINAL: 1 Envio: System.Net.WebException: Unable to connect to the remote server
   at System.Net.FtpWebRequest.EndGetRequestStream(IAsyncResult asyncResult)
   at Examples.System.Net.AsynchronousFtpUpLoader.EndGetStreamCallback(IAsyncResult ar) Processamento: 30-10-2015 16:02:57 Versao EXE.1.0.57 Versao Banco1.0.57
Transmissao de Arquivo => Store: 1 TERMINAL: 1 Envio: System.Net.WebException: Unable to connect to the remote server
   at System.Net.FtpWebRequest.EndGetRequestStream(IAsyncResult asyncResult)
   at Examples.System.Net.AsynchronousFtpUpLoader.EndGetStreamCallback(IAsyncResult ar) Processamento: 30-10-2015 16:04:04 Versao EXE.1.0.57 Versao Banco1.0.57
Transmissao de Arquivo => Store: 1 TERMINAL: 1 Envio: System.Net.WebException: Unable to connect to the remote server
   at System.Net.FtpWebRequest.EndGetRequestStream(IAsyncResult asyncResult)
   at Examples.System.Net.AsynchronousFtpUpLoader.EndGetStreamCallback(IAsyncResult ar) Processamento: 30-10-2015 16:04:25 Versao EXE.1.0.57 Versao Banco1.0.57
Transmissao de Arquivo => Store: 1 TERMINAL: 1 Envio: System.Net.WebException: Unable to connect to the remote server
   at System.Net.FtpWebRequest.EndGetRequestStream(IAsyncResult asyncResult)
   at Examples.System.Net.AsynchronousFtpUpLoader.EndGetStreamCallback(IAsyncResult ar) Processamento: 30-10-2015 16:04:47 Versao EXE.1.0.57 Versao Banco1.0.57
Transmissao de Arquivo => Store: 1 TERMINAL: 1 Envio: System.Net.WebException: Unable to connect to the remote server
   at System.Net.FtpWebRequest.EndGetRequestStream(IAsyncResult asyncResult)
   at Examples.System.Net.AsynchronousFtpUpLoader.EndGetStreamCallback(IAsyncResult ar) Processamento: 30-10-2015 16:05:08 Versao EXE.1.0.57 Versao Banco1.0.57
Transmissao de Arquivo => Store: 1 TERMINAL: 1 Envio: System.Net.WebException: Unable to connect to the remote server
   at System.Net.FtpWebRequest.EndGetRequestStream(IAsyncResult asyncResult)
   at Examples.System.Net.AsynchronousFtpUpLoader.EndGetStreamCallback(IAsyncResult ar) Processamento: 30-10-2015 16:05:29 Versao EXE.1.0.57 Versao Banco1.0.57
Transmissao de Arquivo => Store: 1 TERMINAL: 1 Envio: System.Net.WebException: Unable to connect to the remote server
   at System.Net.FtpWebRequest.EndGetRequestStream(IAsyncResult asyncResult)
   at Examples.System.Net.AsynchronousFtpUpLoader.EndGetStreamCallback(IAsyncResult ar) Processamento: 30-10-2015 16:05:50 Versao EXE.1.0.57 Versao Banco1.0.57
Transmissao de Arquivo => Store: 1 TERMINAL: 1 Envio: System.Net.WebException: Unable to connect to the remote server
   at System.Net.FtpWebRequest.EndGetRequestStream(IAsyncResult asyncResult)
   at Examples.System.Net.AsynchronousFtpUpLoader.EndGetStreamCallback(IAsyncResult ar) Processamento: 30-10-2015 16:06:11 Versao EXE.1.0.57 Versao Banco1.0.57
Transmissao de Arquivo => Store: 1 TERMINAL: 1 Envio: System.Net.WebException: Unable to connect to the remote server
   at System.Net.FtpWebRequest.EndGetRequestStream(IAsyncResult asyncResult)
   at Examples.System.Net.AsynchronousFtpUpLoader.EndGetStreamCallback(IAsyncResult ar) Processamento: 30-10-2015 16:06:32 Versao EXE.1.0.57 Versao Banco1.0.57
Transmissao de Arquivo => Store: 1 TERMINAL: 1 Envio: System.Net.WebException: Unable to connect to the remote server
   at System.Net.FtpWebRequest.EndGetRequestStream(IAsyncResult asyncResult)
   at Examples.System.Net.AsynchronousFtpUpLoader.EndGetStreamCallback(IAsyncResult ar) Processamento: 30-10-2015 16:06:53 Versao EXE.1.0.57 Versao Banco1.0.57
Transmissao de Arquivo => Store: 1 TERMINAL: 1 Envio: System.Net.WebException: Unable to connect to the remote server
   at System.Net.FtpWebRequest.EndGetRequestStream(IAsyncResult asyncResult)
   at Examples.System.Net.AsynchronousFtpUpLoader.EndGetStreamCallback(IAsyncResult ar) Processamento: 30-10-2015 16:07:15 Versao EXE.1.0.57 Versao Banco1.0.57
Transmissao de Arquivo => Store: 1 TERMINAL: 1 Envio: System.Net.WebException: Unable to connect to the remote server
   at System.Net.FtpWebRequest.EndGetRequestStream(IAsyncResult asyncResult)
   at Examples.System.Net.AsynchronousFtpUpLoader.EndGetStreamCallback(IAsyncResult ar) Processamento: 30-10-2015 16:07:36 Versao EXE.1.0.57 Versao Banco1.0.57
Transmissao de Arquivo => Store: 1 TERMINAL: 1 Envio: System.Net.WebException: Unable to connect to the remote server
   at System.Net.FtpWebRequest.EndGetRequestStream(IAsyncResult asyncResult)
   at Examples.System.Net.AsynchronousFtpUpLoader.EndGetStreamCallback(IAsyncResult ar) Processamento: 30-10-2015 16:07:57 Versao EXE.1.0.57 Versao Banco1.0.57
Transmissao de Arquivo => Store: 1 TERMINAL: 1 Envio: System.Net.WebException: Unable to connect to the remote server
   at System.Net.FtpWebRequest.EndGetRequestStream(IAsyncResult asyncResult)
   at Examples.System.Net.AsynchronousFtpUpLoader.EndGetStreamCallback(IAsyncResult ar) Processamento: 30-10-2015 16:08:29 Versao EXE.1.0.57 Versao Banco1.0.57
Transmissao de Arquivo => Store: 1 TERMINAL: 1 Envio: System.Net.WebException: Unable to connect to the remote server
   at System.Net.FtpWebRequest.EndGetRequestStream(IAsyncResult asyncResult)
   at Examples.System.Net.AsynchronousFtpUpLoader.EndGetStreamCallback(IAsyncResult ar) Processamento: 30-10-2015 16:08:48 Versao EXE.1.0.57 Versao Banco1.0.57
Transmissao de Arquivo => Store: 1 TERMINAL: 1 Envio: System.Net.WebException: Unable to connect to the remote server
   at System.Net.FtpWebRequest.EndGetRequestStream(IAsyncResult asyncResult)
   at Examples.System.Net.AsynchronousFtpUpLoader.EndGetStreamCallback(IAsyncResult ar) Processamento: 01-11-2015 17:03:38 Versao EXE.1.0.57 Versao Banco1.0.57
Transmissao de Arquivo => Store: 1 TERMINAL: 1 Envio: System.Net.WebException: The remote name could not be resolved: 'mvconectorc000020151030000000627300000001cupom_cabecalho.rar'
   at System.Net.FtpWebRequest.EndGetRequestStream(IAsyncResult asyncResult)
   at Examples.System.Net.AsynchronousFtpUpLoader.EndGetStreamCallback(IAsyncResult ar) Processamento: 01-11-2015 17:03:48 Versao EXE.1.0.57 Versao Banco1.0.57
Transmissao de Arquivo => Store: 1 TERMINAL: 1 Envio: System.Net.WebException: The remote name could not be resolved: 'mvconectorc000020151030000000627400000001cupom_cabecalho.rar'
   at System.Net.FtpWebRequest.EndGetRequestStream(IAsyncResult asyncResult)
   at Examples.System.Net.AsynchronousFtpUpLoader.EndGetStreamCallback(IAsyncResult ar) Processamento: 01-11-2015 17:03:50 Versao EXE.1.0.57 Versao Banco1.0.57
Transmissao de Arquivo => Store: 1 TERMINAL: 1 Envio: System.Net.WebException: The remote name could not be resolved: 'mvconectorc000020151030000000627500000001cupom_cabecalho.rar'
   at System.Net.FtpWebRequest.EndGetRequestStream(IAsyncResult asyncResult)
   at Examples.System.Net.AsynchronousFtpUpLoader.EndGetStreamCallback(IAsyncResult ar) Processamento: 01-11-2015 17:03:51 Versao EXE.1.0.57 Versao Banco1.0.57
Transmissao de Arquivo => Store: 1 TERMINAL: 1 Envio: System.Net.WebException: The remote name could not be resolved: 'mvconectord000120151030000000627200000001cupom_detalhes.rar'
   at System.Net.FtpWebRequest.EndGetRequestStream(IAsyncResult asyncResult)
   at Examples.System.Net.AsynchronousFtpUpLoader.EndGetStreamCallback(IAsyncResult ar) Processamento: 01-11-2015 17:03:51 Versao EXE.1.0.57 Versao Banco1.0.57
Transmissao de Arquivo => Store: 1 TERMINAL: 1 Envio: System.Net.WebException: The remote name could not be resolved: 'mvconectord000120151030000000627300000001cupom_detalhes.rar'
   at System.Net.FtpWebRequest.EndGetRequestStream(IAsyncResult asyncResult)
   at Examples.System.Net.AsynchronousFtpUpLoader.EndGetStreamCallback(IAsyncResult ar) Processamento: 01-11-2015 17:03:51 Versao EXE.1.0.57 Versao Banco1.0.57
Transmissao de Arquivo => Store: 1 TERMINAL: 1 Envio: System.Net.WebException: The remote name could not be resolved: 'mvconectord000120151030000000627400000001cupom_detalhes.rar'
   at System.Net.FtpWebRequest.EndGetRequestStream(IAsyncResult asyncResult)
   at Examples.System.Net.AsynchronousFtpUpLoader.EndGetStreamCallback(IAsyncResult ar) Processamento: 01-11-2015 17:03:52 Versao EXE.1.0.57 Versao Banco1.0.57
Transmissao de Arquivo => Store: 1 TERMINAL: 1 Envio: System.Net.WebException: The remote name could not be resolved: 'mvconectord000120151030000000627500000001cupom_detalhes.rar'
   at System.Net.FtpWebRequest.EndGetRequestStream(IAsyncResult asyncResult)
   at Examples.System.Net.AsynchronousFtpUpLoader.EndGetStreamCallback(IAsyncResult ar) Processamento: 01-11-2015 17:03:52 Versao EXE.1.0.57 Versao Banco1.0.57
Transmissao de Arquivo => Store: 1 TERMINAL: 1 Envio: System.Net.WebException: The remote name could not be resolved: 'mvconectord000220151030000000627300000001cupom_detalhes.rar'
   at System.Net.FtpWebRequest.EndGetRequestStream(IAsyncResult asyncResult)
   at Examples.System.Net.AsynchronousFtpUpLoader.EndGetStreamCallback(IAsyncResult ar) Processamento: 01-11-2015 17:03:52 Versao EXE.1.0.57 Versao Banco1.0.57
Transmissao de Arquivo => Store: 1 TERMINAL: 1 Envio: System.Net.WebException: The remote name could not be resolved: 'mvconectorf000220151030000000627500000001fechamentocaixa.rar'
   at System.Net.FtpWebRequest.EndGetRequestStream(IAsyncResult asyncResult)
   at Examples.System.Net.AsynchronousFtpUpLoader.EndGetStreamCallback(IAsyncResult ar) Processamento: 01-11-2015 17:03:52 Versao EXE.1.0.57 Versao Banco1.0.57
Transmissao de Arquivo => Store: 1 TERMINAL: 1 Envio: System.Net.WebException: The remote name could not be resolved: 'mvconectorh000020151030000000627400000001cheque.rar'
   at System.Net.FtpWebRequest.EndGetRequestStream(IAsyncResult asyncResult)
   at Examples.System.Net.AsynchronousFtpUpLoader.EndGetStreamCallback(IAsyncResult ar) Processamento: 01-11-2015 17:03:52 Versao EXE.1.0.57 Versao Banco1.0.57
Transmissao de Arquivo => Store: 1 TERMINAL: 1 Envio: System.Net.WebException: The remote name could not be resolved: 'mvconectorm000120151030000000627200000001cupom_movimento.rar'
   at System.Net.FtpWebRequest.EndGetRequestStream(IAsyncResult asyncResult)
   at Examples.System.Net.AsynchronousFtpUpLoader.EndGetStreamCallback(IAsyncResult ar) Processamento: 01-11-2015 17:03:52 Versao EXE.1.0.57 Versao Banco1.0.57
Transmissao de Arquivo => Store: 1 TERMINAL: 1 Envio: System.Net.WebException: The remote name could not be resolved: 'mvconectorm000120151030000000627300000001cupom_movimento.rar'
   at System.Net.FtpWebRequest.EndGetRequestStream(IAsyncResult asyncResult)
   at Examples.System.Net.AsynchronousFtpUpLoader.EndGetStreamCallback(IAsyncResult ar) Processamento: 01-11-2015 17:03:52 Versao EXE.1.0.57 Versao Banco1.0.57
Transmissao de Arquivo => Store: 1 TERMINAL: 1 Envio: System.Net.WebException: The remote name could not be resolved: 'mvconectorm000120151030000000627400000001cupom_movimento.rar'
   at System.Net.FtpWebRequest.EndGetRequestStream(IAsyncResult asyncResult)
   at Examples.System.Net.AsynchronousFtpUpLoader.EndGetStreamCallback(IAsyncResult ar) Processamento: 01-11-2015 17:03:52 Versao EXE.1.0.57 Versao Banco1.0.57
Transmissao de Arquivo => Store: 1 TERMINAL: 1 Envio: System.Net.WebException: The remote name could not be resolved: 'mvconectorm000120151030000000627500000001cupom_movimento.rar'
   at System.Net.FtpWebRequest.EndGetRequestStream(IAsyncResult asyncResult)
   at Examples.System.Net.AsynchronousFtpUpLoader.EndGetStreamCallback(IAsyncResult ar) Processamento: 01-11-2015 17:03:52 Versao EXE.1.0.57 Versao Banco1.0.57
Transmissao de Arquivo => Store: 1 TERMINAL: 1 Envio: System.Net.WebException: The remote name could not be resolved: 'mvconectort000020151030000000019900000001detalhe_reducao_aliquota.rar'
   at System.Net.FtpWebRequest.EndGetRequestStream(IAsyncResult asyncResult)
   at Examples.System.Net.AsynchronousFtpUpLoader.EndGetStreamCallback(IAsyncResult ar) Processamento: 01-11-2015 17:03:52 Versao EXE.1.0.57 Versao Banco1.0.57
Transmissao de Arquivo => Store: 1 TERMINAL: 1 Envio: System.Net.WebException: The remote name could not be resolved: 'mvconectort000120151030000000019900000001detalhe_reducao_aliquota.rar'
   at System.Net.FtpWebRequest.EndGetRequestStream(IAsyncResult asyncResult)
   at Examples.System.Net.AsynchronousFtpUpLoader.EndGetStreamCallback(IAsyncResult ar) Processamento: 01-11-2015 17:03:52 Versao EXE.1.0.57 Versao Banco1.0.57
Transmissao de Arquivo => Store: 1 TERMINAL: 1 Envio: System.Net.WebException: The remote name could not be resolved: 'mvconectort000220151030000000019900000001detalhe_reducao_aliquota.rar'
   at System.Net.FtpWebRequest.EndGetRequestStream(IAsyncResult asyncResult)
   at Examples.System.Net.AsynchronousFtpUpLoader.EndGetStreamCallback(IAsyncResult ar) Processamento: 01-11-2015 17:03:52 Versao EXE.1.0.57 Versao Banco1.0.57
Transmissao de Arquivo => Store: 1 TERMINAL: 1 Envio: System.Net.WebException: The remote name could not be resolved: 'mvconectort001520151030000000019900000001detalhe_reducao_aliquota.rar'
   at System.Net.FtpWebRequest.EndGetRequestStream(IAsyncResult asyncResult)
   at Examples.System.Net.AsynchronousFtpUpLoader.EndGetStreamCallback(IAsyncResult ar) Processamento: 01-11-2015 17:03:52 Versao EXE.1.0.57 Versao Banco1.0.57
Transmissao de Arquivo => Store: 1 TERMINAL: 1 Envio: System.Net.WebException: The remote name could not be resolved: 'mvconectort001620151030000000019900000001detalhe_reducao_aliquota.rar'
   at System.Net.FtpWebRequest.EndGetRequestStream(IAsyncResult asyncResult)
   at Examples.System.Net.AsynchronousFtpUpLoader.EndGetStreamCallback(IAsyncResult ar) Processamento: 01-11-2015 17:03:53 Versao EXE.1.0.57 Versao Banco1.0.57
Transmissao de Arquivo => Store: 1 TERMINAL: 1 Envio: System.Net.WebException: The remote name could not be resolved: 'mvconectorx001320151030000000019900000001detalhe_reducao.rar'
   at System.Net.FtpWebRequest.EndGetRequestStream(IAsyncResult asyncResult)
   at Examples.System.Net.AsynchronousFtpUpLoader.EndGetStreamCallback(IAsyncResult ar) Processamento: 01-11-2015 17:03:53 Versao EXE.1.0.57 Versao Banco1.0.57
Transmissao de Arquivo => Store: 1 TERMINAL: 1 Envio: System.Net.WebException: The remote name could not be resolved: 'mvconectorz019920151030000000627600000001movimentodia.rar'
   at System.Net.FtpWebRequest.EndGetRequestStream(IAsyncResult asyncResult)
   at Examples.System.Net.AsynchronousFtpUpLoader.EndGetStreamCallback(IAsyncResult ar) Processamento: 01-11-2015 17:03:53 Versao EXE.1.0.57 Versao Banco1.0.57
Transmissao de Arquivo => Store: 1 TERMINAL: 1 Envio: System.Net.WebException: The remote name could not be resolved: 'mvconectorc000020151030000000627200000001cupom_cabecalho.rar'
   at System.Net.FtpWebRequest.EndGetRequestStream(IAsyncResult asyncResult)
   at Examples.System.Net.AsynchronousFtpUpLoader.EndGetStreamCallback(IAsyncResult ar) Processamento: 01-11-2015 17:03:53 Versao EXE.1.0.57 Versao Banco1.0.57
Transmissao de Arquivo => Store: 1 TERMINAL: 1 Envio: System.Net.WebException: The remote name could not be resolved: 'mvconectorc000020151030000000627300000001cupom_cabecalho.rar'
   at System.Net.FtpWebRequest.EndGetRequestStream(IAsyncResult asyncResult)
   at Examples.System.Net.AsynchronousFtpUpLoader.EndGetStreamCallback(IAsyncResult ar) Processamento: 01-11-2015 17:03:53 Versao EXE.1.0.57 Versao Banco1.0.57
Transmissao de Arquivo => Store: 1 TERMINAL: 1 Envio: System.Net.WebException: The remote name could not be resolved: 'mvconectorc000020151030000000627400000001cupom_cabecalho.rar'
   at System.Net.FtpWebRequest.EndGetRequestStream(IAsyncResult asyncResult)
   at Examples.System.Net.AsynchronousFtpUpLoader.EndGetStreamCallback(IAsyncResult ar) Processamento: 01-11-2015 17:03:53 Versao EXE.1.0.57 Versao Banco1.0.57
Transmissao de Arquivo => Store: 1 TERMINAL: 1 Envio: System.Net.WebException: The remote name could not be resolved: 'mvconectorc000020151030000000627500000001cupom_cabecalho.rar'
   at System.Net.FtpWebRequest.EndGetRequestStream(IAsyncResult asyncResult)
   at Examples.System.Net.AsynchronousFtpUpLoader.EndGetStreamCallback(IAsyncResult ar) Processamento: 01-11-2015 17:03:53 Versao EXE.1.0.57 Versao Banco1.0.57
Transmissao de Arquivo => Store: 1 TERMINAL: 1 Envio: System.Net.WebException: The remote name could not be resolved: 'mvconectord000120151030000000627200000001cupom_detalhes.rar'
   at System.Net.FtpWebRequest.EndGetRequestStream(IAsyncResult asyncResult)
   at Examples.System.Net.AsynchronousFtpUpLoader.EndGetStreamCallback(IAsyncResult ar) Processamento: 01-11-2015 17:03:53 Versao EXE.1.0.57 Versao Banco1.0.57
Transmissao de Arquivo => Store: 1 TERMINAL: 1 Envio: System.Net.WebException: The remote name could not be resolved: 'mvconectord000120151030000000627300000001cupom_detalhes.rar'
   at System.Net.FtpWebRequest.EndGetRequestStream(IAsyncResult asyncResult)
   at Examples.System.Net.AsynchronousFtpUpLoader.EndGetStreamCallback(IAsyncResult ar) Processamento: 01-11-2015 17:03:55 Versao EXE.1.0.57 Versao Banco1.0.57
Transmissao de Arquivo => Store: 1 TERMINAL: 1 Envio: System.Net.WebException: The remote name could not be resolved: 'mvconectord000120151030000000627400000001cupom_detalhes.rar'
   at System.Net.FtpWebRequest.EndGetRequestStream(IAsyncResult asyncResult)
   at Examples.System.Net.AsynchronousFtpUpLoader.EndGetStreamCallback(IAsyncResult ar) Processamento: 01-11-2015 17:03:55 Versao EXE.1.0.57 Versao Banco1.0.57
Transmissao de Arquivo => Store: 1 TERMINAL: 1 Envio: System.Net.WebException: The remote name could not be resolved: 'mvconectord000120151030000000627500000001cupom_detalhes.rar'
   at System.Net.FtpWebRequest.EndGetRequestStream(IAsyncResult asyncResult)
   at Examples.System.Net.AsynchronousFtpUpLoader.EndGetStreamCallback(IAsyncResult ar) Processamento: 01-11-2015 17:03:55 Versao EXE.1.0.57 Versao Banco1.0.57
Transmissao de Arquivo => Store: 1 TERMINAL: 1 Envio: System.Net.WebException: The remote name could not be resolved: 'mvconectord000220151030000000627300000001cupom_detalhes.rar'
   at System.Net.FtpWebRequest.EndGetRequestStream(IAsyncResult asyncResult)
   at Examples.System.Net.AsynchronousFtpUpLoader.EndGetStreamCallback(IAsyncResult ar) Processamento: 01-11-2015 17:03:55 Versao EXE.1.0.57 Versao Banco1.0.57
Transmissao de Arquivo => Store: 1 TERMINAL: 1 Envio: System.Net.WebException: The remote name could not be resolved: 'mvconectorf000220151030000000627500000001fechamentocaixa.rar'
   at System.Net.FtpWebRequest.EndGetRequestStream(IAsyncResult asyncResult)
   at Examples.System.Net.AsynchronousFtpUpLoader.EndGetStreamCallback(IAsyncResult ar) Processamento: 01-11-2015 17:03:55 Versao EXE.1.0.57 Versao Banco1.0.57
Transmissao de Arquivo => Store: 1 TERMINAL: 1 Envio: System.Net.WebException: The remote name could not be resolved: 'mvconectorh000020151030000000627400000001cheque.rar'
   at System.Net.FtpWebRequest.EndGetRequestStream(IAsyncResult asyncResult)
   at Examples.System.Net.AsynchronousFtpUpLoader.EndGetStreamCallback(IAsyncResult ar) Processamento: 01-11-2015 17:03:55 Versao EXE.1.0.57 Versao Banco1.0.57
Transmissao de Arquivo => Store: 1 TERMINAL: 1 Envio: System.Net.WebException: The remote name could not be resolved: 'mvconectorm000120151030000000627200000001cupom_movimento.rar'
   at System.Net.FtpWebRequest.EndGetRequestStream(IAsyncResult asyncResult)
   at Examples.System.Net.AsynchronousFtpUpLoader.EndGetStreamCallback(IAsyncResult ar) Processamento: 01-11-2015 17:03:55 Versao EXE.1.0.57 Versao Banco1.0.57
Transmissao de Arquivo => Store: 1 TERMINAL: 1 Envio: System.Net.WebException: The remote name could not be resolved: 'mvconectorm000120151030000000627300000001cupom_movimento.rar'
   at System.Net.FtpWebRequest.EndGetRequestStream(IAsyncResult asyncResult)
   at Examples.System.Net.AsynchronousFtpUpLoader.EndGetStreamCallback(IAsyncResult ar) Processamento: 01-11-2015 17:03:56 Versao EXE.1.0.57 Versao Banco1.0.57
Transmissao de Arquivo => Store: 1 TERMINAL: 1 Envio: System.Net.WebException: The remote name could not be resolved: 'mvconectorm000120151030000000627400000001cupom_movimento.rar'
   at System.Net.FtpWebRequest.EndGetRequestStream(IAsyncResult asyncResult)
   at Examples.System.Net.AsynchronousFtpUpLoader.EndGetStreamCallback(IAsyncResult ar) Processamento: 01-11-2015 17:03:56 Versao EXE.1.0.57 Versao Banco1.0.57
Transmissao de Arquivo => Store: 1 TERMINAL: 1 Envio: System.Net.WebException: The remote name could not be resolved: 'mvconectorm000120151030000000627500000001cupom_movimento.rar'
   at System.Net.FtpWebRequest.EndGetRequestStream(IAsyncResult asyncResult)
   at Examples.System.Net.AsynchronousFtpUpLoader.EndGetStreamCallback(IAsyncResult ar) Processamento: 01-11-2015 17:03:56 Versao EXE.1.0.57 Versao Banco1.0.57
Transmissao de Arquivo => Store: 1 TERMINAL: 1 Envio: System.Net.WebException: The remote name could not be resolved: 'mvconectort000020151030000000019900000001detalhe_reducao_aliquota.rar'
   at System.Net.FtpWebRequest.EndGetRequestStream(IAsyncResult asyncResult)
   at Examples.System.Net.AsynchronousFtpUpLoader.EndGetStreamCallback(IAsyncResult ar) Processamento: 01-11-2015 17:03:56 Versao EXE.1.0.57 Versao Banco1.0.57
Transmissao de Arquivo => Store: 1 TERMINAL: 1 Envio: System.Net.WebException: The remote name could not be resolved: 'mvconectort000120151030000000019900000001detalhe_reducao_aliquota.rar'
   at System.Net.FtpWebRequest.EndGetRequestStream(IAsyncResult asyncResult)
   at Examples.System.Net.AsynchronousFtpUpLoader.EndGetStreamCallback(IAsyncResult ar) Processamento: 01-11-2015 17:03:56 Versao EXE.1.0.57 Versao Banco1.0.57
Transmissao de Arquivo => Store: 1 TERMINAL: 1 Envio: System.Net.WebException: The remote name could not be resolved: 'mvconectort000220151030000000019900000001detalhe_reducao_aliquota.rar'
   at System.Net.FtpWebRequest.EndGetRequestStream(IAsyncResult asyncResult)
   at Examples.System.Net.AsynchronousFtpUpLoader.EndGetStreamCallback(IAsyncResult ar) Processamento: 01-11-2015 17:03:56 Versao EXE.1.0.57 Versao Banco1.0.57
Transmissao de Arquivo => Store: 1 TERMINAL: 1 Envio: System.Net.WebException: The remote name could not be resolved: 'mvconectort001520151030000000019900000001detalhe_reducao_aliquota.rar'
   at System.Net.FtpWebRequest.EndGetRequestStream(IAsyncResult asyncResult)
   at Examples.System.Net.AsynchronousFtpUpLoader.EndGetStreamCallback(IAsyncResult ar) Processamento: 01-11-2015 17:03:56 Versao EXE.1.0.57 Versao Banco1.0.57
Transmissao de Arquivo => Store: 1 TERMINAL: 1 Envio: System.Net.WebException: The remote name could not be resolved: 'mvconectort001620151030000000019900000001detalhe_reducao_aliquota.rar'
   at System.Net.FtpWebRequest.EndGetRequestStream(IAsyncResult asyncResult)
   at Examples.System.Net.AsynchronousFtpUpLoader.EndGetStreamCallback(IAsyncResult ar) Processamento: 01-11-2015 17:03:56 Versao EXE.1.0.57 Versao Banco1.0.57
Transmissao de Arquivo => Store: 1 TERMINAL: 1 Envio: System.Net.WebException: The remote name could not be resolved: 'mvconectorx001320151030000000019900000001detalhe_reducao.rar'
   at System.Net.FtpWebRequest.EndGetRequestStream(IAsyncResult asyncResult)
   at Examples.System.Net.AsynchronousFtpUpLoader.EndGetStreamCallback(IAsyncResult ar) Processamento: 01-11-2015 17:03:56 Versao EXE.1.0.57 Versao Banco1.0.57
Transmissao de Arquivo => Store: 1 TERMINAL: 1 Envio: System.Net.WebException: The remote name could not be resolved: 'mvconectorz019920151030000000627600000001movimentodia.rar'
   at System.Net.FtpWebRequest.EndGetRequestStream(IAsyncResult asyncResult)
   at Examples.System.Net.AsynchronousFtpUpLoader.EndGetStreamCallback(IAsyncResult ar) Processamento: 01-11-2015 17:03:56 Versao EXE.1.0.57 Versao Banco1.0.57
Transmissao de Arquivo => Store: 1 TERMINAL: 1 Envio: System.Net.WebException: The remote name could not be resolved: 'mvconectorc000020151030000000627200000001cupom_cabecalho.rar'
   at System.Net.FtpWebRequest.EndGetRequestStream(IAsyncResult asyncResult)
   at Examples.System.Net.AsynchronousFtpUpLoader.EndGetStreamCallback(IAsyncResult ar) Processamento: 01-11-2015 17:03:56 Versao EXE.1.0.57 Versao Banco1.0.57
Transmissao de Arquivo => Store: 1 TERMINAL: 1 Envio: System.Net.WebException: The remote name could not be resolved: 'mvconectorc000020151030000000627300000001cupom_cabecalho.rar'
   at System.Net.FtpWebRequest.EndGetRequestStream(IAsyncResult asyncResult)
   at Examples.System.Net.AsynchronousFtpUpLoader.EndGetStreamCallback(IAsyncResult ar) Processamento: 01-11-2015 17:03:56 Versao EXE.1.0.57 Versao Banco1.0.57
Transmissao de Arquivo => Store: 1 TERMINAL: 1 Envio: System.Net.WebException: The remote name could not be resolved: 'mvconectorc000020151030000000627400000001cupom_cabecalho.rar'
   at System.Net.FtpWebRequest.EndGetRequestStream(IAsyncResult asyncResult)
   at Examples.System.Net.AsynchronousFtpUpLoader.EndGetStreamCallback(IAsyncResult ar) Processamento: 01-11-2015 17:03:56 Versao EXE.1.0.57 Versao Banco1.0.57
Transmissao de Arquivo => Store: 1 TERMINAL: 1 Envio: System.Net.WebException: The remote name could not be resolved: 'mvconectorc000020151030000000627500000001cupom_cabecalho.rar'
   at System.Net.FtpWebRequest.EndGetRequestStream(IAsyncResult asyncResult)
   at Examples.System.Net.AsynchronousFtpUpLoader.EndGetStreamCallback(IAsyncResult ar) Processamento: 01-11-2015 17:03:56 Versao EXE.1.0.57 Versao Banco1.0.57
Transmissao de Arquivo => Store: 1 TERMINAL: 1 Envio: System.Net.WebException: The remote name could not be resolved: 'mvconectord000120151030000000627200000001cupom_detalhes.rar'
   at System.Net.FtpWebRequest.EndGetRequestStream(IAsyncResult asyncResult)
   at Examples.System.Net.AsynchronousFtpUpLoader.EndGetStreamCallback(IAsyncResult ar) Processamento: 01-11-2015 17:03:56 Versao EXE.1.0.57 Versao Banco1.0.57
Transmissao de Arquivo => Store: 1 TERMINAL: 1 Envio: System.Net.WebException: The remote name could not be resolved: 'mvconectord000120151030000000627300000001cupom_detalhes.rar'
   at System.Net.FtpWebRequest.EndGetRequestStream(IAsyncResult asyncResult)
   at Examples.System.Net.AsynchronousFtpUpLoader.EndGetStreamCallback(IAsyncResult ar) Processamento: 01-11-2015 17:03:56 Versao EXE.1.0.57 Versao Banco1.0.57
Transmissao de Arquivo => Store: 1 TERMINAL: 1 Envio: System.Net.WebException: The remote name could not be resolved: 'mvconectord000120151030000000627400000001cupom_detalhes.rar'
   at System.Net.FtpWebRequest.EndGetRequestStream(IAsyncResult asyncResult)
   at Examples.System.Net.AsynchronousFtpUpLoader.EndGetStreamCallback(IAsyncResult ar) Processamento: 01-11-2015 17:03:56 Versao EXE.1.0.57 Versao Banco1.0.57
Transmissao de Arquivo => Store: 1 TERMINAL: 1 Envio: System.Net.WebException: The remote name could not be resolved: 'mvconectord000120151030000000627500000001cupom_detalhes.rar'
   at System.Net.FtpWebRequest.EndGetRequestStream(IAsyncResult asyncResult)
   at Examples.System.Net.AsynchronousFtpUpLoader.EndGetStreamCallback(IAsyncResult ar) Processamento: 01-11-2015 17:03:56 Versao EXE.1.0.57 Versao Banco1.0.57
Transmissao de Arquivo => Store: 1 TERMINAL: 1 Envio: System.Net.WebException: The remote name could not be resolved: 'mvconectord000220151030000000627300000001cupom_detalhes.rar'
   at System.Net.FtpWebRequest.EndGetRequestStream(IAsyncResult asyncResult)
   at Examples.System.Net.AsynchronousFtpUpLoader.EndGetStreamCallback(IAsyncResult ar) Processamento: 01-11-2015 17:03:57 Versao EXE.1.0.57 Versao Banco1.0.57
Transmissao de Arquivo => Store: 1 TERMINAL: 1 Envio: System.Net.WebException: The remote name could not be resolved: 'mvconectorf000220151030000000627500000001fechamentocaixa.rar'
   at System.Net.FtpWebRequest.EndGetRequestStream(IAsyncResult asyncResult)
   at Examples.System.Net.AsynchronousFtpUpLoader.EndGetStreamCallback(IAsyncResult ar) Processamento: 01-11-2015 17:03:57 Versao EXE.1.0.57 Versao Banco1.0.57
Transmissao de Arquivo => Store: 1 TERMINAL: 1 Envio: System.Net.WebException: The remote name could not be resolved: 'mvconectorh000020151030000000627400000001cheque.rar'
   at System.Net.FtpWebRequest.EndGetRequestStream(IAsyncResult asyncResult)
   at Examples.System.Net.AsynchronousFtpUpLoader.EndGetStreamCallback(IAsyncResult ar) Processamento: 01-11-2015 17:03:57 Versao EXE.1.0.57 Versao Banco1.0.57
Transmissao de Arquivo => Store: 1 TERMINAL: 1 Envio: System.Net.WebException: The remote name could not be resolved: 'mvconectorm000120151030000000627200000001cupom_movimento.rar'
   at System.Net.FtpWebRequest.EndGetRequestStream(IAsyncResult asyncResult)
   at Examples.System.Net.AsynchronousFtpUpLoader.EndGetStreamCallback(IAsyncResult ar) Processamento: 01-11-2015 17:03:57 Versao EXE.1.0.57 Versao Banco1.0.57
Transmissao de Arquivo => Store: 1 TERMINAL: 1 Envio: System.Net.WebException: The remote name could not be resolved: 'mvconectorm000120151030000000627300000001cupom_movimento.rar'
   at System.Net.FtpWebRequest.EndGetRequestStream(IAsyncResult asyncResult)
   at Examples.System.Net.AsynchronousFtpUpLoader.EndGetStreamCallback(IAsyncResult ar) Processamento: 01-11-2015 17:04:11 Versao EXE.1.0.57 Versao Banco1.0.57
Transmissao de Arquivo => Store: 1 TERMINAL: 1 Envio: System.Net.WebException: The remote name could not be resolved: 'mvconectorm000120151030000000627400000001cupom_movimento.rar'
   at System.Net.FtpWebRequest.EndGetRequestStream(IAsyncResult asyncResult)
   at Examples.System.Net.AsynchronousFtpUpLoader.EndGetStreamCallback(IAsyncResult ar) Processamento: 01-11-2015 17:04:11 Versao EXE.1.0.57 Versao Banco1.0.57
Transmissao de Arquivo => Store: 1 TERMINAL: 1 Envio: System.Net.WebException: The remote name could not be resolved: 'mvconectorm000120151030000000627500000001cupom_movimento.rar'
   at System.Net.FtpWebRequest.EndGetRequestStream(IAsyncResult asyncResult)
   at Examples.System.Net.AsynchronousFtpUpLoader.EndGetStreamCallback(IAsyncResult ar) Processamento: 01-11-2015 17:04:29 Versao EXE.1.0.57 Versao Banco1.0.57
Transmissao