Transmissao de Arquivo => Store: 1 TERMINAL: 1 Envio: System.Net.WebException: The remote name could not be resolved: 'mvconectorc000020151230000000630800000001cupom_cabecalho.rar'
   at System.Net.FtpWebRequest.EndGetRequestStream(IAsyncResult asyncResult)
   at Examples.System.Net.AsynchronousFtpUpLoader.EndGetStreamCallback(IAsyncResult ar) in c:\project vs 2013_home\conectorNew\cupomImport.cs:line 812 Processamento: 11-01-2016 16:26:46 Versao EXE.1.0.57 Versao Banco1.0.57
Transmissao de Arquivo => Store: 1 TERMINAL: 1 Envio: System.Net.WebException: The remote name could not be resolved: 'mvconectorc000020151230000000630900000001cupom_cabecalho.rar'
   at System.Net.FtpWebRequest.EndGetRequestStream(IAsyncResult asyncResult)
   at Examples.System.Net.AsynchronousFtpUpLoader.EndGetStreamCallback(IAsyncResult ar) in c:\project vs 2013_home\conectorNew\cupomImport.cs:line 812 Processamento: 11-01-2016 16:26:47 Versao EXE.1.0.57 Versao Banco1.0.57
Transmissao de Arquivo => Store: 1 TERMINAL: 1 Envio: System.Net.WebException: The remote name could not be resolved: 'mvconectorc000020151230000000631000000001cupom_cabecalho.rar'
   at System.Net.FtpWebRequest.EndGetRequestStream(IAsyncResult asyncResult)
   at Examples.System.Net.AsynchronousFtpUpLoader.EndGetStreamCallback(IAsyncResult ar) in c:\project vs 2013_home\conectorNew\cupomImport.cs:line 812 Processamento: 11-01-2016 16:26:48 Versao EXE.1.0.57 Versao Banco1.0.57
Transmissao de Arquivo => Store: 1 TERMINAL: 1 Envio: System.Net.WebException: The remote name could not be resolved: 'mvconectorc000020151230000000631100000001cupom_cabecalho.rar'
   at System.Net.FtpWebRequest.EndGetRequestStream(IAsyncResult asyncResult)
   at Examples.System.Net.AsynchronousFtpUpLoader.EndGetStreamCallback(IAsyncResult ar) in c:\project vs 2013_home\conectorNew\cupomImport.cs:line 812 Processamento: 11-01-2016 16:26:48 Versao EXE.1.0.57 Versao Banco1.0.57
Transmissao de Arquivo => Store: 1 TERMINAL: 1 Envio: System.Net.WebException: The remote name could not be resolved: 'mvconectorc000020151230000000631200000001cupom_cabecalho.rar'
   at System.Net.FtpWebRequest.EndGetRequestStream(IAsyncResult asyncResult)
   at Examples.System.Net.AsynchronousFtpUpLoader.EndGetStreamCallback(IAsyncResult ar) in c:\project vs 2013_home\conectorNew\cupomImport.cs:line 812 Processamento: 11-01-2016 16:26:48 Versao EXE.1.0.57 Versao Banco1.0.57
Transmissao de Arquivo => Store: 1 TERMINAL: 1 Envio: System.Net.WebException: The remote name could not be resolved: 'mvconectorc000020151230000000631300000001cupom_cabecalho.rar'
   at System.Net.FtpWebRequest.EndGetRequestStream(IAsyncResult asyncResult)
   at Examples.System.Net.AsynchronousFtpUpLoader.EndGetStreamCallback(IAsyncResult ar) in c:\project vs 2013_home\conectorNew\cupomImport.cs:line 812 Processamento: 11-01-2016 16:26:49 Versao EXE.1.0.57 Versao Banco1.0.57
Transmissao de Arquivo => Store: 1 TERMINAL: 1 Envio: System.Net.WebException: The remote name could not be resolved: 'mvconectorc000020151230000000631400000001cartao.rar'
   at System.Net.FtpWebRequest.EndGetRequestStream(IAsyncResult asyncResult)
   at Examples.System.Net.AsynchronousFtpUpLoader.EndGetStreamCallback(IAsyncResult ar) in c:\project vs 2013_home\conectorNew\cupomImport.cs:line 812 Processamento: 11-01-2016 16:26:49 Versao EXE.1.0.57 Versao Banco1.0.57
Transmissao de Arquivo => Store: 1 TERMINAL: 1 Envio: System.Net.WebException: The remote name could not be resolved: 'mvconectorc000020151230000000631400000001cupom_cabecalho.rar'
   at System.Net.FtpWebRequest.EndGetRequestStream(IAsyncResult asyncResult)
   at Examples.System.Net.AsynchronousFtpUpLoader.EndGetStreamCallback(IAsyncResult ar) in c:\project vs 2013_home\conectorNew\cupomImport.cs:line 812 Processamento: 11-01-2016 16:26:49 Versao EXE.1.0.57 Versao Banco1.0.57
Transmissao de Arquivo => Store: 1 TERMINAL: 1 Envio: System.Net.WebException: The remote name could not be resolved: 'mvconectorc000020151230000000631600000001cupom_cabecalho.rar'
   at System.Net.FtpWebRequest.EndGetRequestStream(IAsyncResult asyncResult)
   at Examples.System.Net.AsynchronousFtpUpLoader.EndGetStreamCallback(IAsyncResult ar) in c:\project vs 2013_home\conectorNew\cupomImport.cs:line 812 Processamento: 11-01-2016 16:26:49 Versao EXE.1.0.57 Versao Banco1.0.57
Transmissao de Arquivo => Store: 1 TERMINAL: 1 Envio: System.Net.WebException: The remote name could not be resolved: 'mvconectorc000020151230000000631700000001cupom_cabecalho.rar'
   at System.Net.FtpWebRequest.EndGetRequestStream(IAsyncResult asyncResult)
   at Examples.System.Net.AsynchronousFtpUpLoader.EndGetStreamCallback(IAsyncResult ar) in c:\project vs 2013_home\conectorNew\cupomImport.cs:line 812 Processamento: 11-01-2016 16:26:50 Versao EXE.1.0.57 Versao Banco1.0.57
Transmissao de Arquivo => Store: 1 TERMINAL: 1 Envio: System.Net.WebException: The remote name could not be resolved: 'mvconectorc000020151230000000631800000001cupom_cabecalho.rar'
   at System.Net.FtpWebRequest.EndGetRequestStream(IAsyncResult asyncResult)
   at Examples.System.Net.AsynchronousFtpUpLoader.EndGetStreamCallback(IAsyncResult ar) in c:\project vs 2013_home\conectorNew\cupomImport.cs:line 812 Processamento: 11-01-2016 16:26:50 Versao EXE.1.0.57 Versao Banco1.0.57
Transmissao de Arquivo => Store: 1 TERMINAL: 1 Envio: System.Net.WebException: The remote name could not be resolved: 'mvconectorc000020151230000000631900000001cupom_cabecalho.rar'
   at System.Net.FtpWebRequest.EndGetRequestStream(IAsyncResult asyncResult)
   at Examples.System.Net.AsynchronousFtpUpLoader.EndGetStreamCallback(IAsyncResult ar) in c:\project vs 2013_home\conectorNew\cupomImport.cs:line 812 Processamento: 11-01-2016 16:26:51 Versao EXE.1.0.57 Versao Banco1.0.57
Transmissao de Arquivo => Store: 1 TERMINAL: 1 Envio: System.Net.WebException: The remote name could not be resolved: 'mvconectorc000020151230000000632000000001cupom_cabecalho.rar'
   at System.Net.FtpWebRequest.EndGetRequestStream(IAsyncResult asyncResult)
   at Examples.System.Net.AsynchronousFtpUpLoader.EndGetStreamCallback(IAsyncResult ar) in c:\project vs 2013_home\conectorNew\cupomImport.cs:line 812 Processamento: 11-01-2016 16:26:51 Versao EXE.1.0.57 Versao Banco1.0.57
Transmissao de Arquivo => Store: 1 TERMINAL: 1 Envio: System.Net.WebException: The remote name could not be resolved: 'mvconectorc000020151230000000632100000001cupom_cabecalho.rar'
   at System.Net.FtpWebRequest.EndGetRequestStream(IAsyncResult asyncResult)
   at Examples.System.Net.AsynchronousFtpUpLoader.EndGetStreamCallback(IAsyncResult ar) in c:\project vs 2013_home\conectorNew\cupomImport.cs:line 812 Processamento: 11-01-2016 16:26:51 Versao EXE.1.0.57 Versao Banco1.0.57
Transmissao de Arquivo => Store: 1 TERMINAL: 1 Envio: System.Net.WebException: The remote name could not be resolved: 'mvconectorc000020160104000000632700000001cupom_cabecalho.rar'
   at System.Net.FtpWebRequest.EndGetRequestStream(IAsyncResult asyncResult)
   at Examples.System.Net.AsynchronousFtpUpLoader.EndGetStreamCallback(IAsyncResult ar) in c:\project vs 2013_home\conectorNew\cupomImport.cs:line 812 Processamento: 11-01-2016 16:26:51 Versao EXE.1.0.57 Versao Banco1.0.57
Transmissao de Arquivo => Store: 1 TERMINAL: 1 Envio: System.Net.WebException: The remote name could not be resolved: 'mvconectorc000020160104000000632800000001cupom_cabecalho.rar'
   at System.Net.FtpWebRequest.EndGetRequestStream(IAsyncResult asyncResult)
   at Examples.System.Net.AsynchronousFtpUpLoader.EndGetStreamCallback(IAsyncResult ar) in c:\project vs 2013_home\conectorNew\cupomImport.cs:line 812 Processamento: 11-01-2016 16:26:51 Versao EXE.1.0.57 Versao Banco1.0.57
Transmissao de Arquivo => Store: 1 TERMINAL: 1 Envio: System.Net.WebException: The remote name could not be resolved: 'mvconectorc000020160104000000632900000001cupom_cabecalho.rar'
   at System.Net.FtpWebRequest.EndGetRequestStream(IAsyncResult asyncResult)
   at Examples.System.Net.AsynchronousFtpUpLoader.EndGetStreamCallback(IAsyncResult ar) in c:\project vs 2013_home\conectorNew\cupomImport.cs:line 812 Processamento: 11-01-2016 16:26:52 Versao EXE.1.0.57 Versao Banco1.0.57
Transmissao de Arquivo => Store: 1 TERMINAL: 1 Envio: System.Net.WebException: The remote name could not be resolved: 'mvconectord000120151230000000630800000001cupom_detalhes.rar'
   at System.Net.FtpWebRequest.EndGetRequestStream(IAsyncResult asyncResult)
   at Examples.System.Net.AsynchronousFtpUpLoader.EndGetStreamCallback(IAsyncResult ar) in c:\project vs 2013_home\conectorNew\cupomImport.cs:line 812 Processamento: 11-01-2016 16:26:52 Versao EXE.1.0.57 Versao Banco1.0.57
Transmissao de Arquivo => Store: 1 TERMINAL: 1 Envio: System.Net.WebException: The remote name could not be resolved: 'mvconectord000120151230000000630900000001cupom_detalhes.rar'
   at System.Net.FtpWebRequest.EndGetRequestStream(IAsyncResult asyncResult)
   at Examples.System.Net.AsynchronousFtpUpLoader.EndGetStreamCallback(IAsyncResult ar) in c:\project vs 2013_home\conectorNew\cupomImport.cs:line 812 Processamento: 11-01-2016 16:26:52 Versao EXE.1.0.57 Versao Banco1.0.57
Transmissao de Arquivo => Store: 1 TERMINAL: 1 Envio: System.Net.WebException: The remote name could not be resolved: 'mvconectord000120151230000000631000000001cupom_detalhes.rar'
   at System.Net.FtpWebRequest.EndGetRequestStream(IAsyncResult asyncResult)
   at Examples.System.Net.AsynchronousFtpUpLoader.EndGetStreamCallback(IAsyncResult ar) in c:\project vs 2013_home\conectorNew\cupomImport.cs:line 812 Processamento: 11-01-2016 16:26:52 Versao EXE.1.0.57 Versao Banco1.0.57
Transmissao de Arquivo => Store: 1 TERMINAL: 1 Envio: System.Net.WebException: The remote name could not be resolved: 'mvconectord000120151230000000631100000001cupom_detalhes.rar'
   at System.Net.FtpWebRequest.EndGetRequestStream(IAsyncResult asyncResult)
   at Examples.System.Net.AsynchronousFtpUpLoader.EndGetStreamCallback(IAsyncResult ar) in c:\project vs 2013_home\conectorNew\cupomImport.cs:line 812 Processamento: 11-01-2016 16:26:52 Versao EXE.1.0.57 Versao Banco1.0.57
Transmissao de Arquivo => Store: 1 TERMINAL: 1 Envio: System.Net.WebException: The remote name could not be resolved: 'mvconectord000120151230000000631200000001cupom_detalhes.rar'
   at System.Net.FtpWebRequest.EndGetRequestStream(IAsyncResult asyncResult)
   at Examples.System.Net.AsynchronousFtpUpLoader.EndGetStreamCallback(IAsyncResult ar) in c:\project vs 2013_home\conectorNew\cupomImport.cs:line 812 Processamento: 11-01-2016 16:26:53 Versao EXE.1.0.57 Versao Banco1.0.57
Transmissao de Arquivo => Store: 1 TERMINAL: 1 Envio: System.Net.WebException: The remote name could not be resolved: 'mvconectord000120151230000000631300000001cupom_detalhes.rar'
   at System.Net.FtpWebRequest.EndGetRequestStream(IAsyncResult asyncResult)
   at Examples.System.Net.AsynchronousFtpUpLoader.EndGetStreamCallback(IAsyncResult ar) in c:\project vs 2013_home\conectorNew\cupomImport.cs:line 812 Processamento: 11-01-2016 16:26:53 Versao EXE.1.0.57 Versao Banco1.0.57
Transmissao de Arquivo => Store: 1 TERMINAL: 1 Envio: System.Net.WebException: The remote name could not be resolved: 'mvconectord000120151230000000631400000001cupom_detalhes.rar'
   at System.Net.FtpWebRequest.EndGetRequestStream(IAsyncResult asyncResult)
   at Examples.System.Net.AsynchronousFtpUpLoader.EndGetStreamCallback(IAsyncResult ar) in c:\project vs 2013_home\conectorNew\cupomImport.cs:line 812 Processamento: 11-01-2016 16:26:53 Versao EXE.1.0.57 Versao Banco1.0.57
Transmissao de Arquivo => Store: 1 TERMINAL: 1 Envio: System.Net.WebException: The remote name could not be resolved: 'mvconectord000120151230000000631600000001cupom_detalhes.rar'
   at System.Net.FtpWebRequest.EndGetRequestStream(IAsyncResult asyncResult)
   at Examples.System.Net.AsynchronousFtpUpLoader.EndGetStreamCallback(IAsyncResult ar) in c:\project vs 2013_home\conectorNew\cupomImport.cs:line 812 Processamento: 11-01-2016 16:26:53 Versao EXE.1.0.57 Versao Banco1.0.57
Transmissao de Arquivo => Store: 1 TERMINAL: 1 Envio: System.Net.WebException: The remote name could not be resolved: 'mvconectord000120151230000000631700000001cupom_detalhes.rar'
   at System.Net.FtpWebRequest.EndGetRequestStream(IAsyncResult asyncResult)
   at Examples.System.Net.AsynchronousFtpUpLoader.EndGetStreamCallback(IAsyncResult ar) in c:\project vs 2013_home\conectorNew\cupomImport.cs:line 812 Processamento: 11-01-2016 16:26:54 Versao EXE.1.0.57 Versao Banco1.0.57
Transmissao de Arquivo => Store: 1 TERMINAL: 1 Envio: System.Net.WebException: The remote name could not be resolved: 'mvconectord000120151230000000631800000001cupom_detalhes.rar'
   at System.Net.FtpWebRequest.EndGetRequestStream(IAsyncResult asyncResult)
   at Examples.System.Net.AsynchronousFtpUpLoader.EndGetStreamCallback(IAsyncResult ar) in c:\project vs 2013_home\conectorNew\cupomImport.cs:line 812 Processamento: 11-01-2016 16:26:54 Versao EXE.1.0.57 Versao Banco1.0.57
Transmissao de Arquivo => Store: 1 TERMINAL: 1 Envio: System.Net.WebException: The remote name could not be resolved: 'mvconectord000120151230000000631900000001cupom_detalhes.rar'
   at System.Net.FtpWebRequest.EndGetRequestStream(IAsyncResult asyncResult)
   at Examples.System.Net.AsynchronousFtpUpLoader.EndGetStreamCallback(IAsyncResult ar) in c:\project vs 2013_home\conectorNew\cupomImport.cs:line 812 Processamento: 11-01-2016 16:26:55 Versao EXE.1.0.57 Versao Banco1.0.57
Transmissao de Arquivo => Store: 1 TERMINAL: 1 Envio: System.Net.WebException: The remote name could not be resolved: 'mvconectord000120151230000000632000000001cupom_detalhes.rar'
   at System.Net.FtpWebRequest.EndGetRequestStream(IAsyncResult asyncResult)
   at Examples.System.Net.AsynchronousFtpUpLoader.EndGetStreamCallback(IAsyncResult ar) in c:\project vs 2013_home\conectorNew\cupomImport.cs:line 812 Processamento: 11-01-2016 16:26:55 Versao EXE.1.0.57 Versao Banco1.0.57
Transmissao de Arquivo => Store: 1 TERMINAL: 1 Envio: System.Net.WebException: The remote name could not be resolved: 'mvconectord000120151230000000632100000001cupom_detalhes.rar'
   at System.Net.FtpWebRequest.EndGetRequestStream(IAsyncResult asyncResult)
   at Examples.System.Net.AsynchronousFtpUpLoader.EndGetStreamCallback(IAsyncResult ar) in c:\project vs 2013_home\conectorNew\cupomImport.cs:line 812 Processamento: 11-01-2016 16:26:56 Versao EXE.1.0.57 Versao Banco1.0.57
Transmissao de Arquivo => Store: 1 TERMINAL: 1 Envio: System.Net.WebException: The remote name could not be resolved: 'mvconectord000120160104000000632700000001cupom_detalhes.rar'
   at System.Net.FtpWebRequest.EndGetRequestStream(IAsyncResult asyncResult)
   at Examples.System.Net.AsynchronousFtpUpLoader.EndGetStreamCallback(IAsyncResult ar) in c:\project vs 2013_home\conectorNew\cupomImport.cs:line 812 Processamento: 11-01-2016 16:26:57 Versao EXE.1.0.57 Versao Banco1.0.57
Transmissao de Arquivo => Store: 1 TERMINAL: 1 Envio: System.Net.WebException: The remote name could not be resolved: 'mvconectord000120160104000000632800000001cupom_detalhes.rar'
   at System.Net.FtpWebRequest.EndGetRequestStream(IAsyncResult asyncResult)
   at Examples.System.Net.AsynchronousFtpUpLoader.EndGetStreamCallback(IAsyncResult ar) in c:\project vs 2013_home\conectorNew\cupomImport.cs:line 812 Processamento: 11-01-2016 16:26:57 Versao EXE.1.0.57 Versao Banco1.0.57
Transmissao de Arquivo => Store: 1 TERMINAL: 1 Envio: System.Net.WebException: The remote name could not be resolved: 'mvconectord000120160104000000632900000001cupom_detalhes.rar'
   at System.Net.FtpWebRequest.EndGetRequestStream(IAsyncResult asyncResult)
   at Examples.System.Net.AsynchronousFtpUpLoader.EndGetStreamCallback(IAsyncResult ar) in c:\project vs 2013_home\conectorNew\cupomImport.cs:line 812 Processamento: 11-01-2016 16:26:57 Versao EXE.1.0.57 Versao Banco1.0.57
Transmissao de Arquivo => Store: 1 TERMINAL: 1 Envio: System.Net.WebException: The remote name could not be resolved: 'mvconectord000220151230000000632100000001cupom_detalhes.rar'
   at System.Net.FtpWebRequest.EndGetRequestStream(IAsyncResult asyncResult)
   at Examples.System.Net.AsynchronousFtpUpLoader.EndGetStreamCallback(IAsyncResult ar) in c:\project vs 2013_home\conectorNew\cupomImport.cs:line 812 Processamento: 11-01-2016 16:26:57 Versao EXE.1.0.57 Versao Banco1.0.57
Transmissao de Arquivo => Store: 1 TERMINAL: 1 Envio: System.Net.WebException: The remote name could not be resolved: 'mvconectord000220160104000000632800000001cupom_detalhes.rar'
   at System.Net.FtpWebRequest.EndGetRequestStream(IAsyncResult asyncResult)
   at Examples.System.Net.AsynchronousFtpUpLoader.EndGetStreamCallback(IAsyncResult ar) in c:\project vs 2013_home\conectorNew\cupomImport.cs:line 812 Processamento: 11-01-2016 16:26:58 Versao EXE.1.0.57 Versao Banco1.0.57
Transmissao de Arquivo => Store: 1 TERMINAL: 1 Envio: System.Net.WebException: The remote name could not be resolved: 'mvconectord000320151230000000632100000001cupom_detalhes.rar'
   at System.Net.FtpWebRequest.EndGetRequestStream(IAsyncResult asyncResult)
   at Examples.System.Net.AsynchronousFtpUpLoader.EndGetStreamCallback(IAsyncResult ar) in c:\project vs 2013_home\conectorNew\cupomImport.cs:line 812 Processamento: 11-01-2016 16:26:58 Versao EXE.1.0.57 Versao Banco1.0.57
Transmissao de Arquivo => Store: 1 TERMINAL: 1 Envio: System.Net.WebException: The remote name could not be resolved: 'mvconectorf000120151230000000628200000001fechamentocaixa.rar'
   at System.Net.FtpWebRequest.EndGetRequestStream(IAsyncResult asyncResult)
   at Examples.System.Net.AsynchronousFtpUpLoader.EndGetStreamCallback(IAsyncResult ar) in c:\project vs 2013_home\conectorNew\cupomImport.cs:line 812 Processamento: 11-01-2016 16:26:59 Versao EXE.1.0.57 Versao Banco1.0.57
Transmissao de Arquivo => Store: 1 TERMINAL: 1 Envio: System.Net.WebException: The remote name could not be resolved: 'mvconectorf000120151230000000629000000001fechamentocaixa.rar'
   at System.Net.FtpWebRequest.EndGetRequestStream(IAsyncResult asyncResult)
   at Examples.System.Net.AsynchronousFtpUpLoader.EndGetStreamCallback(IAsyncResult ar) in c:\project vs 2013_home\conectorNew\cupomImport.cs:line 812 Processamento: 11-01-2016 16:26:59 Versao EXE.1.0.57 Versao Banco1.0.57
Transmissao de Arquivo => Store: 1 TERMINAL: 1 Envio: System.Net.WebException: The remote name could not be resolved: 'mvconectorf000120151230000000629500000001fechamentocaixa.rar'
   at System.Net.FtpWebRequest.EndGetRequestStream(IAsyncResult asyncResult)
   at Examples.System.Net.AsynchronousFtpUpLoader.EndGetStreamCallback(IAsyncResult ar) in c:\project vs 2013_home\conectorNew\cupomImport.cs:line 812 Processamento: 11-01-2016 16:27:00 Versao EXE.1.0.57 Versao Banco1.0.57
Transmissao de Arquivo => Store: 1 TERMINAL: 1 Envio: System.Net.WebException: The remote name could not be resolved: 'mvconectorf000120151230000000630000000001fechamentocaixa.rar'
   at System.Net.FtpWebRequest.EndGetRequestStream(IAsyncResult asyncResult)
   at Examples.System.Net.AsynchronousFtpUpLoader.EndGetStreamCallback(IAsyncResult ar) in c:\project vs 2013_home\conectorNew\cupomImport.cs:line 812 Processamento: 11-01-2016 16:27:00 Versao EXE.1.0.57 Versao Banco1.0.57
Transmissao de Arquivo => Store: 1 TERMINAL: 1 Envio: System.Net.WebException: The remote name could not be resolved: 'mvconectorf000120151230000000630200000001fechamentocaixa.rar'
   at System.Net.FtpWebRequest.EndGetRequestStream(IAsyncResult asyncResult)
   at Examples.System.Net.AsynchronousFtpUpLoader.EndGetStreamCallback(IAsyncResult ar) in c:\project vs 2013_home\conectorNew\cupomImport.cs:line 812 Processamento: 11-01-2016 16:27:00 Versao EXE.1.0.57 Versao Banco1.0.57
Transmissao de Arquivo => Store: 1 TERMINAL: 1 Envio: System.Net.WebException: The remote name could not be resolved: 'mvconectorf000220160104000000632100000001fechamentocaixa.rar'
   at System.Net.FtpWebRequest.EndGetRequestStream(IAsyncResult asyncResult)
   at Examples.System.Net.AsynchronousFtpUpLoader.EndGetStreamCallback(IAsyncResult ar) in c:\project vs 2013_home\conectorNew\cupomImport.cs:line 812 Processamento: 11-01-2016 16:27:01 Versao EXE.1.0.57 Versao Banco1.0.57
Transmissao de Arquivo => Store: 1 TERMINAL: 1 Envio: System.Net.WebException: The remote name could not be resolved: 'mvconectorh000020151230000000630900000001cheque.rar'
   at System.Net.FtpWebRequest.EndGetRequestStream(IAsyncResult asyncResult)
   at Examples.System.Net.AsynchronousFtpUpLoader.EndGetStreamCallback(IAsyncResult ar) in c:\project vs 2013_home\conectorNew\cupomImport.cs:line 812 Processamento: 11-01-2016 16:27:01 Versao EXE.1.0.57 Versao Banco1.0.57
Transmissao de Arquivo => Store: 1 TERMINAL: 1 Envio: System.Net.WebException: The remote name could not be resolved: 'mvconectorm000120151230000000630800000001cupom_movimento.rar'
   at System.Net.FtpWebRequest.EndGetRequestStream(IAsyncResult asyncResult)
   at Examples.System.Net.AsynchronousFtpUpLoader.EndGetStreamCallback(IAsyncResult ar) in c:\project vs 2013_home\conectorNew\cupomImport.cs:line 812 Processamento: 11-01-2016 16:27:01 Versao EXE.1.0.57 Versao Banco1.0.57
Transmissao de Arquivo => Store: 1 TERMINAL: 1 Envio: System.Net.WebException: The remote name could not be resolved: 'mvconectorm000120151230000000630900000001cupom_movimento.rar'
   at System.Net.FtpWebRequest.EndGetRequestStream(IAsyncResult asyncResult)
   at Examples.System.Net.AsynchronousFtpUpLoader.EndGetStreamCallback(IAsyncResult ar) in c:\project vs 2013_home\conectorNew\cupomImport.cs:line 812 Processamento: 11-01-2016 16:27:02 Versao EXE.1.0.57 Versao Banco1.0.57
Transmissao de Arquivo => Store: 1 TERMINAL: 1 Envio: System.Net.WebException: The remote name could not be resolved: 'mvconectorm000120151230000000631000000001cupom_movimento.rar'
   at System.Net.FtpWebRequest.EndGetRequestStream(IAsyncResult asyncResult)
   at Examples.System.Net.AsynchronousFtpUpLoader.EndGetStreamCallback(IAsyncResult ar) in c:\project vs 2013_home\conectorNew\cupomImport.cs:line 812 Processamento: 11-01-2016 16:27:02 Versao EXE.1.0.57 Versao Banco1.0.57
Transmissao de Arquivo => Store: 1 TERMINAL: 1 Envio: System.Net.WebException: The remote name could not be resolved: 'mvconectorm000120151230000000631100000001cupom_movimento.rar'
   at System.Net.FtpWebRequest.EndGetRequestStream(IAsyncResult asyncResult)
   at Examples.System.Net.AsynchronousFtpUpLoader.EndGetStreamCallback(IAsyncResult ar) in c:\project vs 2013_home\conectorNew\cupomImport.cs:line 812 Processamento: 11-01-2016 16:27:03 Versao EXE.1.0.57 Versao Banco1.0.57
Transmissao de Arquivo => Store: 1 TERMINAL: 1 Envio: System.Net.WebException: The remote name could not be resolved: 'mvconectorm000120151230000000631300000001cupom_movimento.rar'
   at System.Net.FtpWebRequest.EndGetRequestStream(IAsyncResult asyncResult)
   at Examples.System.Net.AsynchronousFtpUpLoader.EndGetStreamCallback(IAsyncResult ar) in c:\project vs 2013_home\conectorNew\cupomImport.cs:line 812 Processamento: 11-01-2016 16:27:03 Versao EXE.1.0.57 Versao Banco1.0.57
Transmissao de Arquivo => Store: 1 TERMINAL: 1 Envio: System.Net.WebException: The remote name could not be resolved: 'mvconectorm000120151230000000631400000001cupom_movimento.rar'
   at System.Net.FtpWebRequest.EndGetRequestStream(IAsyncResult asyncResult)
   at Examples.System.Net.AsynchronousFtpUpLoader.EndGetStreamCallback(IAsyncResult ar) in c:\project vs 2013_home\conectorNew\cupomImport.cs:line 812 Processamento: 11-01-2016 16:27:04 Versao EXE.1.0.57 Versao Banco1.0.57
Transmissao de Arquivo => Store: 1 TERMINAL: 1 Envio: System.Net.WebException: The remote name could not be resolved: 'mvconectorm000120151230000000631600000001cupom_movimento.rar'
   at System.Net.FtpWebRequest.EndGetRequestStream(IAsyncResult asyncResult)
   at Examples.System.Net.AsynchronousFtpUpLoader.EndGetStreamCallback(IAsyncResult ar) in c:\project vs 2013_home\conectorNew\cupomImport.cs:line 812 Processamento: 11-01-2016 16:27:04 Versao EXE.1.0.57 Versao Banco1.0.57
Transmissao de Arquivo => Store: 1 TERMINAL: 1 Envio: System.Net.WebException: The remote name could not be resolved: 'mvconectorm000120151230000000631700000001cupom_movimento.rar'
   at System.Net.FtpWebRequest.EndGetRequestStream(IAsyncResult asyncResult)
   at Examples.System.Net.AsynchronousFtpUpLoader.EndGetStreamCallback(IAsyncResult ar) in c:\project vs 2013_home\conectorNew\cupomImport.cs:line 812 Processamento: 11-01-2016 16:27:04 Versao EXE.1.0.57 Versao Banco1.0.57
Transmissao de Arquivo => Store: 1 TERMINAL: 1 Envio: System.Net.WebException: The remote name could not be resolved: 'mvconectorm000120151230000000631800000001cupom_movimento.rar'
   at System.Net.FtpWebRequest.EndGetRequestStream(IAsyncResult asyncResult)
   at Examples.System.Net.AsynchronousFtpUpLoader.EndGetStreamCallback(IAsyncResult ar) in c:\project vs 2013_home\conectorNew\cupomImport.cs:line 812 Processamento: 11-01-2016 16:27:05 Versao EXE.1.0.57 Versao Banco1.0.57
Transmissao de Arquivo => Store: 1 TERMINAL: 1 Envio: System.Net.WebException: The remote name could not be resolved: 'mvconectorm000120151230000000631900000001cupom_movimento.rar'
   at System.Net.FtpWebRequest.EndGetRequestStream(IAsyncResult asyncResult)
   at Examples.System.Net.AsynchronousFtpUpLoader.EndGetStreamCallback(IAsyncResult ar) in c:\project vs 2013_home\conectorNew\cupomImport.cs:line 812 Processamento: 11-01-2016 16:27:05 Versao EXE.1.0.57 Versao Banco1.0.57
Transmissao de Arquivo => Store: 1 TERMINAL: 1 Envio: System.Net.WebException: The remote name could not be resolved: 'mvconectorm000120151230000000632000000001cupom_movimento.rar'
   at System.Net.FtpWebRequest.EndGetRequestStream(IAsyncResult asyncResult)
   at Examples.System.Net.AsynchronousFtpUpLoader.EndGetStreamCallback(IAsyncResult ar) in c:\project vs 2013_home\conectorNew\cupomImport.cs:line 812 Processamento: 11-01-2016 16:27:05 Versao EXE.1.0.57 Versao Banco1.0.57
Transmissao de Arquivo => Store: 1 TERMINAL: 1 Envio: System.Net.WebException: The remote name could not be resolved: 'mvconectorm000120151230000000632100000001cupom_movimento.rar'
   at System.Net.FtpWebRequest.EndGetRequestStream(IAsyncResult asyncResult)
   at Examples.System.Net.AsynchronousFtpUpLoader.EndGetStreamCallback(IAsyncResult ar) in c:\project vs 2013_home\conectorNew\cupomImport.cs:line 812 Processamento: 11-01-2016 16:27:05 Versao EXE.1.0.57 Versao Banco1.0.57
Transmissao de Arquivo => Store: 1 TERMINAL: 1 Envio: System.Net.WebException: The remote name could not be resolved: 'mvconectorm000120160104000000632700000001cupom_movimento.rar'
   at System.Net.FtpWebRequest.EndGetRequestStream(IAsyncResult asyncResult)
   at Examples.System.Net.AsynchronousFtpUpLoader.EndGetStreamCallback(IAsyncResult ar) in c:\project vs 2013_home\conectorNew\cupomImport.cs:line 812 Processamento: 11-01-2016 16:27:05 Versao EXE.1.0.57 Versao Banco1.0.57
Transmissao de Arquivo => Store: 1 TERMINAL: 1 Envio: System.Net.WebException: The remote name could not be resolved: 'mvconectorm000120160104000000632800000001cupom_movimento.rar'
   at System.Net.FtpWebRequest.EndGetRequestStream(IAsyncResult asyncResult)
   at Examples.System.Net.AsynchronousFtpUpLoader.EndGetStreamCallback(IAsyncResult ar) in c:\project vs 2013_home\conectorNew\cupomImport.cs:line 812 Processamento: 11-01-2016 16:27:06 Versao EXE.1.0.57 Versao Banco1.0.57
Transmissao de Arquivo => Store: 1 TERMINAL: 1 Envio: System.Net.WebException: The remote name could not be resolved: 'mvconectorm000120160104000000632900000001cupom_movimento.rar'
   at System.Net.FtpWebRequest.EndGetRequestStream(IAsyncResult asyncResult)
   at Examples.System.Net.AsynchronousFtpUpLoader.EndGetStreamCallback(IAsyncResult ar) in c:\project vs 2013_home\conectorNew\cupomImport.cs:line 812 Processamento: 11-01-2016 16:27:06 Versao EXE.1.0.57 Versao Banco1.0.57
Transmissao de Arquivo => Store: 1 TERMINAL: 1 Envio: System.Net.WebException: The remote name could not be resolved: 'mvconectort000020160104000000019900000001detalhe_reducao_aliquota.rar'
   at System.Net.FtpWebRequest.EndGetRequestStream(IAsyncResult asyncResult)
   at Examples.System.Net.AsynchronousFtpUpLoader.EndGetStreamCallback(IAsyncResult ar) in c:\project vs 2013_home\conectorNew\cupomImport.cs:line 812 Processamento: 11-01-2016 16:27:06 Versao EXE.1.0.57 Versao Banco1.0.57
Transmissao de Arquivo => Store: 1 TERMINAL: 1 Envio: System.Net.WebException: The remote name could not be resolved: 'mvconectort000020160104000000020000000001detalhe_reducao_aliquota.rar'
   at System.Net.FtpWebRequest.EndGetRequestStream(IAsyncResult asyncResult)
   at Examples.System.Net.AsynchronousFtpUpLoader.EndGetStreamCallback(IAsyncResult ar) in c:\project vs 2013_home\conectorNew\cupomImport.cs:line 812 Processamento: 11-01-2016 16:27:06 Versao EXE.1.0.57 Versao Banco1.0.57
Transmissao de Arquivo => Store: 1 TERMINAL: 1 Envio: System.Net.WebException: The remote name could not be resolved: 'mvconectort000120160104000000019900000001detalhe_reducao_aliquota.rar'
   at System.Net.FtpWebRequest.EndGetRequestStream(IAsyncResult asyncResult)
   at Examples.System.Net.AsynchronousFtpUpLoader.EndGetStreamCallback(IAsyncResult ar) in c:\project vs 2013_home\conectorNew\cupomImport.cs:line 812 Processamento: 11-01-2016 16:27:06 Versao EXE.1.0.57 Versao Banco1.0.57
Transmissao de Arquivo => Store: 1 TERMINAL: 1 Envio: System.Net.WebException: The remote name could not be resolved: 'mvconectort000120160104000000020000000001detalhe_reducao_aliquota.rar'
   at System.Net.FtpWebRequest.EndGetRequestStream(IAsyncResult asyncResult)
   at Examples.System.Net.AsynchronousFtpUpLoader.EndGetStreamCallback(IAsyncResult ar) in c:\project vs 2013_home\conectorNew\cupomImport.cs:line 812 Processamento: 11-01-2016 16:27:06 Versao EXE.1.0.57 Versao Banco1.0.57
Transmissao de Arquivo => Store: 1 TERMINAL: 1 Envio: System.Net.WebException: The remote name could not be resolved: 'mvconectort000220160104000000019900000001detalhe_reducao_aliquota.rar'
   at System.Net.FtpWebRequest.EndGetRequestStream(IAsyncResult asyncResult)
   at Examples.System.Net.AsynchronousFtpUpLoader.EndGetStreamCallback(IAsyncResult ar) in c:\project vs 2013_home\conectorNew\cupomImport.cs:line 812 Processamento: 11-01-2016 16:27:06 Versao EXE.1.0.57 Versao Banco1.0.57
Transmissao de Arquivo => Store: 1 TERMINAL: 1 Envio: System.Net.WebException: The remote name could not be resolved: 'mvconectort000220160104000000020000000001detalhe_reducao_aliquota.rar'
   at System.Net.FtpWebRequest.EndGetRequestStream(IAsyncResult asyncResult)
   at Examples.System.Net.AsynchronousFtpUpLoader.EndGetStreamCallback(IAsyncResult ar) in c:\project vs 2013_home\conectorNew\cupomImport.cs:line 812 Processamento: 11-01-2016 16:27:07 Versao EXE.1.0.57 Versao Banco1.0.57
Transmissao de Arquivo => Store: 1 TERMINAL: 1 Envio: System.Net.WebException: The remote name could not be resolved: 'mvconectort001520160104000000019900000001detalhe_reducao_aliquota.rar'
   at System.Net.FtpWebRequest.EndGetRequestStream(IAsyncResult asyncResult)
   at Examples.System.Net.AsynchronousFtpUpLoader.EndGetStreamCallback(IAsyncResult ar) in c:\project vs 2013_home\conectorNew\cupomImport.cs:line 812 Processamento: 11-01-2016 16:27:07 Versao EXE.1.0.57 Versao Banco1.0.57
Transmissao de Arquivo => Store: 1 TERMINAL: 1 Envio: System.Net.WebException: The remote name could not be resolved: 'mvconectort001520160104000000020000000001detalhe_reducao_aliquota.rar'
   at System.Net.FtpWebRequest.EndGetRequestStream(IAsyncResult asyncResult)
   at Examples.System.Net.AsynchronousFtpUpLoader.EndGetStreamCallback(IAsyncResult ar) in c:\project vs 2013_home\conectorNew\cupomImport.cs:line 812 Processamento: 11-01-2016 16:27:07 Versao EXE.1.0.57 Versao Banco1.0.57
Transmissao de Arquivo => Store: 1 TERMINAL: 1 Envio: System.Net.WebException: The remote name could not be resolved: 'mvconectort001620160104000000019900000001detalhe_reducao_aliquota.rar'
   at System.Net.FtpWebRequest.EndGetRequestStream(IAsyncResult asyncResult)
   at Examples.System.Net.AsynchronousFtpUpLoader.EndGetStreamCallback(IAsyncResult ar) in c:\project vs 2013_home\conectorNew\cupomImport.cs:line 812 Processamento: 11-01-2016 16:27:07 Versao EXE.1.0.57 Versao Banco1.0.57
Transmissao de Arquivo => Store: 1 TERMINAL: 1 Envio: System.Net.WebException: The remote name could not be resolved: 'mvconectort001620160104000000020000000001detalhe_reducao_aliquota.rar'
   at System.Net.FtpWebRequest.EndGetRequestStream(IAsyncResult asyncResult)
   at Examples.System.Net.AsynchronousFtpUpLoader.EndGetStreamCallback(IAsyncResult ar) in c:\project vs 2013_home\conectorNew\cupomImport.cs:line 812 Processamento: 11-01-2016 16:27:07 Versao EXE.1.0.57 Versao Banco1.0.57
Transmissao de Arquivo => Store: 1 TERMINAL: 1 Envio: System.Net.WebException: The remote name could not be resolved: 'mvconectorx001120160104000000020000000001detalhe_reducao.rar'
   at System.Net.FtpWebRequest.EndGetRequestStream(IAsyncResult asyncResult)
   at Examples.System.Net.AsynchronousFtpUpLoader.EndGetStreamCallback(IAsyncResult ar) in c:\project vs 2013_home\conectorNew\cupomImport.cs:line 812 Processamento: 11-01-2016 16:27:08 Versao EXE.1.0.57 Versao Banco1.0.57
Transmissao de Arquivo => Store: 1 TERMINAL: 1 Envio: System.Net.WebException: The remote name could not be resolved: 'mvconectorx001320160104000000019900000001detalhe_reducao.rar'
   at System.Net.FtpWebRequest.EndGetRequestStream(IAsyncResult asyncResult)
   at Examples.System.Net.AsynchronousFtpUpLoader.EndGetStreamCallback(IAsyncResult ar) in c:\project vs 2013_home\conectorNew\cupomImport.cs:line 812 Processamento: 11-01-2016 16:27:08 Versao EXE.1.0.57 Versao Banco1.0.57
Transmissao de Arquivo => Store: 1 TERMINAL: 1 Envio: System.Net.WebException: The remote name could not be resolved: 'mvconectorx001320160104000000020000000001detalhe_reducao.rar'
   at System.Net.FtpWebRequest.EndGetRequestStream(IAsyncResult asyncResult)
   at Examples.System.Net.AsynchronousFtpUpLoader.EndGetStreamCallback(IAsyncResult ar) in c:\project vs 2013_home\conectorNew\cupomImport.cs:line 812 Processamento: 11-01-2016 16:27:08 Versao EXE.1.0.57 Versao Banco1.0.57
Transmissao de Arquivo => Store: 1 TERMINAL: 1 Envio: System.Net.WebException: The remote name could not be resolved: 'mvconectorz019920160104000000627600000001movimentodia.rar'
   at System.Net.FtpWebRequest.EndGetRequestStream(IAsyncResult asyncResult)
   at Examples.System.Net.AsynchronousFtpUpLoader.EndGetStreamCallback(IAsyncResult ar) in c:\project vs 2013_home\conectorNew\cupomImport.cs:line 812 Processamento: 11-01-2016 16:27:09 Versao EXE.1.0.57 Versao Banco1.0.57
Transmissao de Arquivo => Store: 1 TERMINAL: 1 Envio: System.Net.WebException: The remote name could not be resolved: 'mvconectorz020020160104000000632300000001movimentodia.rar'
   at System.Net.FtpWebRequest.EndGetRequestStream(IAsyncResult asyncResult)
   at Examples.System.Net.AsynchronousFtpUpLoader.EndGetStreamCallback(IAsyncResult ar) in c:\project vs 2013_home\conectorNew\cupomImport.cs:line 812 Processamento: 11-01-2016 16:27:09 Versao EXE.1.0.57 Versao Banco1.0.57
Transmissao de Arquivo => Store: 1 TERMINAL: 1 Envio: System.Net.WebException: The remote name could not be resolved: 'mvconectorc000020151230000000630800000001cupom_cabecalho.rar'
   at System.Net.FtpWebRequest.EndGetRequestStream(IAsyncResult asyncResult)
   at Examples.System.Net.AsynchronousFtpUpLoader.EndGetStreamCallback(IAsyncResult ar) in c:\project vs 2013_home\conectorNew\cupomImport.cs:line 812 Processamento: 11-01-2016 16:27:09 Versao EXE.1.0.57 Versao Banco1.0.57
Transmissao de Arquivo => Store: 1 TERMINAL: 1 Envio: System.Net.WebException: The remote name could not be resolved: 'mvconectorc000020151230000000630900000001cupom_cabecalho.rar'
   at System.Net.FtpWebRequest.EndGetRequestStream(IAsyncResult asyncResult)
   at Examples.System.Net.AsynchronousFtpUpLoader.EndGetStreamCallback(IAsyncResult ar) in c:\project vs 2013_home\conectorNew\cupomImport.cs:line 812 Processamento: 11-01-2016 16:27:09 Versao EXE.1.0.57 Versao Banco1.0.57
Transmissao de Arquivo => Store: 1 TERMINAL: 1 Envio: System.Net.WebException: The remote name could not be resolved: 'mvconectorc000020151230000000631000000001cupom_cabecalho.rar'
   at System.Net.FtpWebRequest.EndGetRequestStream(IAsyncResult asyncResult)
   at Examples.System.Net.AsynchronousFtpUpLoader.EndGetStreamCallback(IAsyncResult ar) in c:\project vs 2013_home\conectorNew\cupomImport.cs:line 812 Processamento: 11-01-2016 16:27:09 Versao EXE.1.0.57 Versao Banco1.0.57
Transmissao de Arquivo => Store: 