Transmissao de Arquivo => Store: 1 TERMINAL: 1 Envio: C:\conector\Transmissao\MVconectorC000020160126000000646400000001cupom_cabecalho.rar Processamento: 28-01-2016 10:07:38 Versao EXE.1.0.57 Versao Banco1.0.57
Transmissao de Arquivo => Store: 1 TERMINAL: 1 Envio: C:\conector\Transmissao\MVconectorC000020160126000000646500000001cupom_cabecalho.rar Processamento: 28-01-2016 10:07:38 Versao EXE.1.0.57 Versao Banco1.0.57
Transmissao de Arquivo => Store: 1 TERMINAL: 1 Envio: C:\conector\Transmissao\MVconectorC000020160126000000646600000001cupom_cabecalho.rar Processamento: 28-01-2016 10:07:38 Versao EXE.1.0.57 Versao Banco1.0.57
Transmissao de Arquivo => Store: 1 TERMINAL: 1 Envio: C:\conector\Transmissao\MVconectorC000020160126000000646700000001cupom_cabecalho.rar Processamento: 28-01-2016 10:07:38 Versao EXE.1.0.57 Versao Banco1.0.57
Transmissao de Arquivo => Store: 1 TERMINAL: 1 Envio: C:\conector\Transmissao\MVconectorC000020160126000000646800000001cupom_cabecalho.rar Processamento: 28-01-2016 10:07:38 Versao EXE.1.0.57 Versao Banco1.0.57
Transmissao de Arquivo => Store: 1 TERMINAL: 1 Envio: C:\conector\Transmissao\MVconectorC000020160126000000646900000001cupom_cabecalho.rar Processamento: 28-01-2016 10:07:38 Versao EXE.1.0.57 Versao Banco1.0.57
Transmissao de Arquivo => Store: 1 TERMINAL: 1 Envio: C:\conector\Transmissao\MVconectorC000020160126000000647000000001cupom_cabecalho.rar Processamento: 28-01-2016 10:07:38 Versao EXE.1.0.57 Versao Banco1.0.57
Transmissao de Arquivo => Store: 1 TERMINAL: 1 Envio: C:\conector\Transmissao\MVconectorC000020160126000000647100000001cupom_cabecalho.rar Processamento: 28-01-2016 10:07:38 Versao EXE.1.0.57 Versao Banco1.0.57
Transmissao de Arquivo => Store: 1 TERMINAL: 1 Envio: C:\conector\Transmissao\MVconectorC000020160126000000647200000001cupom_cabecalho.rar Processamento: 28-01-2016 10:07:38 Versao EXE.1.0.57 Versao Banco1.0.57
Transmissao de Arquivo => Store: 1 TERMINAL: 1 Envio: C:\conector\Transmissao\MVconectorC000020160126000000647300000001cupom_cabecalho.rar Processamento: 28-01-2016 10:07:38 Versao EXE.1.0.57 Versao Banco1.0.57
Transmissao de Arquivo => Store: 1 TERMINAL: 1 Envio: C:\conector\Transmissao\MVconectorC000020160126000000647400000001cupom_cabecalho.rar Processamento: 28-01-2016 10:07:38 Versao EXE.1.0.57 Versao Banco1.0.57
Transmissao de Arquivo => Store: 1 TERMINAL: 1 Envio: C:\conector\Transmissao\MVconectorC000020160126000000647500000001cupom_cabecalho.rar Processamento: 28-01-2016 10:07:38 Versao EXE.1.0.57 Versao Banco1.0.57
Transmissao de Arquivo => Store: 1 TERMINAL: 1 Envio: C:\conector\Transmissao\MVconectorC000020160126000000647600000001cupom_cabecalho.rar Processamento: 28-01-2016 10:07:38 Versao EXE.1.0.57 Versao Banco1.0.57
Transmissao de Arquivo => Store: 1 TERMINAL: 1 Envio: C:\conector\Transmissao\MVconectorC000020160126000000647700000001cupom_cabecalho.rar Processamento: 28-01-2016 10:07:38 Versao EXE.1.0.57 Versao Banco1.0.57
Transmissao de Arquivo => Store: 1 TERMINAL: 1 Envio: C:\conector\Transmissao\MVconectorC000020160126000000647800000001cupom_cabecalho.rar Processamento: 28-01-2016 10:07:38 Versao EXE.1.0.57 Versao Banco1.0.57
Transmissao de Arquivo => Store: 1 TERMINAL: 1 Envio: C:\conector\Transmissao\MVconectorC000020160126000000647900000001cupom_cabecalho.rar Processamento: 28-01-2016 10:07:38 Versao EXE.1.0.57 Versao Banco1.0.57
Transmissao de Arquivo => Store: 1 TERMINAL: 1 Envio: C:\conector\Transmissao\MVconectorC000020160126000000648000000001cupom_cabecalho.rar Processamento: 28-01-2016 10:07:38 Versao EXE.1.0.57 Versao Banco1.0.57
Transmissao de Arquivo => Store: 1 TERMINAL: 1 Envio: C:\conector\Transmissao\MVconectorC000020160126000000648100000001cupom_cabecalho.rar Processamento: 28-01-2016 10:07:38 Versao EXE.1.0.57 Versao Banco1.0.57
Transmissao de Arquivo => Store: 1 TERMINAL: 1 Envio: C:\conector\Transmissao\MVconectorC000020160126000000648200000001cupom_cabecalho.rar Processamento: 28-01-2016 10:07:38 Versao EXE.1.0.57 Versao Banco1.0.57
Transmissao de Arquivo => Store: 1 TERMINAL: 1 Envio: C:\conector\Transmissao\MVconectorC000020160126000000648300000001cupom_cabecalho.rar Processamento: 28-01-2016 10:07:38 Versao EXE.1.0.57 Versao Banco1.0.57
Transmissao de Arquivo => Store: 1 TERMINAL: 1 Envio: C:\conector\Transmissao\MVconectorC000020160126000000648400000001cupom_cabecalho.rar Processamento: 28-01-2016 10:07:38 Versao EXE.1.0.57 Versao Banco1.0.57
Transmissao de Arquivo => Store: 1 TERMINAL: 1 Envio: C:\conector\Transmissao\MVconectorC000020160126000000648500000001cupom_cabecalho.rar Processamento: 28-01-2016 10:07:38 Versao EXE.1.0.57 Versao Banco1.0.57
Transmissao de Arquivo => Store: 1 TERMINAL: 1 Envio: C:\conector\Transmissao\MVconectorC000020160126000000648600000001cupom_cabecalho.rar Processamento: 28-01-2016 10:07:38 Versao EXE.1.0.57 Versao Banco1.0.57
Transmissao de Arquivo => Store: 1 TERMINAL: 1 Envio: C:\conector\Transmissao\MVconectorC000020160127000000649300000001cupom_cabecalho.rar Processamento: 28-01-2016 10:07:38 Versao EXE.1.0.57 Versao Banco1.0.57
Transmissao de Arquivo => Store: 1 TERMINAL: 1 Envio: C:\conector\Transmissao\MVconectorC000020160127000000649500000001cupom_cabecalho.rar Processamento: 28-01-2016 10:07:38 Versao EXE.1.0.57 Versao Banco1.0.57
Transmissao de Arquivo => Store: 1 TERMINAL: 1 Envio: C:\conector\Transmissao\MVconectorC000020160127000000649700000001cupom_cabecalho.rar Processamento: 28-01-2016 10:07:38 Versao EXE.1.0.57 Versao Banco1.0.57
Transmissao de Arquivo => Store: 1 TERMINAL: 1 Envio: C:\conector\Transmissao\MVconectorC000020160127000000649900000001cupom_cabecalho.rar Processamento: 28-01-2016 10:07:38 Versao EXE.1.0.57 Versao Banco1.0.57
Transmissao de Arquivo => Store: 1 TERMINAL: 1 Envio: C:\conector\Transmissao\MVconectorC000020160127000000650100000001cupom_cabecalho.rar Processamento: 28-01-2016 10:07:38 Versao EXE.1.0.57 Versao Banco1.0.57
Transmissao de Arquivo => Store: 1 TERMINAL: 1 Envio: C:\conector\Transmissao\MVconectorC000020160127000000650300000001cupom_cabecalho.rar Processamento: 28-01-2016 10:07:38 Versao EXE.1.0.57 Versao Banco1.0.57
Transmissao de Arquivo => Store: 1 TERMINAL: 1 Envio: C:\conector\Transmissao\MVconectorC000020160127000000650500000001cupom_cabecalho.rar Processamento: 28-01-2016 10:07:38 Versao EXE.1.0.57 Versao Banco1.0.57
Transmissao de Arquivo => Store: 1 TERMINAL: 1 Envio: C:\conector\Transmissao\MVconectorC000020160127000000650700000001cupom_cabecalho.rar Processamento: 28-01-2016 10:07:38 Versao EXE.1.0.57 Versao Banco1.0.57
Transmissao de Arquivo => Store: 1 TERMINAL: 1 Envio: C:\conector\Transmissao\MVconectorC000020160127000000650900000001cupom_cabecalho.rar Processamento: 28-01-2016 10:07:38 Versao EXE.1.0.57 Versao Banco1.0.57
Transmissao de Arquivo => Store: 1 TERMINAL: 1 Envio: C:\conector\Transmissao\MVconectorC000020160127000000651100000001cupom_cabecalho.rar Processamento: 28-01-2016 10:07:38 Versao EXE.1.0.57 Versao Banco1.0.57
Transmissao de Arquivo => Store: 1 TERMINAL: 1 Envio: C:\conector\Transmissao\MVconectorC000020160127000000651300000001cupom_cabecalho.rar Processamento: 28-01-2016 10:07:38 Versao EXE.1.0.57 Versao Banco1.0.57
Transmissao de Arquivo => Store: 1 TERMINAL: 1 Envio: C:\conector\Transmissao\MVconectorC000020160127000000651500000001cupom_cabecalho.rar Processamento: 28-01-2016 10:07:38 Versao EXE.1.0.57 Versao Banco1.0.57
Transmissao de Arquivo => Store: 1 TERMINAL: 1 Envio: C:\conector\Transmissao\MVconectorC000020160127000000651700000001cupom_cabecalho.rar Processamento: 28-01-2016 10:07:38 Versao EXE.1.0.57 Versao Banco1.0.57
Transmissao de Arquivo => Store: 1 TERMINAL: 1 Envio: C:\conector\Transmissao\MVconectorC000020160127000000651900000001cupom_cabecalho.rar Processamento: 28-01-2016 10:07:38 Versao EXE.1.0.57 Versao Banco1.0.57
Transmissao de Arquivo => Store: 1 TERMINAL: 1 Envio: C:\conector\Transmissao\MVconectorC000020160127000000652900000001cupom_cabecalho.rar Processamento: 28-01-2016 10:07:38 Versao EXE.1.0.57 Versao Banco1.0.57
Transmissao de Arquivo => Store: 1 TERMINAL: 1 Envio: C:\conector\Transmissao\MVconectorC000020160127000000653300000001cupom_cabecalho.rar Processamento: 28-01-2016 10:07:38 Versao EXE.1.0.57 Versao Banco1.0.57
Transmissao de Arquivo => Store: 1 TERMINAL: 1 Envio: C:\conector\Transmissao\MVconectorC000020160127000000653500000001cupom_cabecalho.rar Processamento: 28-01-2016 10:07:38 Versao EXE.1.0.57 Versao Banco1.0.57
Transmissao de Arquivo => Store: 1 TERMINAL: 1 Envio: C:\conector\Transmissao\MVconectorC000020160127000000653800000001cartao.rar Processamento: 28-01-2016 10:07:38 Versao EXE.1.0.57 Versao Banco1.0.57
Transmissao de Arquivo => Store: 1 TERMINAL: 1 Envio: C:\conector\Transmissao\MVconectorC000020160127000000653800000001cupom_cabecalho.rar Processamento: 28-01-2016 10:07:38 Versao EXE.1.0.57 Versao Banco1.0.57
Transmissao de Arquivo => Store: 1 TERMINAL: 1 Envio: C:\conector\Transmissao\MVconectorC000020160127000000654000000001cartao.rar Processamento: 28-01-2016 10:07:38 Versao EXE.1.0.57 Versao Banco1.0.57
Transmissao de Arquivo => Store: 1 TERMINAL: 1 Envio: C:\conector\Transmissao\MVconectorC000020160127000000654000000001cupom_cabecalho.rar Processamento: 28-01-2016 10:07:38 Versao EXE.1.0.57 Versao Banco1.0.57
Transmissao de Arquivo => Store: 1 TERMINAL: 1 Envio: C:\conector\Transmissao\MVconectorC000020160127000000654200000001cupom_cabecalho.rar Processamento: 28-01-2016 10:07:38 Versao EXE.1.0.57 Versao Banco1.0.57
Transmissao de Arquivo => Store: 1 TERMINAL: 1 Envio: C:\conector\Transmissao\MVconectorC000020160127000000654300000001cupom_cabecalho.rar Processamento: 28-01-2016 10:07:38 Versao EXE.1.0.57 Versao Banco1.0.57
Transmissao de Arquivo => Store: 1 TERMINAL: 1 Envio: C:\conector\Transmissao\MVconectorC000020160127000000654400000001cupom_cabecalho.rar Processamento: 28-01-2016 10:07:38 Versao EXE.1.0.57 Versao Banco1.0.57
Transmissao de Arquivo => Store: 1 TERMINAL: 1 Envio: C:\conector\Transmissao\MVconectorC000020160127000000654500000001cupom_cabecalho.rar Processamento: 28-01-2016 10:07:38 Versao EXE.1.0.57 Versao Banco1.0.57
Transmissao de Arquivo => Store: 1 TERMINAL: 1 Envio: C:\conector\Transmissao\MVconectorC000020160127000000654600000001cupom_cabecalho.rar Processamento: 28-01-2016 10:07:38 Versao EXE.1.0.57 Versao Banco1.0.57
Transmissao de Arquivo => Store: 1 TERMINAL: 1 Envio: C:\conector\Transmissao\MVconectorC000020160127000000654700000001cupom_cabecalho.rar Processamento: 28-01-2016 10:07:38 Versao EXE.1.0.57 Versao Banco1.0.57
Transmissao de Arquivo => Store: 1 TERMINAL: 1 Envio: C:\conector\Transmissao\MVconectorC000020160127000000654900000001cupom_cabecalho.rar Processamento: 28-01-2016 10:07:38 Versao EXE.1.0.57 Versao Banco1.0.57
Transmissao de Arquivo => Store: 1 TERMINAL: 1 Envio: C:\conector\Transmissao\MVconectorC000020160127000000655000000001cupom_cabecalho.rar Processamento: 28-01-2016 10:07:38 Versao EXE.1.0.57 Versao Banco1.0.57
Transmissao de Arquivo => Store: 1 TERMINAL: 1 Envio: C:\conector\Transmissao\MVconectorC000020160127000000655100000001cupom_cabecalho.rar Processamento: 28-01-2016 10:07:38 Versao EXE.1.0.57 Versao Banco1.0.57
Transmissao de Arquivo => Store: 1 TERMINAL: 1 Envio: C:\conector\Transmissao\MVconectorC000020160127000000655200000001cupom_cabecalho.rar Processamento: 28-01-2016 10:07:38 Versao EXE.1.0.57 Versao Banco1.0.57
Transmissao de Arquivo => Store: 1 TERMINAL: 1 Envio: C:\conector\Transmissao\MVconectorC000020160127000000655300000001cupom_cabecalho.rar Processamento: 28-01-2016 10:07:38 Versao EXE.1.0.57 Versao Banco1.0.57
Transmissao de Arquivo => Store: 1 TERMINAL: 1 Envio: C:\conector\Transmissao\MVconectorC000020160128000000655800000001cupom_cabecalho.rar Processamento: 28-01-2016 10:07:38 Versao EXE.1.0.57 Versao Banco1.0.57
Transmissao de Arquivo => Store: 1 TERMINAL: 1 Envio: C:\conector\Transmissao\MVconectorC000020160128000000656000000001cupom_cabecalho.rar Processamento: 28-01-2016 10:07:38 Versao EXE.1.0.57 Versao Banco1.0.57
Transmissao de Arquivo => Store: 1 TERMINAL: 1 Envio: C:\conector\Transmissao\MVconectorC000020160128000000656100000001cupom_cabecalho.rar Processamento: 28-01-2016 10:07:38 Versao EXE.1.0.57 Versao Banco1.0.57
Transmissao de Arquivo => Store: 1 TERMINAL: 1 Envio: C:\conector\Transmissao\MVconectorC000020160128000000656600000001cupom_cabecalho.rar Processamento: 28-01-2016 10:07:38 Versao EXE.1.0.57 Versao Banco1.0.57
Transmissao de Arquivo => Store: 1 TERMINAL: 1 Envio: C:\conector\Transmissao\MVconectorC000020160128000000656700000001cupom_cabecalho.rar Processamento: 28-01-2016 10:07:38 Versao EXE.1.0.57 Versao Banco1.0.57
Transmissao de Arquivo => Store: 1 TERMINAL: 1 Envio: C:\conector\Transmissao\MVconectorC000020160128000000656800000001cupom_cabecalho.rar Processamento: 28-01-2016 10:07:38 Versao EXE.1.0.57 Versao Banco1.0.57
Transmissao de Arquivo => Store: 1 TERMINAL: 1 Envio: C:\conector\Transmissao\MVconectorC000020160128000000657000000001cupom_cabecalho.rar Processamento: 28-01-2016 10:07:38 Versao EXE.1.0.57 Versao Banco1.0.57
Transmissao de Arquivo => Store: 1 TERMINAL: 1 Envio: C:\conector\Transmissao\MVconectorD000120160126000000646400000001cupom_detalhes.rar Processamento: 28-01-2016 10:07:38 Versao EXE.1.0.57 Versao Banco1.0.57
Transmissao de Arquivo => Store: 1 TERMINAL: 1 Envio: C:\conector\Transmissao\MVconectorD000120160126000000646500000001cupom_detalhes.rar Processamento: 28-01-2016 10:07:38 Versao EXE.1.0.57 Versao Banco1.0.57
Transmissao de Arquivo => Store: 1 TERMINAL: 1 Envio: C:\conector\Transmissao\MVconectorD000120160126000000646600000001cupom_detalhes.rar Processamento: 28-01-2016 10:07:38 Versao EXE.1.0.57 Versao Banco1.0.57
Transmissao de Arquivo => Store: 1 TERMINAL: 1 Envio: C:\conector\Transmissao\MVconectorD000120160126000000646700000001cupom_detalhes.rar Processamento: 28-01-2016 10:07:38 Versao EXE.1.0.57 Versao Banco1.0.57
Transmissao de Arquivo => Store: 1 TERMINAL: 1 Envio: C:\conector\Transmissao\MVconectorD000120160126000000646800000001cupom_detalhes.rar Processamento: 28-01-2016 10:07:38 Versao EXE.1.0.57 Versao Banco1.0.57
Transmissao de Arquivo => Store: 1 TERMINAL: 1 Envio: C:\conector\Transmissao\MVconectorD000120160126000000646900000001cupom_detalhes.rar Processamento: 28-01-2016 10:07:38 Versao EXE.1.0.57 Versao Banco1.0.57
Transmissao de Arquivo => Store: 1 TERMINAL: 1 Envio: C:\conector\Transmissao\MVconectorD000120160126000000647000000001cupom_detalhes.rar Processamento: 28-01-2016 10:07:38 Versao EXE.1.0.57 Versao Banco1.0.57
Transmissao de Arquivo => Store: 1 TERMINAL: 1 Envio: C:\conector\Transmissao\MVconectorD000120160126000000647100000001cupom_detalhes.rar Processamento: 28-01-2016 10:07:38 Versao EXE.1.0.57 Versao Banco1.0.57
Transmissao de Arquivo => Store: 1 TERMINAL: 1 Envio: C:\conector\Transmissao\MVconectorD000120160126000000647200000001cupom_detalhes.rar Processamento: 28-01-2016 10:07:38 Versao EXE.1.0.57 Versao Banco1.0.57
Transmissao de Arquivo => Store: 1 TERMINAL: 1 Envio: C:\conector\Transmissao\MVconectorD000120160126000000647300000001cupom_detalhes.rar Processamento: 28-01-2016 10:07:38 Versao EXE.1.0.57 Versao Banco1.0.57
Transmissao de Arquivo => Store: 1 TERMINAL: 1 Envio: C:\conector\Transmissao\MVconectorD000120160126000000647400000001cupom_detalhes.rar Processamento: 28-01-2016 10:07:38 Versao EXE.1.0.57 Versao Banco1.0.57
Transmissao de Arquivo => Store: 1 TERMINAL: 1 Envio: C:\conector\Transmissao\MVconectorD000120160126000000647500000001cupom_detalhes.rar Processamento: 28-01-2016 10:07:38 Versao EXE.1.0.57 Versao Banco1.0.57
Transmissao de Arquivo => Store: 1 TERMINAL: 1 Envio: C:\conector\Transmissao\MVconectorD000120160126000000647600000001cupom_detalhes.rar Processamento: 28-01-2016 10:07:38 Versao EXE.1.0.57 Versao Banco1.0.57
Transmissao de Arquivo => Store: 1 TERMINAL: 1 Envio: C:\conector\Transmissao\MVconectorD000120160126000000647700000001cupom_detalhes.rar Processamento: 28-01-2016 10:07:38 Versao EXE.1.0.57 Versao Banco1.0.57
Transmissao de Arquivo => Store: 1 TERMINAL: 1 Envio: C:\conector\Transmissao\MVconectorD000120160126000000647800000001cupom_detalhes.rar Processamento: 28-01-2016 10:07:38 Versao EXE.1.0.57 Versao Banco1.0.57
Transmissao de Arquivo => Store: 1 TERMINAL: 1 Envio: C:\conector\Transmissao\MVconectorD000120160126000000647900000001cupom_detalhes.rar Processamento: 28-01-2016 10:07:38 Versao EXE.1.0.57 Versao Banco1.0.57
Transmissao de Arquivo => Store: 1 TERMINAL: 1 Envio: C:\conector\Transmissao\MVconectorD000120160126000000648000000001cupom_detalhes.rar Processamento: 28-01-2016 10:07:38 Versao EXE.1.0.57 Versao Banco1.0.57
Transmissao de Arquivo => Store: 1 TERMINAL: 1 Envio: C:\conector\Transmissao\MVconectorD000120160126000000648100000001cupom_detalhes.rar Processamento: 28-01-2016 10:07:38 Versao EXE.1.0.57 Versao Banco1.0.57
Transmissao de Arquivo => Store: 1 TERMINAL: 1 Envio: C:\conector\Transmissao\MVconectorD000120160126000000648200000001cupom_detalhes.rar Processamento: 28-01-2016 10:07:38 Versao EXE.1.0.57 Versao Banco1.0.57
Transmissao de Arquivo => Store: 1 TERMINAL: 1 Envio: C:\conector\Transmissao\MVconectorD000120160126000000648300000001cupom_detalhes.rar Processamento: 28-01-2016 10:07:38 Versao EXE.1.0.57 Versao Banco1.0.57
Transmissao de Arquivo => Store: 1 TERMINAL: 1 Envio: C:\conector\Transmissao\MVconectorD000120160126000000648400000001cupom_detalhes.rar Processamento: 28-01-2016 10:07:38 Versao EXE.1.0.57 Versao Banco1.0.57
Transmissao de Arquivo => Store: 1 TERMINAL: 1 Envio: C:\conector\Transmissao\MVconectorD000120160126000000648500000001cupom_detalhes.rar Processamento: 28-01-2016 10:07:38 Versao EXE.1.0.57 Versao Banco1.0.57
Transmissao de Arquivo => Store: 1 TERMINAL: 1 Envio: C:\conector\Transmissao\MVconectorD000120160126000000648600000001cupom_detalhes.rar Processamento: 28-01-2016 10:07:38 Versao EXE.1.0.57 Versao Banco1.0.57
Transmissao de Arquivo => Store: 1 TERMINAL: 1 Envio: C:\conector\Transmissao\MVconectorD000120160127000000649300000001cupom_detalhes.rar Processamento: 28-01-2016 10:07:38 Versao EXE.1.0.57 Versao Banco1.0.57
Transmissao de Arquivo => Store: 1 TERMINAL: 1 Envio: C:\conector\Transmissao\MVconectorD000120160127000000649500000001cupom_detalhes.rar Processamento: 28-01-2016 10:07:38 Versao EXE.1.0.57 Versao Banco1.0.57
Transmissao de Arquivo => Store: 1 TERMINAL: 1 Envio: C:\conector\Transmissao\MVconectorD000120160127000000649700000001cupom_detalhes.rar Processamento: 28-01-2016 10:07:38 Versao EXE.1.0.57 Versao Banco1.0.57
Transmissao de Arquivo => Store: 1 TERMINAL: 1 Envio: C:\conector\Transmissao\MVconectorD000120160127000000649900000001cupom_detalhes.rar Processamento: 28-01-2016 10:07:38 Versao EXE.1.0.57 Versao Banco1.0.57
Transmissao de Arquivo => Store: 1 TERMINAL: 1 Envio: C:\conector\Transmissao\MVconectorD000120160127000000650100000001cupom_detalhes.rar Processamento: 28-01-2016 10:07:38 Versao EXE.1.0.57 Versao Banco1.0.57
Transmissao de Arquivo => Store: 1 TERMINAL: 1 Envio: C:\conector\Transmissao\MVconectorD000120160127000000650300000001cupom_detalhes.rar Processamento: 28-01-2016 10:07:38 Versao EXE.1.0.57 Versao Banco1.0.57
Transmissao de Arquivo => Store: 1 TERMINAL: 1 Envio: C:\conector\Transmissao\MVconectorD000120160127000000650500000001cupom_detalhes.rar Processamento: 28-01-2016 10:07:38 Versao EXE.1.0.57 Versao Banco1.0.57
Transmissao de Arquivo => Store: 1 TERMINAL: 1 Envio: C:\conector\Transmissao\MVconectorD000120160127000000650700000001cupom_detalhes.rar Processamento: 28-01-2016 10:07:38 Versao EXE.1.0.57 Versao Banco1.0.57
Transmissao de Arquivo => Store: 1 TERMINAL: 1 Envio: C:\conector\Transmissao\MVconectorD000120160127000000650900000001cupom_detalhes.rar Processamento: 28-01-2016 10:07:38 Versao EXE.1.0.57 Versao Banco1.0.57
Transmissao de Arquivo => Store: 1 TERMINAL: 1 Envio: C:\conector\Transmissao\MVconectorD000120160127000000651100000001cupom_detalhes.rar Processamento: 28-01-2016 10:07:38 Versao EXE.1.0.57 Versao Banco1.0.57
Transmissao de Arquivo => Store: 1 TERMINAL: 1 Envio: C:\conector\Transmissao\MVconectorD000120160127000000651300000001cupom_detalhes.rar Processamento: 28-01-2016 10:07:38 Versao EXE.1.0.57 Versao Banco1.0.57
Transmissao de Arquivo => Store: 1 TERMINAL: 1 Envio: C:\conector\Transmissao\MVconectorD000120160127000000651500000001cupom_detalhes.rar Processamento: 28-01-2016 10:07:38 Versao EXE.1.0.57 Versao Banco1.0.57
Transmissao de Arquivo => Store: 1 TERMINAL: 1 Envio: C:\conector\Transmissao\MVconectorD000120160127000000651700000001cupom_detalhes.rar Processamento: 28-01-2016 10:07:38 Versao EXE.1.0.57 Versao Banco1.0.57
Transmissao de Arquivo => Store: 1 TERMINAL: 1 Envio: C:\conector\Transmissao\MVconectorD000120160127000000651900000001cupom_detalhes.rar Processamento: 28-01-2016 10:07:38 Versao EXE.1.0.57 Versao Banco1.0.57
Transmissao de Arquivo => Store: 1 TERMINAL: 1 Envio: C:\conector\Transmissao\MVconectorD000120160127000000652900000001cupom_detalhes.rar Processamento: 28-01-2016 10:07:39 Versao EXE.1.0.57 Versao Banco1.0.57
Transmissao de Arquivo => Store: 1 TERMINAL: 1 Envio: C:\conector\Transmissao\MVconectorD000120160127000000653300000001cupom_detalhes.rar Processamento: 28-01-2016 10:07:39 Versao EXE.1.0.57 Versao Banco1.0.57
Transmissao de Arquivo => Store: 1 TERMINAL: 1 Envio: C:\conector\Transmissao\MVconectorD000120160127000000653500000001cupom_detalhes.rar Processamento: 28-01-2016 10:07:39 Versao EXE.1.0.57 Versao Banco1.0.57
Transmissao de Arquivo => Store: 1 TERMINAL: 1 Envio: C:\conector\Transmissao\MVconectorD000120160127000000653800000001cupom_detalhes.rar Processamento: 28-01-2016 10:07:39 Versao EXE.1.0.57 Versao Banco1.0.57
Transmissao de Arquivo => Store: 1 TERMINAL: 1 Envio: C:\conector\Transmissao\MVconectorD000120160127000000654000000001cupom_detalhes.rar Processamento: 28-01-2016 10:07:39 Versao EXE.1.0.57 Versao Banco1.0.57
Transmissao de Arquivo => Store: 1 TERMINAL: 1 Envio: C:\conector\Transmissao\MVconectorD000120160127000000654200000001cupom_detalhes.rar Processamento: 28-01-2016 10:07:39 Versao EXE.1.0.57 Versao Banco1.0.57
Transmissao de Arquivo => Store: 1 TERMINAL: 1 Envio: C:\conector\Transmissao\MVconectorD000120160127000000654300000001cupom_detalhes.rar Processamento: 28-01-2016 10:07:39 Versao EXE.1.0.57 Versao Banco1.0.57
Transmissao de Arquivo => Store: 1 TERMINAL: 1 Envio: C:\conector\Transmissao\MVconectorD000120160127000000654400000001cupom_detalhes.rar Processamento: 28-01-2016 10:07:39 Versao EXE.1.0.57 Versao Banco1.0.57
Transmissao de Arquivo => Store: 1 TERMINAL: 1 Envio: C:\conector\Transmissao\MVconectorD000120160127000000654500000001cupom_detalhes.rar Processamento: 28-01-2016 10:07:39 Versao EXE.1.0.57 Versao Banco1.0.57
Transmissao de Arquivo => Store: 1 TERMINAL: 1 Envio: C:\conector\Transmissao\MVconectorD000120160127000000654600000001cupom_detalhes.rar Processamento: 28-01-2016 10:07:39 Versao EXE.1.0.57 Versao Banco1.0.57
Transmissao de Arquivo => Store: 1 TERMINAL: 1 Envio: C:\conector\Transmissao\MVconectorD000120160127000000654700000001cupom_detalhes.rar Processamento: 28-01-2016 10:07:39 Versao EXE.1.0.57 Versao Banco1.0.57
Transmissao de Arquivo => Store: 1 TERMINAL: 1 Envio: C:\conector\Transmissao\MVconectorD000120160127000000654900000001cupom_detalhes.rar Processamento: 28-01-2016 10:07:39 Versao EXE.1.0.57 Versao Banco1.0.57
Transmissao de Arquivo => Store: 1 TERMINAL: 1 Envio: C:\conector\Transmissao\MVconectorD000120160127000000655000000001cupom_detalhes.rar Processamento: 28-01-2016 10:07:39 Versao EXE.1.0.57 Versao Banco1.0.57
Transmissao de Arquivo => Store: 1 TERMINAL: 1 Envio: C:\conector\Transmissao\MVconectorD000120160127000000655100000001cupom_detalhes.rar Processamento: 28-01-2016 10:07:39 Versao EXE.1.0.57 Versao Banco1.0.57
Transmissao de Arquivo => Store: 1 TERMINAL: 1 Envio: C:\conector\Transmissao\MVconectorD000120160127000000655200000001cupom_detalhes.rar Processamento: 28-01-2016 10:07:39 Versao EXE.1.0.57 Versao Banco1.0.57
Transmissao de Arquivo => Store: 1 TERMINAL: 1 Envio: C:\conector\Transmissao\MVconectorD000120160127000000655300000001cupom_detalhes.rar Processamento: 28-01-2016 10:07:39 Versao EXE.1.0.57 Versao Banco1.0.57
Transmissao de Arquivo => Store: 1 TERMINAL: 1 Envio: C:\conector\Transmissao\MVconectorD000120160128000000655800000001cupom_detalhes.rar Processamento: 28-01-2016 10:07:39 Versao EXE.1.0.57 Versao Banco1.0.57
Transmissao de Arquivo => Store: 1 TERMINAL: 1 Envio: C:\conector\Transmissao\MVconectorD000120160128000000656000000001cupom_detalhes.rar Processamento: 28-01-2016 10:07:39 Versao EXE.1.0.57 Versao Banco1.0.57
Transmissao de Arquivo => Store: 1 TERMINAL: 1 Envio: C:\conector\Transmissao\MVconectorD000120160128000000656100000001cupom_detalhes.rar Processamento: 28-01-2016 10:07:39 Versao EXE.1.0.57 Versao Banco1.0.57
Transmissao de Arquivo => Store: 1 TERMINAL: 1 Envio: C:\conector\Transmissao\MVconectorD000120160128000000656600000001cupom_detalhes.rar Processamento: 28-01-2016 10:07:39 Versao EXE.1.0.57 Versao Banco1.0.57
Transmissao de Arquivo => Store: 1 TERMINAL: 1 Envio: C:\conector\Transmissao\MVconectorD000120160128000000656700000001cupom_detalhes.rar Processamento: 28-01-2016 10:07:39 Versao EXE.1.0.57 Versao Banco1.0.57
Transmissao de Arquivo => Store: 1 TERMINAL: 1 Envio: C:\conector\Transmissao\MVconectorD000120160128000000656800000001cupom_detalhes.rar Processamento: 28-01-2016 10:07:39 Versao EXE.1.0.57 Versao Banco1.0.57
Transmissao de Arquivo => Store: 1 TERMINAL: 1 Envio: C:\conector\Transmissao\MVconectorD000120160128000000657000000001cupom_detalhes.rar Processamento: 28-01-2016 10:07:39 Versao EXE.1.0.57 Versao Banco1.0.57
Transmissao de Arquivo => Store: 1 TERMINAL: 1 Envio: C:\conector\Transmissao\MVconectorD000220160126000000646400000001cupom_detalhes.rar Processamento: 28-01-2016 10:07:39 Versao EXE.1.0.57 Versao Banco1.0.57
Transmissao de Arquivo => Store: 1 TERMINAL: 1 Envio: C:\conector\Transmissao\MVconectorD000220160126000000647500000001cupom_detalhes.rar Processamento: 28-01-2016 10:07:39 Versao EXE.1.0.57 Versao Banco1.0.57
Transmissao de Arquivo => Store: 1 TERMINAL: 1 Envio: C:\conector\Transmissao\MVconectorD000220160126000000647700000001cupom_detalhes.rar Processamento: 28-01-2016 10:07:39 Versao EXE.1.0.57 Versao Banco1.0.57
Transmissao de Arquivo => Store: 1 TERMINAL: 1 Envio: C:\conector\Transmissao\MVconectorD000220160126000000647900000001cupom_detalhes.rar Processamento: 28-01-2016 10:07:39 Versao EXE.1.0.57 Versao Banco1.0.57
Transmissao de Arquivo => Store: 1 TERMINAL: 1 Envio: C:\conector\Transmissao\MVconectorD000220160126000000648100000001cupom_detalhes.rar Processamento: 28-01-2016 10:07:39 Versao EXE.1.0.57 Versao Banco1.0.57
Transmissao de Arquivo => Store: 1 TERMINAL: 1 Envio: C:\conector\Transmissao\MVconectorD000220160126000000648300000001cupom_detalhes.rar Processamento: 28-01-2016 10:07:39 Versao EXE.1.0.57 Versao Banco1.0.57
Transmissao de Arquivo => Store: 1 TERMINAL: 1 Envio: C:\conector\Transmissao\MVconectorD000220160126000000648400000001cupom_detalhes.rar Processamento: 28-01-2016 10:07:39 Versao EXE.1.0.57 Versao Banco1.0.57
Transmissao de Arquivo => Store: 1 TERMINAL: 1 Envio: C:\conector\Transmissao\MVconectorD000220160126000000648600000001cupom_detalhes.rar Processamento: 28-01-2016 10:07:39 Versao EXE.1.0.57 Versao Banco1.0.57
Transmissao de Arquivo => Store: 1 TERMINAL: 1 Envio: C:\conector\Transmissao\MVconectorD000220160127000000650300000001cupom_detalhes.rar Processamento: 28-01-2016 10:07:39 Versao EXE.1.0.57 Versao Banco1.0.57
Transmissao de Arquivo => Store: 1 TERMINAL: 1 Envio: C:\conector\Transmissao\MVconectorD000220160127000000650500000001cupom_detalhes.rar Processamento: 28-01-2016 10:07:39 Versao EXE.1.0.57 Versao Banco1.0.57
Transmissao de Arquivo => Store: 1 TERMINAL: 1 Envio: C:\conector\Transmissao\MVconectorD000220160127000000650700000001cupom_detalhes.rar Processamento: 28-01-2016 10:07:39 Versao EXE.1.0.57 Versao Banco1.0.57
Transmissao de Arquivo => Store: 1 TERMINAL: 1 Envio: C:\conector\Transmissao\MVconectorD000220160127000000651100000001cupom_detalhes.rar Processamento: 28-01-2016 10:07:39 Versao EXE.1.0.57 Versao Banco1.0.57
Transmissao de Arquivo => Store: 1 TERMINAL: 1 Envio: C:\conector\Transmissao\MVconectorD000220160127000000651300000001cupom_detalhes.rar Processamento: 28-01-2016 10:07:39 Versao EXE.1.0.57 Versao Banco1.0.57
Transmissao de Arquivo => Store: 1 TERMINAL: 1 Envio: C:\conector\Transmissao\MVconectorD000220160127000000651900000001cupom_detalhes.rar Processamento: 28-01-2016 10:07:39 Versao EXE.1.0.57 Versao Banco1.0.57
Transmissao de Arquivo => Store: 1 TERMINAL: 1 Envio: C:\conector\Transmissao\MVconectorD000220160127000000653300000001cupom_detalhes.rar Processamento: 28-01-2016 10:07:39 Versao EXE.1.0.57 Versao Banco1.0.57
Transmissao de Arquivo => Store: 1 TERMINAL: 1 Envio: C:\conector\Transmissao\MVconectorD000220160127000000654200000001cupom_detalhes.rar Processamento: 28-01-2016 10:07:39 Versao EXE.1.0.57 Versao Banco1.0.57
Transmissao de Arquivo => Store: 1 TERMINAL: 1 Envio: C:\conector\Transmissao\MVconectorD000220160127000000654500000001cupom_detalhes.rar Processamento: 28-01-2016 10:07:39 Versao EXE.1.0.57 Versao Banco1.0.57
Transmissao de Arquivo => Store: 1 TERMINAL: 1 Envio: C:\conector\Transmissao\MVconectorD000220160127000000654600000001cupom_detalhes.rar Processamento: 28-01-2016 10:07:39 Versao EXE.1.0.57 Versao Banco1.0.57
Transmissao de Arquivo => Store: 1 TERMINAL: 1 Envio: C:\conector\Transmissao\MVconectorD000220160127000000654700000001cupom_detalhes.rar Processamento: 28-01-2016 10:07:39 Versao EXE.1.0.57 Versao Banco1.0.57
Transmissao de Arquivo => Store: 1 TERMINAL: 1 Envio: C:\conector\Transmissao\MVconectorD000220160127000000655000000001cupom_detalhes.rar Processamento: 28-01-2016 10:07:39 Versao EXE.1.0.57 Versao Banco1.0.57
Transmissao de Arquivo => Store: 1 TERMINAL: 1 Envio: C:\conector\Transmissao\MVconectorD000220160127000000655100000001cupom_detalhes.rar Processamento: 28-01-2016 10:07:39 Versao EXE.1.0.57 Versao Banco1.0.57
Transmissao de Arquivo => Store: 1 TERMINAL: 1 Envio: C:\conector\Transmissao\MVconectorD000220160127000000655200000001cupom_detalhes.rar Processamento: 28-01-2016 10:07:39 Versao EXE.1.0.57 Versao Banco1.0.57
Transmissao de Arquivo => Store: 1 TERMINAL: 1 Envio: C:\conector\Transmissao\MVconectorD000220160127000000655300000001cupom_detalhes.rar Processamento: 28-01-2016 10:07:39 Versao EXE.1.0.57 Versao Banco1.0.57
Transmissao de Arquivo => Store: 1 TERMINAL: 1 Envio: C:\conector\Transmissao\MVconectorD000220160128000000655800000001cupom_detalhes.rar Processamento: 28-01-2016 10:07:39 Versao EXE.1.0.57 Versao Banco1.0.57
Transmissao de Arquivo => Store: 1 TERMINAL: 1 Envio: C:\conector\Transmissao\MVconectorD000220160128000000656100000001cupom_detalhes.rar Processamento: 28-01-2016 10:07:39 Versao EXE.1.0.57 Versao Banco1.0.57
Transmissao de Arquivo => Store: 1 TERMINAL: 1 Envio: C:\conector\Transmissao\MVconectorD000320160126000000646400000001cupom_detalhes.rar Processamento: 28-01-2016 10:07:39 Versao EXE.1.0.57 Versao Banco1.0.57
Transmissao de Arquivo => Store: 1 TERMINAL: 1 Envio: C:\conector\Transmissao\MVconectorD000320160126000000647700000001cupom_detalhes.rar Processamento: 28-01-2016 10:07:39 Versao EXE.1.0.57 Versao Banco1.0.57
Transmissao de Arquivo => Store: 1 TERMINAL: 1 Envio: C:\conector\Transmissao\MVconectorD000320160126000000647900000001cupom_detalhes.rar Processamento: 28-01-2016 10:07:39 Versao EXE.1.0.57 Versao Banco1.0.57
Transmissao de Arquivo => Store: 1 TERMINAL: 1 Envio: C:\conector\Transmissao\MVconectorD000320160127000000650500000001cupom_detalhes.rar Processamento: 28-01-2016 10:07:39 Versao EXE.1.0.57 Versao Banco1.0.57
Transmissao de Arquivo => Store: 1 TERMINAL: 1 Envio: C:\conector\Transmissao\MVconectorD000320160127000000651900000001cupom_detalhes.rar Processamento: 28-01-2016 10:07:39 Versao EXE.1.0.57 Versao Banco1.0.57
Transmissao de Arquivo => Store: 1 TERMINAL: 1 Envio: C:\conector\Transmissao\MVconectorD000320160127000000653300000001cupom_detalhes.rar Processamento: 28-01-2016 10:07:39 Versao EXE.1.0.57 Versao Banco1.0.57
Transmissao de Arquivo => Store: 1 TERMINAL: 1 Envio: C:\conector\Transmissao\MVconectorD000320160127000000654500000001cupom_detalhes.rar Processamento: 28-01-2016 10:07:39 Versao EXE.1.0.57 Versao Banco1.0.57
Transmissao de Arquivo => Store: 1 TERMINAL: 1 Envio: C:\conector\Transmissao\MVconectorD000320160127000000655000000001cupom_detalhes.rar Processamento: 28-01-2016 10:07:39 Versao EXE.1.0.57 Versao Banco1.0.57
Transmissao de Arquivo => Store: 1 TERMINAL: 1 Envio: C:\conector\Transmissao\MVconectorD000320160127000000655200000001cupom_detalhes.rar Processamento: 28-01-2016 10:07:39 Versao EXE.1.0.57 Versao Banco1.0.57
Transmissao de Arquivo => Store: 1 TERMINAL: 1 Envio: C:\conector\Transmissao\MVconectorD000320160127000000655300000001cupom_detalhes.rar Processamento: 28-01-2016 10:07:39 Versao EXE.1.0.57 Versao Banco1.0.57
Transmissao de Arquivo => Store: 1 TERMINAL: 1 Envio: C:\conector\Transmissao\MVconectorD000320160128000000656100000001cupom_detalhes.rar Processamento: 28-01-2016 10:07:39 Versao EXE.1.0.57 Versao Banco1.0.57
Transmissao de Arquivo => Store: 1 TERMINAL: 1 Envio: C:\conector\Transmissao\MVconectorD000420160127000000651900000001cupom_detalhes.rar Processamento: 28-01-2016 10:07:39 Versao EXE.1.0.57 Versao Banco1.0.57
Transmissao de Arquivo => Store: 1 TERMINAL: 1 Envio: C:\conector\Transmissao\MVconectorD000420160127000000655000000001cupom_detalhes.rar Processamento: 28-01-2016 10:07:39 Versao EXE.1.0.57 Versao Banco1.0.57
Transmissao de Arquivo => Store: 1 TERMINAL: 1 Envio: C:\conector\Transmissao\MVconectorD000420160127000000655200000001cupom_detalhes.rar Processamento: 28-01-2016 10:07:39 Versao EXE.1.0.57 Versao Banco1.0.57
Transmissao de Arquivo => Store: 1 TERMINAL: 1 Envio: C:\conector\Transmissao\MVconectorD000420160127000000655300000001cupom_detalhes.rar Processamento: 28-01-2016 10:07:39 Versao EXE.1.0.57 Versao Banco1.0.57
Transmissao de Arquivo => Store: 1 TERMINAL: 1 Envio: C:\conector\Transmissao\MVconectorD000420160128000000656100000001cupom_detalhes.rar Processamento: 28-01-2016 10:07:39 Versao EXE.1.0.57 Versao Banco1.0.57
Transmissao de Arquivo => Store: 1 TERMINAL: 1 Envio: C:\conector\Transmissao\MVconectorD000520160127000000655200000001cupom_detalhes.rar Processamento: 28-01-2016 10:07:39 Versao EXE.1.0.57 Versao Banco1.0.57
Transmissao de Arquivo => Store: 1 TERMINAL: 1 Envio: C:\conector\Transmissao\MVconectorD000520160128000000656100000001cupom_detalhes.rar Processamento: 28-01-2016 10:07:39 Versao EXE.1.0.57 Versao Banco1.0.57
Transmissao de Arquivo => Store: 1 TERMINAL: 1 Envio: C:\conector\Transmissao\MVconectorD000620160127000000655200000001cupom_detalhes.rar Processamento: 28-01-2016 10:07:39 Versao EXE.1.0.57 Versao Banco1.0.57
Transmissao de Arquivo => Store: 1 TERMINAL: 1 Envio: C:\conector\Transmissao\MVconectorD000620160128000000656100000001cupom_detalhes.rar Processamento: 28-01-2016 10:07:39 Versao EXE.1.0.57 Versao Banco1.0.57
Transmissao de Arquivo => Store: 1 TERMINAL: 1 Envio: C:\conector\Transmissao\MVconectorD000720160127000000650300000001cupom_detalhes.rar Processamento: 28-01-2016 10:07:39 Versao EXE.1.0.57 Versao Banco1.0.57
Transmissao de Arquivo => Store: 1 TERMINAL: 1 Envio: C:\conector\Transmissao\MVconectorD000720160127000000655200000001cupom_detalhes.rar Processamento: 28-01-2016 10:07:39 Versao EXE.1.0.57 Versao Banco1.0.57
Transmissao de Arquivo => Store: 1 TERMINAL: 1 Envio: C:\conector\Transmissao\MVconectorD000820160127000000655200000001cupom_detalhes.rar Processamento: 28-01-2016 10:07:39 Versao EXE.1.0.57 Versao Banco1.0.57
Transmissao de Arquivo => Store: 1 TERMINAL: 1 Envio: C:\conector\Transmissao\MVconectorF000120160127000000652300000001fechamentoCaixa.rar Processamento: 28-01-2016 10:07:39 Versao EXE.1.0.57 Versao Banco1.0.57
Transmissao de Arquivo => Store: 1 TERMINAL: 1 Envio: C:\conector\Transmissao\MVconectorF000220160126000000648900000001fechamentoCaixa.rar Processamento: 28-01-2016 10:07:39 Versao EXE.1.0.57 Versao Banco1.0.57
Transmissao de Arquivo => Store: 1 TERMINAL: 1 Envio: C:\conector\Transmissao\MVconectorF000220160127000000655300000001fechamentoCaixa.rar Processamento: 28-01-2016 10:07:39 Versao EXE.1.0.57 Versao Banco1.0.57
Transmissao de Arquivo => Store: 1 TERMINAL: 1 Envio: C:\conector\Transmissao\MVconectorM000120160126000000646400000001cupom_movimento.rar Processamento: 28-01-2016 10:07:39 Versao EXE.1.0.57 Versao Banco1.0.57
Transmissao de Arquivo => Store: 1 TERMINAL: 1 Envio: C:\conector\Transmissao\MVconectorM000120160126000000646500000001cupom_movimento.rar Processamento: 28-01-2016 10:07:39 Versao EXE.1.0.57 Versao Banco1.0.57
Transmissao de Arquivo => Store: 1 TERMINAL: 1 Envio: C:\conector\Transmissao\MVconectorM000120160126000000646600000001cupom_movimento.rar Processamento: 28-01-2016 10:07:39 Versao EXE.1.0.57 Versao Banco1.0.57
Transmissao de Arquivo => Store: 1 TERMINAL: 1 Envio: C:\conector\Transmissao\MVconectorM000120160126000000646700000001cupom_movimento.rar Processamento: 28-01-2016 10:07:39 Versao EXE.1.0.57 Versao Banco1.0.57
Transmissao de Arquivo => Store: 1 TERMINAL: 1 Envio: C:\conector\Transmissao\MVconectorM000120160126000000647200000001cupom_movimento.rar Processamento: 28-01-2016 10:07:39 Versao EXE.1.0.57 Versao Banco1.0.57
Transmissao de Arquivo => Store: 1 TERMINAL: 1 Envio: C:\conector\Transmissao\MVconectorM000120160126000000647300000001cupom_movimento.rar Processamento: 28-01-2016 10:07:39 Versao EXE.1.0.57 Versao Banco1.0.57
Transmissao de Arquivo => Store: 1 TERMINAL: 1 Envio: C:\conector\Transmissao\MVconectorM000120160126000000647400000001cupom_movimento.rar Processamento: 28-01-2016 10:07:39 Versao EXE.1.0.57 Versao Banco1.0.57
Transmissao de Arquivo => Store: 1 TERMINAL: 1 Envio: C:\conector\Transmissao\MVconectorM000120160126000000647600000001cupom_movimento.rar Processamento: 28-01-2016 10:07:39 Versao EXE.1.0.57 Versao Banco1.0.57
Transmissao de Arquivo => Store: 1 TERMINAL: 1 Envio: C:\conector\Transmissao\MVconectorM000120160126000000647700000001cupom_movimento.rar Processamento: 28-01-2016 10:07:39 Versao EXE.1.0.57 Versao Banco1.0.57
Transmissao de Arquivo => Store: 1 TERMINAL: 1 Envio: C:\conector\Transmissao\MVconectorM000120160126000000647800000001cupom_movimento.rar Processamento: 28-01-2016 10:07:39 Versao EXE.1.0.57 Versao Banco1.0.57
Transmissao de Arquivo => Store: 1 TERMINAL: 1 Envio: C:\conector\Transmissao\MVconectorM000120160126000000647900000001cupom_movimento.rar Processamento: 28-01-2016 10:07:39 Versao EXE.1.0.57 Versao Banco1.0.57
Transmissao de Arquivo => Store: 1 TERMINAL: 1 Envio: C:\conector\Transmissao\MVconectorM000120160126000000648000000001cupom_movimento.rar Processamento: 28-01-2016 10:07:39 Versao EXE.1.0.57 Versao Banco1.0.57
Transmissao de Arquivo => Store: 1 TERMINAL: 1 Envio: C:\conector\Transmissao\MVconectorM000120160126000000648100000001cupom_movimento.rar Processamento: 28-01-2016 10:07:39 Versao EXE.1.0.57 Versao Banco1.0.57
Transmissao de Arquivo => Store: 1 TERMINAL: 1 Envio: C:\conector\Transmissao\MVconectorM000120160126000000648200000001cupom_movimento.rar Processamento: 28-01-2016 10:07:39 Versao EXE.1.0.57 Versao Banco1.0.57
Transmissao de Arquivo => Store: 1 TERMINAL: 1 Envio: C:\conector\Transmissao\MVconectorM000120160126000000648300000001cupom_movimento.rar Processamento: 28-01-2016 10:07:39 Versao EXE.1.0.57 Versao Banco1.0.57
Transmissao de Arquivo => Store: 1 TERMINAL: 1 Envio: C:\conector\Transmissao\MVconectorM000120160126000000648600000001cupom_movimento.rar Processamento: 28-01-2016 10:07:39 Versao EXE.1.0.57 Versao Banco1.0.57
Transmissao de Arquivo => Store: 1 TERMINAL: 1 Envio: C:\conector\Transmissao\MVconectorM000120160127000000649300000001cupom_movimento.rar Processamento: 28-01-2016 10:07:39 Versao EXE.1.0.57 Versao Banco1.0.57
Transmissao de Arquivo => Store: 1 TERMINAL: 1 Envio: C:\conector\Transmissao\MVconectorM000120160127000000649500000001cupom_movimento.rar Processamento: 28-01-2016 10:07:39 Versao EXE.1.0.57 Versao Banco1.0.57
Transmissao de Arquivo => Store: 1 TERMINAL: 1 Envio: C:\conector\Transmissao\MVconectorM000120160127000000649700000001cupom_movimento.rar Processamento: 28-01-2016 10:07:39 Versao EXE.1.0.57 Versao Banco1.0.57
Transmissao de Arquivo => Store: 1 TERMINAL: 1 Envio: C:\conector\Transmissao\MVconectorM000120160127000000649900000001cupom_movimento.rar Processamento: 28-01-2016 10:07:39 Versao EXE.1.0.57 Versao Banco1.0.57
Transmissao de Arquivo => Store: 1 TERMINAL: 1 Envio: C:\conector\Transmissao\MVconectorM000120160127000000650100000001cupom_movimento.rar Processamento: 28-01-2016 10:07:39 Versao EXE.1.0.57 Versao Banco1.0.57
Transmissao de Arquivo => Store: 1 TERMINAL: 1 Envio: C:\conector\Transmissao\MVconectorM000120160127000000650300000001cupom_movimento.rar Processamento: 28-01-2016 10:07:39 Versao EXE.1.0.57 Versao Banco1.0.57
Transmissao de Arquivo => Store: 1 TERMINAL: 1 Envio: C:\conector\Transmissao\MVconectorM000120160127000000650500000001cupom_movimento.rar Processamento: 28-01-2016 10:07:39 Versao EXE.1.0.57 Versao Banco1.0.57
Transmissao de Arquivo => Store: 1 TERMINAL: 1 Envio: C:\conector\Transmissao\MVconectorM000120160127000000650700000001cupom_movimento.rar Processamento: 28-01-2016 10:07:39 Versao EXE.1.0.57 Versao Banco1.0.57
Transmissao de Arquivo => Store: 1 TERMINAL: 1 Envio: C:\conector\Transmissao\MVconectorM000120160127000000650900000001cupom_movimento.rar Processamento: 28-01-2016 10:07:39 Versao EXE.1.0.57 Versao Banco1.0.57
Transmissao de Arquivo => Store: 1 TERMINAL: 1 Envio: C:\conector\Transmissao\MVconectorM000120160127000000651100000001cupom_movimento.rar Processamento: 28-01-2016 10:07:39 Versao EXE.1.0.57 Versao Banco1.0.57
Transmissao de Arquivo => Store: 1 TERMINAL: 1 Envio: C:\conector\Transmissao\MVconectorM000120160127000000651300000001cupom_movimento.rar Processamento: 28-01-2016 10:07:39 Versao EXE.1.0.57 Versao Banco1.0.57
Transmissao de Arquivo => Store: 1 TERMINAL: 1 Envio: C:\conector\Transmissao\MVconectorM000120160127000000651500000001cupom_movimento.rar Processamento: 28-01-2016 10:07:39 Versao EXE.1.0.57 Versao Banco1.0.57
Transmissao de Arquivo => Store: 1 TERMINAL: 1 Envio: C:\conector\Transmissao\MVconectorM000120160127000000651700000001cupom_movimento.rar Processamento: 28-01-2016 10:07:39 Versao EXE.1.0.57 Versao Banco1.0.57
Transmissao de Arquivo => Store: 1 TERMINAL: 1 Envio: C:\conector\Transmissao\MVconectorM000120160127000000651900000001cupom_movimento.rar Processamento: 28-01-2016 10:07:39 Versao EXE.1.0.57 Versao Banco1.0.57
Transmissao de Arquivo => Store: 1 TERMINAL: 1 Envio: C:\conector\Transmissao\MVconectorM000120160127000000652900000001cupom_movimento.rar Processamento: 28-01-2016 10:07:39 Versao EXE.1.0.57 Versao Banco1.0.57
Transmissao de Arquivo => Store: 1 TERMINAL: 1 Envio: C:\conector\Transmissao\MVconectorM000120160127000000653300000001cupom_movimento.rar Processamento: 28-01-2016 10:07:39 Versao EXE.1.0.57 Versao Banco1.0.57
Transmissao de Arquivo => Store: 1 TERMINAL: 1 Envio: C:\conector\Transmissao\MVconectorM000120160127000000653500000001cupom_movimento.rar Processamento: 28-01-2016 10:07:39 Versao EXE.1.0.57 Versao Banco1.0.57
Transmissao de Arquivo => Store: 1 TERMINAL: 1 Envio: C:\conector\Transmissao\MVconectorM000120160127000000653800000001cupom_movimento.rar Processamento: 28-01-2016 10:07:39 Versao EXE.1.0.57 Versao Banco1.0.57
Transmissao de Arquivo => Store: 1 TERMINAL: 1 Envio: C:\conector\Transmissao\MVconectorM000120160127000000654000000001cupom_movimento.rar Processamento: 28-01-2016 10:07:39 Versao EXE.1.0.57 Versao Banco1.0.57
Transmissao de Arquivo => Store: 1 TERMINAL: 1 Envio: C:\conector\Transmissao\MVconectorM000120160127000000654200000001cupom_movimento.rar Processamento: 28-01-2016 10:07:39 Versao EXE.1.0.57 Versao Banco1.0.57
Transmissao de Arquivo => Store: 1 TERMINAL: 1 Envio: C:\conector\Transmissao\MVconectorM000120160127000000654300000001cupom_movimento.rar Processamento: 28-01-2016 10:07:39 Versao EXE.1.0.57 Versao Banco1.0.57
Transmissao de Arquivo => Store: 1 TERMINAL: 1 Envio: C:\conector\Transmissao\MVconectorM000120160127000000654400000001cupom_movimento.rar Processamento: 28-01-2016 10:07:39 Versao EXE.1.0.57 Versao Banco1.0.57
Transmissao de Arquivo => Store: 1 TERMINAL: 1 Envio: C:\conector\Transmissao\MVconectorM000120160127000000654500000001cupom_movimento.rar Processamento: 28-01-2016 10:07:39 Versao EXE.1.0.57 Versao Banco1.0.57
Transmissao de Arquivo => Store: 1 TERMINAL: 1 Envio: C:\conector\Transmissao\MVconectorM000120160127000000654600000001cupom_movimento.rar Processamento: 28-01-2016 10:07:39 Versao EXE.1.0.57 Versao Banco1.0.57
Transmissao de Arquivo => Store: 1 TERMINAL: 1 Envio: C:\conector\Transmissao\MVconectorM000120160127000000654700000001cupom_movimento.rar Processamento: 28-01-2016 10:07:39 Versao EXE.1.0.57 Versao Banco1.0.57
Transmissao de Arquivo => Store: 1 TERMINAL: 1 Envio: C:\conector\Transmissao\MVconectorM000120160127000000654900000001cupom_movimento.rar Processamento: 28-01-2016 10:07:39 Versao EXE.1.0.57 Versao Banco1.0.57
Transmissao de Arquivo => Store: 1 TERMINAL: 1 Envio: C:\conector\Transmissao\MVconectorM000120160127000000655000000001cupom_movimento.rar Processamento: 28-01-2016 10:07:40 Versao EXE.1.0.57 Versao Banco1.0.57
Transmissao de Arquivo => Store: 1 TERMINAL: 1 Envio: C:\conector\Transmissao\MVconectorM000120160127000000655100000001cupom_movimento.rar Processamento: 28-01-2016 10:07:40 Versao EXE.1.0.57 Versao Banco1.0.57
Transmissao de Arquivo => Store: 1 TERMINAL: 1 Envio: C:\conector\Transmissao\MVconectorM000120160127000000655200000001cupom_movimento.rar Processamento: 28-01-2016 10:07:40 Versao EXE.1.0.57 Versao Banco1.0.57
Transmissao de Arquivo => Store: 1 TERMINAL: 1 Envio: C:\conector\Transmissao\MVconectorM000120160127000000655300000001cupom_movimento.rar Processamento: 28-01-2016 10:07:40 Versao EXE.1.0.57 Versao Banco1.0.57
Transmissao de Arquivo => Store: 1 TERMINAL: 1 Envio: C:\conector\Transmissao\MVconectorM000120160128000000655800000001cupom_movimento.rar Processamento: 28-01-2016 10:07:40 Versao EXE.1.0.57 Versao Banco1.0.57
Transmissao de Arquivo => Store: 1 TERMINAL: 1 Envio: C:\conector\Transmissao\MVconectorM000120160128000000656000000001cupom_movimento.rar Processamento: 28-01-2016 10:07:40 Versao EXE.1.0.57 Versao Banco1.0.57
Transmissao de Arquivo => Store: 1 TERMINAL: 1 Envio: C:\conector\Transmissao\MVconectorM000120160128000000656100000001cupom_movimento.rar Processamento: 28-01-2016 10:07:40 Versao EXE.1.0.57 Versao Banco1.0.57
Transmissao de Arquivo => Store: 1 TERMINAL: 1 Envio: C:\conector\Transmissao\MVconectorM000120160128000000656600000001cupom_movimento.rar Processamento: 28-01-2016 10:07:40 Versao EXE.1.0.57 Versao Banco1.0.57
Transmissao de Arquivo => Store: 1 TERMINAL: 1 Envio: C:\conector\Transmissao\MVconectorM000120160128000000656700000001cupom_movimento.rar Processamento: 28-01-2016 10:07:40 Versao EXE.1.0.57 Versao Banco1.0.57
Transmissao de Arquivo => Store: 1 TERMINAL: 1 Envio: C:\conector\Transmissao\MVconectorM000120160128000000656800000001cupom_movimento.rar Processamento: 28-01-2016 10:07:40 Versao EXE.1.0.57 Versao Banco1.0.57
Transmissao de Arquivo => Store: 1 TERMINAL: 1 Envio: C:\conector\Transmissao\MVconectorM000120160128000000657000000001cupom_movimento.rar Processamento: 28-01-2016 10:07:40 Versao EXE.1.0.57 Versao Banco1.0.57
Transmissao de Arquivo => Store: 1 TERMINAL: 1 Envio: C:\conector\Transmissao\MVconectorM000220160128000000656100000001cupom_movimento.rar Processamento: 28-01-2016 10:07:40 Versao EXE.1.0.57 Versao Banco1.0.57
Transmissao de Arquivo => Store: 1 TERMINAL: 1 Envio: C:\conector\Transmissao\MVconectorM000320160128000000656100000001cupom_movimento.rar Processamento: 28-01-2016 10:07:40 Versao EXE.1.0.57 Versao Banco1.0.57
Transmissao de Arquivo => Store: 1 TERMINAL: 1 Envio: C:\conector\Transmissao\MVconectorT000020160126000000020700000001detalhe_reducao_aliquota.rar Processamento: 28-01-2016 10:07:40 Versao EXE.1.0.57 Versao Banco1.0.57
Transmissao de Arquivo => Store: 1 TERMINAL: 1 Envio: C:\conector\Transmissao\MVconectorT000020160127000000020800000001detalhe_reducao_aliquota.rar Processamento: 28-01-2016 10:07:40 Versao EXE.1.0.57 Versao Banco1.0.57
Transmissao de Arquivo => Store: 1 TERMINAL: 1 Envio: C:\conector\Transmissao\MVconectorT000120160126000000020700000001detalhe_reducao_aliquota.rar Processamento: 28-01-2016 10:07:40 Versao EXE.1.0.57 Versao Banco1.0.57
Transmissao de Arquivo => Store: 1 TERMINAL: 1 Envio: C:\conector\Transmissao\MVconectorT000120160127000000020800000001detalhe_reducao_aliquota.rar Processamento: 28-01-2016 10:07:40 Versao EXE.1.0.57 Versao Banco1.0.57
Transmissao de Arquivo => Store: 1 TERMINAL: 1 Envio: C:\c